[2024-08-18 18:27:21.092 +06:00  DBG]  An 'IServiceProvider' was created for internal use by Entity Framework.
[2024-08-18 18:27:21.323 +06:00  DBG]  Entity Framework Core 8.0.6 initialized 'ApplicationDbContext' using provider 'Microsoft.EntityFrameworkCore.SqlServer:8.0.6' with options: None
[2024-08-18 18:27:21.649 +06:00  DBG]  'ApplicationDbContext' disposed.
[2024-08-18 18:27:34.528 +06:00  DBG]  An 'IServiceProvider' was created for internal use by Entity Framework.
[2024-08-18 18:27:34.726 +06:00  DBG]  Entity Framework Core 8.0.6 initialized 'ApplicationDbContext' using provider 'Microsoft.EntityFrameworkCore.SqlServer:8.0.6' with options: None
[2024-08-18 18:27:34.738 +06:00  DBG]  Creating DbConnection.
[2024-08-18 18:27:34.763 +06:00  DBG]  Created DbConnection. (23ms).
[2024-08-18 18:27:34.764 +06:00  DBG]  Migrating using database 'EFTestDB' on server 'ZIAUL'.
[2024-08-18 18:27:34.767 +06:00  DBG]  Opening connection to database 'EFTestDB' on server 'ZIAUL'.
[2024-08-18 18:27:34.857 +06:00  DBG]  Opened connection to database 'EFTestDB' on server 'ZIAUL'.
[2024-08-18 18:27:34.859 +06:00  DBG]  Creating DbCommand for 'ExecuteNonQuery'.
[2024-08-18 18:27:34.862 +06:00  DBG]  Created DbCommand for 'ExecuteNonQuery' (2ms).
[2024-08-18 18:27:34.863 +06:00  DBG]  Initialized DbCommand for 'ExecuteNonQuery' (4ms).
[2024-08-18 18:27:34.866 +06:00  DBG]  Executing DbCommand [Parameters=[], CommandType='"Text"', CommandTimeout='30']
SELECT 1
[2024-08-18 18:27:34.877 +06:00  INF]  Executed DbCommand (11ms) [Parameters=[], CommandType='"Text"', CommandTimeout='30']
SELECT 1
[2024-08-18 18:27:34.878 +06:00  DBG]  Closing connection to database 'EFTestDB' on server 'ZIAUL'.
[2024-08-18 18:27:34.882 +06:00  DBG]  Closed connection to database 'EFTestDB' on server 'ZIAUL' (1ms).
[2024-08-18 18:27:34.883 +06:00  DBG]  Creating DbCommand for 'ExecuteScalar'.
[2024-08-18 18:27:34.883 +06:00  DBG]  Created DbCommand for 'ExecuteScalar' (0ms).
[2024-08-18 18:27:34.883 +06:00  DBG]  Initialized DbCommand for 'ExecuteScalar' (0ms).
[2024-08-18 18:27:34.883 +06:00  DBG]  Opening connection to database 'EFTestDB' on server 'ZIAUL'.
[2024-08-18 18:27:34.883 +06:00  DBG]  Opened connection to database 'EFTestDB' on server 'ZIAUL'.
[2024-08-18 18:27:34.884 +06:00  DBG]  Executing DbCommand [Parameters=[], CommandType='"Text"', CommandTimeout='30']
SELECT OBJECT_ID(N'[__EFMigrationsHistory]');
[2024-08-18 18:27:34.890 +06:00  INF]  Executed DbCommand (6ms) [Parameters=[], CommandType='"Text"', CommandTimeout='30']
SELECT OBJECT_ID(N'[__EFMigrationsHistory]');
[2024-08-18 18:27:34.890 +06:00  DBG]  Closing connection to database 'EFTestDB' on server 'ZIAUL'.
[2024-08-18 18:27:34.890 +06:00  DBG]  Closed connection to database 'EFTestDB' on server 'ZIAUL' (0ms).
[2024-08-18 18:27:34.890 +06:00  DBG]  Opening connection to database 'EFTestDB' on server 'ZIAUL'.
[2024-08-18 18:27:34.890 +06:00  DBG]  Opened connection to database 'EFTestDB' on server 'ZIAUL'.
[2024-08-18 18:27:34.890 +06:00  DBG]  Creating DbCommand for 'ExecuteNonQuery'.
[2024-08-18 18:27:34.890 +06:00  DBG]  Created DbCommand for 'ExecuteNonQuery' (0ms).
[2024-08-18 18:27:34.890 +06:00  DBG]  Initialized DbCommand for 'ExecuteNonQuery' (0ms).
[2024-08-18 18:27:34.890 +06:00  DBG]  Executing DbCommand [Parameters=[], CommandType='"Text"', CommandTimeout='30']
SELECT 1
[2024-08-18 18:27:34.891 +06:00  INF]  Executed DbCommand (1ms) [Parameters=[], CommandType='"Text"', CommandTimeout='30']
SELECT 1
[2024-08-18 18:27:34.891 +06:00  DBG]  Closing connection to database 'EFTestDB' on server 'ZIAUL'.
[2024-08-18 18:27:34.891 +06:00  DBG]  Closed connection to database 'EFTestDB' on server 'ZIAUL' (0ms).
[2024-08-18 18:27:34.891 +06:00  DBG]  Creating DbCommand for 'ExecuteScalar'.
[2024-08-18 18:27:34.891 +06:00  DBG]  Created DbCommand for 'ExecuteScalar' (0ms).
[2024-08-18 18:27:34.891 +06:00  DBG]  Initialized DbCommand for 'ExecuteScalar' (0ms).
[2024-08-18 18:27:34.891 +06:00  DBG]  Opening connection to database 'EFTestDB' on server 'ZIAUL'.
[2024-08-18 18:27:34.891 +06:00  DBG]  Opened connection to database 'EFTestDB' on server 'ZIAUL'.
[2024-08-18 18:27:34.891 +06:00  DBG]  Executing DbCommand [Parameters=[], CommandType='"Text"', CommandTimeout='30']
SELECT OBJECT_ID(N'[__EFMigrationsHistory]');
[2024-08-18 18:27:34.892 +06:00  INF]  Executed DbCommand (0ms) [Parameters=[], CommandType='"Text"', CommandTimeout='30']
SELECT OBJECT_ID(N'[__EFMigrationsHistory]');
[2024-08-18 18:27:34.892 +06:00  DBG]  Closing connection to database 'EFTestDB' on server 'ZIAUL'.
[2024-08-18 18:27:34.892 +06:00  DBG]  Closed connection to database 'EFTestDB' on server 'ZIAUL' (0ms).
[2024-08-18 18:27:34.900 +06:00  DBG]  Opening connection to database 'EFTestDB' on server 'ZIAUL'.
[2024-08-18 18:27:34.900 +06:00  DBG]  Opened connection to database 'EFTestDB' on server 'ZIAUL'.
[2024-08-18 18:27:34.900 +06:00  DBG]  Creating DbCommand for 'ExecuteReader'.
[2024-08-18 18:27:34.900 +06:00  DBG]  Created DbCommand for 'ExecuteReader' (0ms).
[2024-08-18 18:27:34.900 +06:00  DBG]  Initialized DbCommand for 'ExecuteReader' (0ms).
[2024-08-18 18:27:34.900 +06:00  DBG]  Executing DbCommand [Parameters=[], CommandType='"Text"', CommandTimeout='30']
SELECT [MigrationId], [ProductVersion]
FROM [__EFMigrationsHistory]
ORDER BY [MigrationId];
[2024-08-18 18:27:34.902 +06:00  INF]  Executed DbCommand (2ms) [Parameters=[], CommandType='"Text"', CommandTimeout='30']
SELECT [MigrationId], [ProductVersion]
FROM [__EFMigrationsHistory]
ORDER BY [MigrationId];
[2024-08-18 18:27:34.903 +06:00  DBG]  Closing data reader to 'EFTestDB' on server 'ZIAUL'.
[2024-08-18 18:27:34.904 +06:00  DBG]  A data reader for 'EFTestDB' on server 'ZIAUL' is being disposed after spending 0ms reading results.
[2024-08-18 18:27:34.904 +06:00  DBG]  Closing connection to database 'EFTestDB' on server 'ZIAUL'.
[2024-08-18 18:27:34.904 +06:00  DBG]  Closed connection to database 'EFTestDB' on server 'ZIAUL' (0ms).
[2024-08-18 18:27:34.908 +06:00  INF]  Applying migration '20240818122721_order_model_added'.
[2024-08-18 18:27:34.922 +06:00  DBG]  Opening connection to database 'EFTestDB' on server 'ZIAUL'.
[2024-08-18 18:27:34.922 +06:00  DBG]  Opened connection to database 'EFTestDB' on server 'ZIAUL'.
[2024-08-18 18:27:34.922 +06:00  DBG]  Beginning transaction with isolation level 'Unspecified'.
[2024-08-18 18:27:34.926 +06:00  DBG]  Began transaction with isolation level 'ReadCommitted'.
[2024-08-18 18:27:34.926 +06:00  DBG]  Creating DbCommand for 'ExecuteNonQuery'.
[2024-08-18 18:27:34.926 +06:00  DBG]  Created DbCommand for 'ExecuteNonQuery' (0ms).
[2024-08-18 18:27:34.926 +06:00  DBG]  Initialized DbCommand for 'ExecuteNonQuery' (0ms).
[2024-08-18 18:27:34.926 +06:00  DBG]  Executing DbCommand [Parameters=[], CommandType='"Text"', CommandTimeout='30']
CREATE TABLE [Orders] (
    [Id] int NOT NULL IDENTITY,
    [OrderNo] nvarchar(max) NOT NULL,
    CONSTRAINT [PK_Orders] PRIMARY KEY ([Id])
);
[2024-08-18 18:27:34.933 +06:00  INF]  Executed DbCommand (7ms) [Parameters=[], CommandType='"Text"', CommandTimeout='30']
CREATE TABLE [Orders] (
    [Id] int NOT NULL IDENTITY,
    [OrderNo] nvarchar(max) NOT NULL,
    CONSTRAINT [PK_Orders] PRIMARY KEY ([Id])
);
[2024-08-18 18:27:34.933 +06:00  DBG]  Creating DbCommand for 'ExecuteNonQuery'.
[2024-08-18 18:27:34.933 +06:00  DBG]  Created DbCommand for 'ExecuteNonQuery' (0ms).
[2024-08-18 18:27:34.933 +06:00  DBG]  Initialized DbCommand for 'ExecuteNonQuery' (0ms).
[2024-08-18 18:27:34.933 +06:00  DBG]  Executing DbCommand [Parameters=[], CommandType='"Text"', CommandTimeout='30']
INSERT INTO [__EFMigrationsHistory] ([MigrationId], [ProductVersion])
VALUES (N'20240818122721_order_model_added', N'8.0.6');
[2024-08-18 18:27:34.935 +06:00  INF]  Executed DbCommand (1ms) [Parameters=[], CommandType='"Text"', CommandTimeout='30']
INSERT INTO [__EFMigrationsHistory] ([MigrationId], [ProductVersion])
VALUES (N'20240818122721_order_model_added', N'8.0.6');
[2024-08-18 18:27:34.935 +06:00  DBG]  Committing transaction.
[2024-08-18 18:27:34.937 +06:00  DBG]  Committed transaction.
[2024-08-18 18:27:34.937 +06:00  DBG]  Disposing transaction.
[2024-08-18 18:27:34.937 +06:00  DBG]  Closing connection to database 'EFTestDB' on server 'ZIAUL'.
[2024-08-18 18:27:34.937 +06:00  DBG]  Closed connection to database 'EFTestDB' on server 'ZIAUL' (0ms).
[2024-08-18 18:27:34.938 +06:00  DBG]  'ApplicationDbContext' disposed.
[2024-08-18 18:27:34.939 +06:00  DBG]  Disposing connection to database 'EFTestDB' on server 'ZIAUL'.
[2024-08-18 18:27:34.939 +06:00  DBG]  Disposed connection to database '' on server '' (0ms).
[2024-08-18 18:29:02.600 +06:00  DBG]  An 'IServiceProvider' was created for internal use by Entity Framework.
[2024-08-18 18:29:02.805 +06:00  DBG]  Entity Framework Core 8.0.6 initialized 'ApplicationDbContext' using provider 'Microsoft.EntityFrameworkCore.SqlServer:8.0.6' with options: None
[2024-08-18 18:29:02.988 +06:00  DBG]  Creating DbConnection.
[2024-08-18 18:29:03.003 +06:00  DBG]  Created DbConnection. (13ms).
[2024-08-18 18:29:03.006 +06:00  DBG]  Opening connection to database 'EFTestDB' on server 'ZIAUL'.
[2024-08-18 18:29:03.077 +06:00  DBG]  Opened connection to database 'EFTestDB' on server 'ZIAUL'.
[2024-08-18 18:29:03.080 +06:00  DBG]  Creating DbCommand for 'ExecuteNonQuery'.
[2024-08-18 18:29:03.082 +06:00  DBG]  Created DbCommand for 'ExecuteNonQuery' (2ms).
[2024-08-18 18:29:03.083 +06:00  DBG]  Initialized DbCommand for 'ExecuteNonQuery' (4ms).
[2024-08-18 18:29:03.086 +06:00  DBG]  Executing DbCommand [Parameters=[], CommandType='"Text"', CommandTimeout='30']
SELECT 1
[2024-08-18 18:29:03.097 +06:00  INF]  Executed DbCommand (10ms) [Parameters=[], CommandType='"Text"', CommandTimeout='30']
SELECT 1
[2024-08-18 18:29:03.098 +06:00  DBG]  Closing connection to database 'EFTestDB' on server 'ZIAUL'.
[2024-08-18 18:29:03.102 +06:00  DBG]  Closed connection to database 'EFTestDB' on server 'ZIAUL' (1ms).
[2024-08-18 18:29:03.103 +06:00  DBG]  Creating DbCommand for 'ExecuteScalar'.
[2024-08-18 18:29:03.103 +06:00  DBG]  Created DbCommand for 'ExecuteScalar' (0ms).
[2024-08-18 18:29:03.103 +06:00  DBG]  Initialized DbCommand for 'ExecuteScalar' (0ms).
[2024-08-18 18:29:03.103 +06:00  DBG]  Opening connection to database 'EFTestDB' on server 'ZIAUL'.
[2024-08-18 18:29:03.103 +06:00  DBG]  Opened connection to database 'EFTestDB' on server 'ZIAUL'.
[2024-08-18 18:29:03.103 +06:00  DBG]  Executing DbCommand [Parameters=[], CommandType='"Text"', CommandTimeout='30']
SELECT OBJECT_ID(N'[__EFMigrationsHistory]');
[2024-08-18 18:29:03.109 +06:00  INF]  Executed DbCommand (6ms) [Parameters=[], CommandType='"Text"', CommandTimeout='30']
SELECT OBJECT_ID(N'[__EFMigrationsHistory]');
[2024-08-18 18:29:03.109 +06:00  DBG]  Closing connection to database 'EFTestDB' on server 'ZIAUL'.
[2024-08-18 18:29:03.109 +06:00  DBG]  Closed connection to database 'EFTestDB' on server 'ZIAUL' (0ms).
[2024-08-18 18:29:03.115 +06:00  DBG]  Opening connection to database 'EFTestDB' on server 'ZIAUL'.
[2024-08-18 18:29:03.115 +06:00  DBG]  Opened connection to database 'EFTestDB' on server 'ZIAUL'.
[2024-08-18 18:29:03.115 +06:00  DBG]  Creating DbCommand for 'ExecuteReader'.
[2024-08-18 18:29:03.115 +06:00  DBG]  Created DbCommand for 'ExecuteReader' (0ms).
[2024-08-18 18:29:03.115 +06:00  DBG]  Initialized DbCommand for 'ExecuteReader' (0ms).
[2024-08-18 18:29:03.115 +06:00  DBG]  Executing DbCommand [Parameters=[], CommandType='"Text"', CommandTimeout='30']
SELECT [MigrationId], [ProductVersion]
FROM [__EFMigrationsHistory]
ORDER BY [MigrationId];
[2024-08-18 18:29:03.117 +06:00  INF]  Executed DbCommand (2ms) [Parameters=[], CommandType='"Text"', CommandTimeout='30']
SELECT [MigrationId], [ProductVersion]
FROM [__EFMigrationsHistory]
ORDER BY [MigrationId];
[2024-08-18 18:29:03.118 +06:00  DBG]  Closing data reader to 'EFTestDB' on server 'ZIAUL'.
[2024-08-18 18:29:03.118 +06:00  DBG]  A data reader for 'EFTestDB' on server 'ZIAUL' is being disposed after spending 0ms reading results.
[2024-08-18 18:29:03.118 +06:00  DBG]  Closing connection to database 'EFTestDB' on server 'ZIAUL'.
[2024-08-18 18:29:03.118 +06:00  DBG]  Closed connection to database 'EFTestDB' on server 'ZIAUL' (0ms).
[2024-08-18 18:29:03.119 +06:00  DBG]  'ApplicationDbContext' disposed.
[2024-08-18 18:29:03.120 +06:00  DBG]  Disposing connection to database 'EFTestDB' on server 'ZIAUL'.
[2024-08-18 18:29:03.120 +06:00  DBG]  Disposed connection to database '' on server '' (0ms).
[2024-08-18 18:30:31.331 +06:00  DBG]  An 'IServiceProvider' was created for internal use by Entity Framework.
[2024-08-18 18:30:31.536 +06:00  DBG]  Entity Framework Core 8.0.6 initialized 'ApplicationDbContext' using provider 'Microsoft.EntityFrameworkCore.SqlServer:8.0.6' with options: None
[2024-08-18 18:30:31.732 +06:00  DBG]  Creating DbConnection.
[2024-08-18 18:30:31.747 +06:00  DBG]  Created DbConnection. (13ms).
[2024-08-18 18:30:31.749 +06:00  DBG]  Opening connection to database 'EFTestDB' on server 'ZIAUL'.
[2024-08-18 18:30:31.823 +06:00  DBG]  Opened connection to database 'EFTestDB' on server 'ZIAUL'.
[2024-08-18 18:30:31.826 +06:00  DBG]  Creating DbCommand for 'ExecuteNonQuery'.
[2024-08-18 18:30:31.828 +06:00  DBG]  Created DbCommand for 'ExecuteNonQuery' (2ms).
[2024-08-18 18:30:31.829 +06:00  DBG]  Initialized DbCommand for 'ExecuteNonQuery' (4ms).
[2024-08-18 18:30:31.832 +06:00  DBG]  Executing DbCommand [Parameters=[], CommandType='"Text"', CommandTimeout='30']
SELECT 1
[2024-08-18 18:30:31.843 +06:00  INF]  Executed DbCommand (10ms) [Parameters=[], CommandType='"Text"', CommandTimeout='30']
SELECT 1
[2024-08-18 18:30:31.845 +06:00  DBG]  Closing connection to database 'EFTestDB' on server 'ZIAUL'.
[2024-08-18 18:30:31.848 +06:00  DBG]  Closed connection to database 'EFTestDB' on server 'ZIAUL' (2ms).
[2024-08-18 18:30:31.849 +06:00  DBG]  Creating DbCommand for 'ExecuteScalar'.
[2024-08-18 18:30:31.849 +06:00  DBG]  Created DbCommand for 'ExecuteScalar' (0ms).
[2024-08-18 18:30:31.849 +06:00  DBG]  Initialized DbCommand for 'ExecuteScalar' (0ms).
[2024-08-18 18:30:31.849 +06:00  DBG]  Opening connection to database 'EFTestDB' on server 'ZIAUL'.
[2024-08-18 18:30:31.850 +06:00  DBG]  Opened connection to database 'EFTestDB' on server 'ZIAUL'.
[2024-08-18 18:30:31.850 +06:00  DBG]  Executing DbCommand [Parameters=[], CommandType='"Text"', CommandTimeout='30']
SELECT OBJECT_ID(N'[__EFMigrationsHistory]');
[2024-08-18 18:30:31.856 +06:00  INF]  Executed DbCommand (6ms) [Parameters=[], CommandType='"Text"', CommandTimeout='30']
SELECT OBJECT_ID(N'[__EFMigrationsHistory]');
[2024-08-18 18:30:31.856 +06:00  DBG]  Closing connection to database 'EFTestDB' on server 'ZIAUL'.
[2024-08-18 18:30:31.856 +06:00  DBG]  Closed connection to database 'EFTestDB' on server 'ZIAUL' (0ms).
[2024-08-18 18:30:31.862 +06:00  DBG]  Opening connection to database 'EFTestDB' on server 'ZIAUL'.
[2024-08-18 18:30:31.862 +06:00  DBG]  Opened connection to database 'EFTestDB' on server 'ZIAUL'.
[2024-08-18 18:30:31.862 +06:00  DBG]  Creating DbCommand for 'ExecuteReader'.
[2024-08-18 18:30:31.862 +06:00  DBG]  Created DbCommand for 'ExecuteReader' (0ms).
[2024-08-18 18:30:31.862 +06:00  DBG]  Initialized DbCommand for 'ExecuteReader' (0ms).
[2024-08-18 18:30:31.862 +06:00  DBG]  Executing DbCommand [Parameters=[], CommandType='"Text"', CommandTimeout='30']
SELECT [MigrationId], [ProductVersion]
FROM [__EFMigrationsHistory]
ORDER BY [MigrationId];
[2024-08-18 18:30:31.864 +06:00  INF]  Executed DbCommand (1ms) [Parameters=[], CommandType='"Text"', CommandTimeout='30']
SELECT [MigrationId], [ProductVersion]
FROM [__EFMigrationsHistory]
ORDER BY [MigrationId];
[2024-08-18 18:30:31.865 +06:00  DBG]  Closing data reader to 'EFTestDB' on server 'ZIAUL'.
[2024-08-18 18:30:31.865 +06:00  DBG]  A data reader for 'EFTestDB' on server 'ZIAUL' is being disposed after spending 0ms reading results.
[2024-08-18 18:30:31.865 +06:00  DBG]  Closing connection to database 'EFTestDB' on server 'ZIAUL'.
[2024-08-18 18:30:31.865 +06:00  DBG]  Closed connection to database 'EFTestDB' on server 'ZIAUL' (0ms).
[2024-08-18 18:30:31.866 +06:00  DBG]  'ApplicationDbContext' disposed.
[2024-08-18 18:30:31.867 +06:00  DBG]  Disposing connection to database 'EFTestDB' on server 'ZIAUL'.
[2024-08-18 18:30:31.867 +06:00  DBG]  Disposed connection to database '' on server '' (0ms).
[2024-08-18 18:31:58.169 +06:00  DBG]  An 'IServiceProvider' was created for internal use by Entity Framework.
[2024-08-18 18:31:58.371 +06:00  DBG]  Entity Framework Core 8.0.6 initialized 'ApplicationDbContext' using provider 'Microsoft.EntityFrameworkCore.SqlServer:8.0.6' with options: None
[2024-08-18 18:31:58.559 +06:00  DBG]  Creating DbConnection.
[2024-08-18 18:31:58.573 +06:00  DBG]  Created DbConnection. (13ms).
[2024-08-18 18:31:58.576 +06:00  DBG]  Opening connection to database 'EFTestDB' on server 'ZIAUL'.
[2024-08-18 18:31:58.646 +06:00  DBG]  Opened connection to database 'EFTestDB' on server 'ZIAUL'.
[2024-08-18 18:31:58.649 +06:00  DBG]  Creating DbCommand for 'ExecuteNonQuery'.
[2024-08-18 18:31:58.652 +06:00  DBG]  Created DbCommand for 'ExecuteNonQuery' (2ms).
[2024-08-18 18:31:58.652 +06:00  DBG]  Initialized DbCommand for 'ExecuteNonQuery' (4ms).
[2024-08-18 18:31:58.655 +06:00  DBG]  Executing DbCommand [Parameters=[], CommandType='"Text"', CommandTimeout='30']
SELECT 1
[2024-08-18 18:31:58.666 +06:00  INF]  Executed DbCommand (10ms) [Parameters=[], CommandType='"Text"', CommandTimeout='30']
SELECT 1
[2024-08-18 18:31:58.667 +06:00  DBG]  Closing connection to database 'EFTestDB' on server 'ZIAUL'.
[2024-08-18 18:31:58.671 +06:00  DBG]  Closed connection to database 'EFTestDB' on server 'ZIAUL' (1ms).
[2024-08-18 18:31:58.672 +06:00  DBG]  Creating DbCommand for 'ExecuteScalar'.
[2024-08-18 18:31:58.672 +06:00  DBG]  Created DbCommand for 'ExecuteScalar' (0ms).
[2024-08-18 18:31:58.672 +06:00  DBG]  Initialized DbCommand for 'ExecuteScalar' (0ms).
[2024-08-18 18:31:58.672 +06:00  DBG]  Opening connection to database 'EFTestDB' on server 'ZIAUL'.
[2024-08-18 18:31:58.672 +06:00  DBG]  Opened connection to database 'EFTestDB' on server 'ZIAUL'.
[2024-08-18 18:31:58.673 +06:00  DBG]  Executing DbCommand [Parameters=[], CommandType='"Text"', CommandTimeout='30']
SELECT OBJECT_ID(N'[__EFMigrationsHistory]');
[2024-08-18 18:31:58.678 +06:00  INF]  Executed DbCommand (6ms) [Parameters=[], CommandType='"Text"', CommandTimeout='30']
SELECT OBJECT_ID(N'[__EFMigrationsHistory]');
[2024-08-18 18:31:58.678 +06:00  DBG]  Closing connection to database 'EFTestDB' on server 'ZIAUL'.
[2024-08-18 18:31:58.678 +06:00  DBG]  Closed connection to database 'EFTestDB' on server 'ZIAUL' (0ms).
[2024-08-18 18:31:58.684 +06:00  DBG]  Opening connection to database 'EFTestDB' on server 'ZIAUL'.
[2024-08-18 18:31:58.684 +06:00  DBG]  Opened connection to database 'EFTestDB' on server 'ZIAUL'.
[2024-08-18 18:31:58.684 +06:00  DBG]  Creating DbCommand for 'ExecuteReader'.
[2024-08-18 18:31:58.684 +06:00  DBG]  Created DbCommand for 'ExecuteReader' (0ms).
[2024-08-18 18:31:58.684 +06:00  DBG]  Initialized DbCommand for 'ExecuteReader' (0ms).
[2024-08-18 18:31:58.685 +06:00  DBG]  Executing DbCommand [Parameters=[], CommandType='"Text"', CommandTimeout='30']
SELECT [MigrationId], [ProductVersion]
FROM [__EFMigrationsHistory]
ORDER BY [MigrationId];
[2024-08-18 18:31:58.686 +06:00  INF]  Executed DbCommand (1ms) [Parameters=[], CommandType='"Text"', CommandTimeout='30']
SELECT [MigrationId], [ProductVersion]
FROM [__EFMigrationsHistory]
ORDER BY [MigrationId];
[2024-08-18 18:31:58.687 +06:00  DBG]  Closing data reader to 'EFTestDB' on server 'ZIAUL'.
[2024-08-18 18:31:58.687 +06:00  DBG]  A data reader for 'EFTestDB' on server 'ZIAUL' is being disposed after spending 0ms reading results.
[2024-08-18 18:31:58.687 +06:00  DBG]  Closing connection to database 'EFTestDB' on server 'ZIAUL'.
[2024-08-18 18:31:58.687 +06:00  DBG]  Closed connection to database 'EFTestDB' on server 'ZIAUL' (0ms).
[2024-08-18 18:31:58.688 +06:00  DBG]  Migrating using database 'EFTestDB' on server 'ZIAUL'.
[2024-08-18 18:31:58.688 +06:00  DBG]  Opening connection to database 'EFTestDB' on server 'ZIAUL'.
[2024-08-18 18:31:58.688 +06:00  DBG]  Opened connection to database 'EFTestDB' on server 'ZIAUL'.
[2024-08-18 18:31:58.688 +06:00  DBG]  Creating DbCommand for 'ExecuteNonQuery'.
[2024-08-18 18:31:58.688 +06:00  DBG]  Created DbCommand for 'ExecuteNonQuery' (0ms).
[2024-08-18 18:31:58.688 +06:00  DBG]  Initialized DbCommand for 'ExecuteNonQuery' (0ms).
[2024-08-18 18:31:58.688 +06:00  DBG]  Executing DbCommand [Parameters=[], CommandType='"Text"', CommandTimeout='30']
SELECT 1
[2024-08-18 18:31:58.689 +06:00  INF]  Executed DbCommand (0ms) [Parameters=[], CommandType='"Text"', CommandTimeout='30']
SELECT 1
[2024-08-18 18:31:58.689 +06:00  DBG]  Closing connection to database 'EFTestDB' on server 'ZIAUL'.
[2024-08-18 18:31:58.689 +06:00  DBG]  Closed connection to database 'EFTestDB' on server 'ZIAUL' (0ms).
[2024-08-18 18:31:58.689 +06:00  DBG]  Creating DbCommand for 'ExecuteScalar'.
[2024-08-18 18:31:58.689 +06:00  DBG]  Created DbCommand for 'ExecuteScalar' (0ms).
[2024-08-18 18:31:58.689 +06:00  DBG]  Initialized DbCommand for 'ExecuteScalar' (0ms).
[2024-08-18 18:31:58.689 +06:00  DBG]  Opening connection to database 'EFTestDB' on server 'ZIAUL'.
[2024-08-18 18:31:58.689 +06:00  DBG]  Opened connection to database 'EFTestDB' on server 'ZIAUL'.
[2024-08-18 18:31:58.689 +06:00  DBG]  Executing DbCommand [Parameters=[], CommandType='"Text"', CommandTimeout='30']
SELECT OBJECT_ID(N'[__EFMigrationsHistory]');
[2024-08-18 18:31:58.689 +06:00  INF]  Executed DbCommand (0ms) [Parameters=[], CommandType='"Text"', CommandTimeout='30']
SELECT OBJECT_ID(N'[__EFMigrationsHistory]');
[2024-08-18 18:31:58.689 +06:00  DBG]  Closing connection to database 'EFTestDB' on server 'ZIAUL'.
[2024-08-18 18:31:58.689 +06:00  DBG]  Closed connection to database 'EFTestDB' on server 'ZIAUL' (0ms).
[2024-08-18 18:31:58.689 +06:00  DBG]  Opening connection to database 'EFTestDB' on server 'ZIAUL'.
[2024-08-18 18:31:58.689 +06:00  DBG]  Opened connection to database 'EFTestDB' on server 'ZIAUL'.
[2024-08-18 18:31:58.689 +06:00  DBG]  Creating DbCommand for 'ExecuteNonQuery'.
[2024-08-18 18:31:58.689 +06:00  DBG]  Created DbCommand for 'ExecuteNonQuery' (0ms).
[2024-08-18 18:31:58.689 +06:00  DBG]  Initialized DbCommand for 'ExecuteNonQuery' (0ms).
[2024-08-18 18:31:58.689 +06:00  DBG]  Executing DbCommand [Parameters=[], CommandType='"Text"', CommandTimeout='30']
SELECT 1
[2024-08-18 18:31:58.689 +06:00  INF]  Executed DbCommand (0ms) [Parameters=[], CommandType='"Text"', CommandTimeout='30']
SELECT 1
[2024-08-18 18:31:58.689 +06:00  DBG]  Closing connection to database 'EFTestDB' on server 'ZIAUL'.
[2024-08-18 18:31:58.689 +06:00  DBG]  Closed connection to database 'EFTestDB' on server 'ZIAUL' (0ms).
[2024-08-18 18:31:58.689 +06:00  DBG]  Creating DbCommand for 'ExecuteScalar'.
[2024-08-18 18:31:58.689 +06:00  DBG]  Created DbCommand for 'ExecuteScalar' (0ms).
[2024-08-18 18:31:58.689 +06:00  DBG]  Initialized DbCommand for 'ExecuteScalar' (0ms).
[2024-08-18 18:31:58.689 +06:00  DBG]  Opening connection to database 'EFTestDB' on server 'ZIAUL'.
[2024-08-18 18:31:58.689 +06:00  DBG]  Opened connection to database 'EFTestDB' on server 'ZIAUL'.
[2024-08-18 18:31:58.690 +06:00  DBG]  Executing DbCommand [Parameters=[], CommandType='"Text"', CommandTimeout='30']
SELECT OBJECT_ID(N'[__EFMigrationsHistory]');
[2024-08-18 18:31:58.690 +06:00  INF]  Executed DbCommand (0ms) [Parameters=[], CommandType='"Text"', CommandTimeout='30']
SELECT OBJECT_ID(N'[__EFMigrationsHistory]');
[2024-08-18 18:31:58.690 +06:00  DBG]  Closing connection to database 'EFTestDB' on server 'ZIAUL'.
[2024-08-18 18:31:58.690 +06:00  DBG]  Closed connection to database 'EFTestDB' on server 'ZIAUL' (0ms).
[2024-08-18 18:31:58.690 +06:00  DBG]  Opening connection to database 'EFTestDB' on server 'ZIAUL'.
[2024-08-18 18:31:58.690 +06:00  DBG]  Opened connection to database 'EFTestDB' on server 'ZIAUL'.
[2024-08-18 18:31:58.690 +06:00  DBG]  Creating DbCommand for 'ExecuteReader'.
[2024-08-18 18:31:58.690 +06:00  DBG]  Created DbCommand for 'ExecuteReader' (0ms).
[2024-08-18 18:31:58.690 +06:00  DBG]  Initialized DbCommand for 'ExecuteReader' (0ms).
[2024-08-18 18:31:58.690 +06:00  DBG]  Executing DbCommand [Parameters=[], CommandType='"Text"', CommandTimeout='30']
SELECT [MigrationId], [ProductVersion]
FROM [__EFMigrationsHistory]
ORDER BY [MigrationId];
[2024-08-18 18:31:58.690 +06:00  INF]  Executed DbCommand (0ms) [Parameters=[], CommandType='"Text"', CommandTimeout='30']
SELECT [MigrationId], [ProductVersion]
FROM [__EFMigrationsHistory]
ORDER BY [MigrationId];
[2024-08-18 18:31:58.690 +06:00  DBG]  Closing data reader to 'EFTestDB' on server 'ZIAUL'.
[2024-08-18 18:31:58.690 +06:00  DBG]  A data reader for 'EFTestDB' on server 'ZIAUL' is being disposed after spending 0ms reading results.
[2024-08-18 18:31:58.690 +06:00  DBG]  Closing connection to database 'EFTestDB' on server 'ZIAUL'.
[2024-08-18 18:31:58.690 +06:00  DBG]  Closed connection to database 'EFTestDB' on server 'ZIAUL' (0ms).
[2024-08-18 18:31:58.694 +06:00  INF]  Reverting migration '20240818122721_order_model_added'.
[2024-08-18 18:31:58.701 +06:00  DBG]  Opening connection to database 'EFTestDB' on server 'ZIAUL'.
[2024-08-18 18:31:58.701 +06:00  DBG]  Opened connection to database 'EFTestDB' on server 'ZIAUL'.
[2024-08-18 18:31:58.702 +06:00  DBG]  Beginning transaction with isolation level 'Unspecified'.
[2024-08-18 18:31:58.704 +06:00  DBG]  Began transaction with isolation level 'ReadCommitted'.
[2024-08-18 18:31:58.705 +06:00  DBG]  Creating DbCommand for 'ExecuteNonQuery'.
[2024-08-18 18:31:58.705 +06:00  DBG]  Created DbCommand for 'ExecuteNonQuery' (0ms).
[2024-08-18 18:31:58.705 +06:00  DBG]  Initialized DbCommand for 'ExecuteNonQuery' (0ms).
[2024-08-18 18:31:58.705 +06:00  DBG]  Executing DbCommand [Parameters=[], CommandType='"Text"', CommandTimeout='30']
DROP TABLE [Orders];
[2024-08-18 18:31:58.707 +06:00  INF]  Executed DbCommand (2ms) [Parameters=[], CommandType='"Text"', CommandTimeout='30']
DROP TABLE [Orders];
[2024-08-18 18:31:58.707 +06:00  DBG]  Creating DbCommand for 'ExecuteNonQuery'.
[2024-08-18 18:31:58.707 +06:00  DBG]  Created DbCommand for 'ExecuteNonQuery' (0ms).
[2024-08-18 18:31:58.707 +06:00  DBG]  Initialized DbCommand for 'ExecuteNonQuery' (0ms).
[2024-08-18 18:31:58.707 +06:00  DBG]  Executing DbCommand [Parameters=[], CommandType='"Text"', CommandTimeout='30']
DELETE FROM [__EFMigrationsHistory]
WHERE [MigrationId] = N'20240818122721_order_model_added';
[2024-08-18 18:31:58.708 +06:00  INF]  Executed DbCommand (1ms) [Parameters=[], CommandType='"Text"', CommandTimeout='30']
DELETE FROM [__EFMigrationsHistory]
WHERE [MigrationId] = N'20240818122721_order_model_added';
[2024-08-18 18:31:58.708 +06:00  DBG]  Committing transaction.
[2024-08-18 18:31:58.710 +06:00  DBG]  Committed transaction.
[2024-08-18 18:31:58.710 +06:00  DBG]  Disposing transaction.
[2024-08-18 18:31:58.710 +06:00  DBG]  Closing connection to database 'EFTestDB' on server 'ZIAUL'.
[2024-08-18 18:31:58.710 +06:00  DBG]  Closed connection to database 'EFTestDB' on server 'ZIAUL' (0ms).
[2024-08-18 18:31:58.730 +06:00  DBG]  'ApplicationDbContext' disposed.
[2024-08-18 18:31:58.731 +06:00  DBG]  Disposing connection to database 'EFTestDB' on server 'ZIAUL'.
[2024-08-18 18:31:58.732 +06:00  DBG]  Disposed connection to database '' on server '' (0ms).
