[2024-08-27 20:43:25.308 +06:00  DBG]  Registered model binder providers, in the following order: ["Microsoft.AspNetCore.Mvc.ModelBinding.Binders.BinderTypeModelBinderProvider","Microsoft.AspNetCore.Mvc.ModelBinding.Binders.ServicesModelBinderProvider","Microsoft.AspNetCore.Mvc.ModelBinding.Binders.BodyModelBinderProvider","Microsoft.AspNetCore.Mvc.ModelBinding.Binders.HeaderModelBinderProvider","Microsoft.AspNetCore.Mvc.ModelBinding.Binders.FloatingPointTypeModelBinderProvider","Microsoft.AspNetCore.Mvc.ModelBinding.Binders.EnumTypeModelBinderProvider","Microsoft.AspNetCore.Mvc.ModelBinding.Binders.DateTimeModelBinderProvider","Microsoft.AspNetCore.Mvc.ModelBinding.Binders.SimpleTypeModelBinderProvider","Microsoft.AspNetCore.Mvc.ModelBinding.Binders.TryParseModelBinderProvider","Microsoft.AspNetCore.Mvc.ModelBinding.Binders.CancellationTokenModelBinderProvider","Microsoft.AspNetCore.Mvc.ModelBinding.Binders.ByteArrayModelBinderProvider","Microsoft.AspNetCore.Mvc.ModelBinding.Binders.FormFileModelBinderProvider","Microsoft.AspNetCore.Mvc.ModelBinding.Binders.FormCollectionModelBinderProvider","Microsoft.AspNetCore.Mvc.ModelBinding.Binders.KeyValuePairModelBinderProvider","Microsoft.AspNetCore.Mvc.ModelBinding.Binders.DictionaryModelBinderProvider","Microsoft.AspNetCore.Mvc.ModelBinding.Binders.ArrayModelBinderProvider","Microsoft.AspNetCore.Mvc.ModelBinding.Binders.CollectionModelBinderProvider","Microsoft.AspNetCore.Mvc.ModelBinding.Binders.ComplexObjectModelBinderProvider"]
[2024-08-27 20:43:25.410 +06:00  DBG]  Hosting starting
[2024-08-27 20:43:25.520 +06:00  INF]  User profile is available. Using 'C:\Users\ziaul\AppData\Local\ASP.NET\DataProtection-Keys' as key repository and Windows DPAPI to encrypt keys at rest.
[2024-08-27 20:43:25.524 +06:00  DBG]  Reading data from file 'C:\Users\ziaul\AppData\Local\ASP.NET\DataProtection-Keys\key-1bc457fc-042a-4060-a0e9-138beac0f8e0.xml'.
[2024-08-27 20:43:25.553 +06:00  DBG]  Reading data from file 'C:\Users\ziaul\AppData\Local\ASP.NET\DataProtection-Keys\key-2b0ee0e3-fdef-4e3c-ab91-475912b5cd99.xml'.
[2024-08-27 20:43:25.562 +06:00  DBG]  Reading data from file 'C:\Users\ziaul\AppData\Local\ASP.NET\DataProtection-Keys\key-8f48434d-14d4-4f89-bb9a-009887902b00.xml'.
[2024-08-27 20:43:25.571 +06:00  DBG]  Reading data from file 'C:\Users\ziaul\AppData\Local\ASP.NET\DataProtection-Keys\key-b7be5a74-2930-4c3a-b673-3861e44f1be7.xml'.
[2024-08-27 20:43:25.581 +06:00  DBG]  Found key {1bc457fc-042a-4060-a0e9-138beac0f8e0}.
[2024-08-27 20:43:25.583 +06:00  DBG]  Found key {2b0ee0e3-fdef-4e3c-ab91-475912b5cd99}.
[2024-08-27 20:43:25.583 +06:00  DBG]  Found key {8f48434d-14d4-4f89-bb9a-009887902b00}.
[2024-08-27 20:43:25.583 +06:00  DBG]  Found key {b7be5a74-2930-4c3a-b673-3861e44f1be7}.
[2024-08-27 20:43:25.586 +06:00  DBG]  Considering key {8f48434d-14d4-4f89-bb9a-009887902b00} with expiration date 2024-09-22 14:20:36Z as default key.
[2024-08-27 20:43:25.587 +06:00  DBG]  Forwarded activator type request from Microsoft.AspNetCore.DataProtection.XmlEncryption.DpapiXmlDecryptor, Microsoft.AspNetCore.DataProtection, Version=8.0.0.0, Culture=neutral, PublicKeyToken=adb9793829ddae60 to Microsoft.AspNetCore.DataProtection.XmlEncryption.DpapiXmlDecryptor, Microsoft.AspNetCore.DataProtection, Culture=neutral, PublicKeyToken=adb9793829ddae60
[2024-08-27 20:43:25.588 +06:00  DBG]  Decrypting secret element using Windows DPAPI.
[2024-08-27 20:43:25.589 +06:00  DBG]  Forwarded activator type request from Microsoft.AspNetCore.DataProtection.AuthenticatedEncryption.ConfigurationModel.AuthenticatedEncryptorDescriptorDeserializer, Microsoft.AspNetCore.DataProtection, Version=8.0.0.0, Culture=neutral, PublicKeyToken=adb9793829ddae60 to Microsoft.AspNetCore.DataProtection.AuthenticatedEncryption.ConfigurationModel.AuthenticatedEncryptorDescriptorDeserializer, Microsoft.AspNetCore.DataProtection, Culture=neutral, PublicKeyToken=adb9793829ddae60
[2024-08-27 20:43:25.590 +06:00  DBG]  Opening CNG algorithm 'AES' from provider 'null' with chaining mode CBC.
[2024-08-27 20:43:25.591 +06:00  DBG]  Opening CNG algorithm 'SHA256' from provider 'null' with HMAC.
[2024-08-27 20:43:25.591 +06:00  DBG]  Using key {8f48434d-14d4-4f89-bb9a-009887902b00} as the default key.
[2024-08-27 20:43:25.592 +06:00  DBG]  Key ring with default key {8f48434d-14d4-4f89-bb9a-009887902b00} was loaded during application startup.
[2024-08-27 20:43:25.689 +06:00  DBG]  Loaded hosting startup assembly EntityFrameWorkWithCore
[2024-08-27 20:43:25.689 +06:00  DBG]  Loaded hosting startup assembly Microsoft.AspNetCore.Watch.BrowserRefresh
[2024-08-27 20:43:25.689 +06:00  DBG]  Loaded hosting startup assembly Microsoft.WebTools.BrowserLink.Net
[2024-08-27 20:43:25.689 +06:00  INF]  Application started. Press Ctrl+C to shut down.
[2024-08-27 20:43:25.689 +06:00  INF]  Hosting environment: Development
[2024-08-27 20:43:25.689 +06:00  INF]  Content root path: C:\Users\ziaul\source\repos\EntityFrameWorkWithCore\EntityFrameWorkWithCore
[2024-08-27 20:43:25.689 +06:00  DBG]  Hosting started
[2024-08-27 20:43:25.847 +06:00  INF]  Request starting HTTP/1.1 GET http://localhost:32991/swagger - null null
[2024-08-27 20:43:25.949 +06:00  DBG]  Wildcard detected, all requests with hosts will be allowed.
[2024-08-27 20:43:25.959 +06:00  DBG]  No candidates found for the request path '/swagger'
[2024-08-27 20:43:25.960 +06:00  DBG]  Request did not match any endpoints
[2024-08-27 20:43:26.016 +06:00  DBG]  AuthenticationScheme: Bearer was not authenticated.
[2024-08-27 20:43:26.045 +06:00  INF]  Request finished HTTP/1.1 GET http://localhost:32991/swagger - 404 null null 201.6647ms
[2024-08-27 20:43:26.047 +06:00  INF]  Request reached the end of the middleware pipeline without being handled by application code. Request path: GET http://localhost:32991/swagger, Response status code: 404
[2024-08-27 20:47:08.577 +06:00  DBG]  Registered model binder providers, in the following order: ["Microsoft.AspNetCore.Mvc.ModelBinding.Binders.BinderTypeModelBinderProvider","Microsoft.AspNetCore.Mvc.ModelBinding.Binders.ServicesModelBinderProvider","Microsoft.AspNetCore.Mvc.ModelBinding.Binders.BodyModelBinderProvider","Microsoft.AspNetCore.Mvc.ModelBinding.Binders.HeaderModelBinderProvider","Microsoft.AspNetCore.Mvc.ModelBinding.Binders.FloatingPointTypeModelBinderProvider","Microsoft.AspNetCore.Mvc.ModelBinding.Binders.EnumTypeModelBinderProvider","Microsoft.AspNetCore.Mvc.ModelBinding.Binders.DateTimeModelBinderProvider","Microsoft.AspNetCore.Mvc.ModelBinding.Binders.SimpleTypeModelBinderProvider","Microsoft.AspNetCore.Mvc.ModelBinding.Binders.TryParseModelBinderProvider","Microsoft.AspNetCore.Mvc.ModelBinding.Binders.CancellationTokenModelBinderProvider","Microsoft.AspNetCore.Mvc.ModelBinding.Binders.ByteArrayModelBinderProvider","Microsoft.AspNetCore.Mvc.ModelBinding.Binders.FormFileModelBinderProvider","Microsoft.AspNetCore.Mvc.ModelBinding.Binders.FormCollectionModelBinderProvider","Microsoft.AspNetCore.Mvc.ModelBinding.Binders.KeyValuePairModelBinderProvider","Microsoft.AspNetCore.Mvc.ModelBinding.Binders.DictionaryModelBinderProvider","Microsoft.AspNetCore.Mvc.ModelBinding.Binders.ArrayModelBinderProvider","Microsoft.AspNetCore.Mvc.ModelBinding.Binders.CollectionModelBinderProvider","Microsoft.AspNetCore.Mvc.ModelBinding.Binders.ComplexObjectModelBinderProvider"]
[2024-08-27 20:47:08.627 +06:00  DBG]  Hosting starting
[2024-08-27 20:47:08.647 +06:00  INF]  User profile is available. Using 'C:\Users\ziaul\AppData\Local\ASP.NET\DataProtection-Keys' as key repository and Windows DPAPI to encrypt keys at rest.
[2024-08-27 20:47:08.651 +06:00  DBG]  Reading data from file 'C:\Users\ziaul\AppData\Local\ASP.NET\DataProtection-Keys\key-1bc457fc-042a-4060-a0e9-138beac0f8e0.xml'.
[2024-08-27 20:47:08.657 +06:00  DBG]  Reading data from file 'C:\Users\ziaul\AppData\Local\ASP.NET\DataProtection-Keys\key-2b0ee0e3-fdef-4e3c-ab91-475912b5cd99.xml'.
[2024-08-27 20:47:08.657 +06:00  DBG]  Reading data from file 'C:\Users\ziaul\AppData\Local\ASP.NET\DataProtection-Keys\key-8f48434d-14d4-4f89-bb9a-009887902b00.xml'.
[2024-08-27 20:47:08.657 +06:00  DBG]  Reading data from file 'C:\Users\ziaul\AppData\Local\ASP.NET\DataProtection-Keys\key-b7be5a74-2930-4c3a-b673-3861e44f1be7.xml'.
[2024-08-27 20:47:08.659 +06:00  DBG]  Found key {1bc457fc-042a-4060-a0e9-138beac0f8e0}.
[2024-08-27 20:47:08.660 +06:00  DBG]  Found key {2b0ee0e3-fdef-4e3c-ab91-475912b5cd99}.
[2024-08-27 20:47:08.660 +06:00  DBG]  Found key {8f48434d-14d4-4f89-bb9a-009887902b00}.
[2024-08-27 20:47:08.660 +06:00  DBG]  Found key {b7be5a74-2930-4c3a-b673-3861e44f1be7}.
[2024-08-27 20:47:08.663 +06:00  DBG]  Considering key {8f48434d-14d4-4f89-bb9a-009887902b00} with expiration date 2024-09-22 14:20:36Z as default key.
[2024-08-27 20:47:08.665 +06:00  DBG]  Forwarded activator type request from Microsoft.AspNetCore.DataProtection.XmlEncryption.DpapiXmlDecryptor, Microsoft.AspNetCore.DataProtection, Version=8.0.0.0, Culture=neutral, PublicKeyToken=adb9793829ddae60 to Microsoft.AspNetCore.DataProtection.XmlEncryption.DpapiXmlDecryptor, Microsoft.AspNetCore.DataProtection, Culture=neutral, PublicKeyToken=adb9793829ddae60
[2024-08-27 20:47:08.666 +06:00  DBG]  Decrypting secret element using Windows DPAPI.
[2024-08-27 20:47:08.666 +06:00  DBG]  Forwarded activator type request from Microsoft.AspNetCore.DataProtection.AuthenticatedEncryption.ConfigurationModel.AuthenticatedEncryptorDescriptorDeserializer, Microsoft.AspNetCore.DataProtection, Version=8.0.0.0, Culture=neutral, PublicKeyToken=adb9793829ddae60 to Microsoft.AspNetCore.DataProtection.AuthenticatedEncryption.ConfigurationModel.AuthenticatedEncryptorDescriptorDeserializer, Microsoft.AspNetCore.DataProtection, Culture=neutral, PublicKeyToken=adb9793829ddae60
[2024-08-27 20:47:08.668 +06:00  DBG]  Opening CNG algorithm 'AES' from provider 'null' with chaining mode CBC.
[2024-08-27 20:47:08.668 +06:00  DBG]  Opening CNG algorithm 'SHA256' from provider 'null' with HMAC.
[2024-08-27 20:47:08.669 +06:00  DBG]  Using key {8f48434d-14d4-4f89-bb9a-009887902b00} as the default key.
[2024-08-27 20:47:08.669 +06:00  DBG]  Key ring with default key {8f48434d-14d4-4f89-bb9a-009887902b00} was loaded during application startup.
[2024-08-27 20:47:08.696 +06:00  DBG]  Loaded hosting startup assembly EntityFrameWorkWithCore
[2024-08-27 20:47:08.696 +06:00  DBG]  Loaded hosting startup assembly Microsoft.AspNetCore.Watch.BrowserRefresh
[2024-08-27 20:47:08.696 +06:00  DBG]  Loaded hosting startup assembly Microsoft.WebTools.BrowserLink.Net
[2024-08-27 20:47:08.696 +06:00  INF]  Application started. Press Ctrl+C to shut down.
[2024-08-27 20:47:08.696 +06:00  INF]  Hosting environment: Development
[2024-08-27 20:47:08.696 +06:00  INF]  Content root path: C:\Users\ziaul\source\repos\EntityFrameWorkWithCore\EntityFrameWorkWithCore
[2024-08-27 20:47:08.696 +06:00  DBG]  Hosting started
[2024-08-27 20:47:08.723 +06:00  INF]  Request starting HTTP/1.1 GET http://localhost:32991/swagger - null null
[2024-08-27 20:47:08.784 +06:00  DBG]  Wildcard detected, all requests with hosts will be allowed.
[2024-08-27 20:47:08.796 +06:00  DBG]  No candidates found for the request path '/swagger'
[2024-08-27 20:47:08.796 +06:00  DBG]  Request did not match any endpoints
[2024-08-27 20:47:08.831 +06:00  DBG]  AuthenticationScheme: Bearer was not authenticated.
[2024-08-27 20:47:08.840 +06:00  INF]  Request finished HTTP/1.1 GET http://localhost:32991/swagger - 404 null null 119.4563ms
[2024-08-27 20:47:08.841 +06:00  INF]  Request reached the end of the middleware pipeline without being handled by application code. Request path: GET http://localhost:32991/swagger, Response status code: 404
[2024-08-27 20:47:21.815 +06:00  DBG]  Registered model binder providers, in the following order: ["Microsoft.AspNetCore.Mvc.ModelBinding.Binders.BinderTypeModelBinderProvider","Microsoft.AspNetCore.Mvc.ModelBinding.Binders.ServicesModelBinderProvider","Microsoft.AspNetCore.Mvc.ModelBinding.Binders.BodyModelBinderProvider","Microsoft.AspNetCore.Mvc.ModelBinding.Binders.HeaderModelBinderProvider","Microsoft.AspNetCore.Mvc.ModelBinding.Binders.FloatingPointTypeModelBinderProvider","Microsoft.AspNetCore.Mvc.ModelBinding.Binders.EnumTypeModelBinderProvider","Microsoft.AspNetCore.Mvc.ModelBinding.Binders.DateTimeModelBinderProvider","Microsoft.AspNetCore.Mvc.ModelBinding.Binders.SimpleTypeModelBinderProvider","Microsoft.AspNetCore.Mvc.ModelBinding.Binders.TryParseModelBinderProvider","Microsoft.AspNetCore.Mvc.ModelBinding.Binders.CancellationTokenModelBinderProvider","Microsoft.AspNetCore.Mvc.ModelBinding.Binders.ByteArrayModelBinderProvider","Microsoft.AspNetCore.Mvc.ModelBinding.Binders.FormFileModelBinderProvider","Microsoft.AspNetCore.Mvc.ModelBinding.Binders.FormCollectionModelBinderProvider","Microsoft.AspNetCore.Mvc.ModelBinding.Binders.KeyValuePairModelBinderProvider","Microsoft.AspNetCore.Mvc.ModelBinding.Binders.DictionaryModelBinderProvider","Microsoft.AspNetCore.Mvc.ModelBinding.Binders.ArrayModelBinderProvider","Microsoft.AspNetCore.Mvc.ModelBinding.Binders.CollectionModelBinderProvider","Microsoft.AspNetCore.Mvc.ModelBinding.Binders.ComplexObjectModelBinderProvider"]
[2024-08-27 20:47:21.860 +06:00  DBG]  Hosting starting
[2024-08-27 20:47:21.878 +06:00  INF]  User profile is available. Using 'C:\Users\ziaul\AppData\Local\ASP.NET\DataProtection-Keys' as key repository and Windows DPAPI to encrypt keys at rest.
[2024-08-27 20:47:21.882 +06:00  DBG]  Reading data from file 'C:\Users\ziaul\AppData\Local\ASP.NET\DataProtection-Keys\key-1bc457fc-042a-4060-a0e9-138beac0f8e0.xml'.
[2024-08-27 20:47:21.888 +06:00  DBG]  Reading data from file 'C:\Users\ziaul\AppData\Local\ASP.NET\DataProtection-Keys\key-2b0ee0e3-fdef-4e3c-ab91-475912b5cd99.xml'.
[2024-08-27 20:47:21.888 +06:00  DBG]  Reading data from file 'C:\Users\ziaul\AppData\Local\ASP.NET\DataProtection-Keys\key-8f48434d-14d4-4f89-bb9a-009887902b00.xml'.
[2024-08-27 20:47:21.888 +06:00  DBG]  Reading data from file 'C:\Users\ziaul\AppData\Local\ASP.NET\DataProtection-Keys\key-b7be5a74-2930-4c3a-b673-3861e44f1be7.xml'.
[2024-08-27 20:47:21.890 +06:00  DBG]  Found key {1bc457fc-042a-4060-a0e9-138beac0f8e0}.
[2024-08-27 20:47:21.891 +06:00  DBG]  Found key {2b0ee0e3-fdef-4e3c-ab91-475912b5cd99}.
[2024-08-27 20:47:21.891 +06:00  DBG]  Found key {8f48434d-14d4-4f89-bb9a-009887902b00}.
[2024-08-27 20:47:21.891 +06:00  DBG]  Found key {b7be5a74-2930-4c3a-b673-3861e44f1be7}.
[2024-08-27 20:47:21.894 +06:00  DBG]  Considering key {8f48434d-14d4-4f89-bb9a-009887902b00} with expiration date 2024-09-22 14:20:36Z as default key.
[2024-08-27 20:47:21.895 +06:00  DBG]  Forwarded activator type request from Microsoft.AspNetCore.DataProtection.XmlEncryption.DpapiXmlDecryptor, Microsoft.AspNetCore.DataProtection, Version=8.0.0.0, Culture=neutral, PublicKeyToken=adb9793829ddae60 to Microsoft.AspNetCore.DataProtection.XmlEncryption.DpapiXmlDecryptor, Microsoft.AspNetCore.DataProtection, Culture=neutral, PublicKeyToken=adb9793829ddae60
[2024-08-27 20:47:21.896 +06:00  DBG]  Decrypting secret element using Windows DPAPI.
[2024-08-27 20:47:21.897 +06:00  DBG]  Forwarded activator type request from Microsoft.AspNetCore.DataProtection.AuthenticatedEncryption.ConfigurationModel.AuthenticatedEncryptorDescriptorDeserializer, Microsoft.AspNetCore.DataProtection, Version=8.0.0.0, Culture=neutral, PublicKeyToken=adb9793829ddae60 to Microsoft.AspNetCore.DataProtection.AuthenticatedEncryption.ConfigurationModel.AuthenticatedEncryptorDescriptorDeserializer, Microsoft.AspNetCore.DataProtection, Culture=neutral, PublicKeyToken=adb9793829ddae60
[2024-08-27 20:47:21.898 +06:00  DBG]  Opening CNG algorithm 'AES' from provider 'null' with chaining mode CBC.
[2024-08-27 20:47:21.898 +06:00  DBG]  Opening CNG algorithm 'SHA256' from provider 'null' with HMAC.
[2024-08-27 20:47:21.899 +06:00  DBG]  Using key {8f48434d-14d4-4f89-bb9a-009887902b00} as the default key.
[2024-08-27 20:47:21.899 +06:00  DBG]  Key ring with default key {8f48434d-14d4-4f89-bb9a-009887902b00} was loaded during application startup.
[2024-08-27 20:47:21.988 +06:00  DBG]  Loaded hosting startup assembly EntityFrameWorkWithCore
[2024-08-27 20:47:21.988 +06:00  DBG]  Loaded hosting startup assembly Microsoft.AspNetCore.Watch.BrowserRefresh
[2024-08-27 20:47:21.988 +06:00  DBG]  Loaded hosting startup assembly Microsoft.WebTools.BrowserLink.Net
[2024-08-27 20:47:21.988 +06:00  INF]  Application started. Press Ctrl+C to shut down.
[2024-08-27 20:47:21.988 +06:00  INF]  Hosting environment: Development
[2024-08-27 20:47:21.988 +06:00  INF]  Content root path: C:\Users\ziaul\source\repos\EntityFrameWorkWithCore\EntityFrameWorkWithCore
[2024-08-27 20:47:21.988 +06:00  DBG]  Hosting started
[2024-08-27 20:47:22.014 +06:00  INF]  Request starting HTTP/1.1 GET http://localhost:32991/swagger - null null
[2024-08-27 20:47:22.067 +06:00  DBG]  Wildcard detected, all requests with hosts will be allowed.
[2024-08-27 20:47:22.075 +06:00  DBG]  No candidates found for the request path '/swagger'
[2024-08-27 20:47:22.075 +06:00  DBG]  Request did not match any endpoints
[2024-08-27 20:47:22.108 +06:00  DBG]  AuthenticationScheme: Bearer was not authenticated.
[2024-08-27 20:47:22.124 +06:00  INF]  Request starting HTTP/1.1 GET http://localhost:32991/swagger/index.html - null null
[2024-08-27 20:47:22.125 +06:00  INF]  Request finished HTTP/1.1 GET http://localhost:32991/swagger - 301 null null 113.6758ms
[2024-08-27 20:47:22.128 +06:00  DBG]  No candidates found for the request path '/swagger/index.html'
[2024-08-27 20:47:22.128 +06:00  DBG]  Request did not match any endpoints
[2024-08-27 20:47:22.128 +06:00  DBG]  AuthenticationScheme: Bearer was not authenticated.
[2024-08-27 20:47:22.159 +06:00  DBG]  Response markup is scheduled to include Browser Link script injection.
[2024-08-27 20:47:22.159 +06:00  DBG]  Response markup is scheduled to include browser refresh script injection.
[2024-08-27 20:47:22.165 +06:00  DBG]  Response markup was updated to include Browser Link script injection.
[2024-08-27 20:47:22.165 +06:00  DBG]  Response markup was updated to include browser refresh script injection.
[2024-08-27 20:47:22.165 +06:00  INF]  Request finished HTTP/1.1 GET http://localhost:32991/swagger/index.html - 200 null text/html;charset=utf-8 40.8657ms
[2024-08-27 20:47:22.175 +06:00  INF]  Request starting HTTP/1.1 GET http://localhost:32991/swagger/swagger-ui.css - null null
[2024-08-27 20:47:22.175 +06:00  INF]  Request starting HTTP/1.1 GET http://localhost:32991/swagger/swagger-ui-standalone-preset.js - null null
[2024-08-27 20:47:22.175 +06:00  DBG]  No candidates found for the request path '/swagger/swagger-ui.css'
[2024-08-27 20:47:22.175 +06:00  DBG]  No candidates found for the request path '/swagger/swagger-ui-standalone-preset.js'
[2024-08-27 20:47:22.175 +06:00  DBG]  Request did not match any endpoints
[2024-08-27 20:47:22.175 +06:00  DBG]  Request did not match any endpoints
[2024-08-27 20:47:22.178 +06:00  INF]  Request starting HTTP/1.1 GET http://localhost:32991/swagger/swagger-ui-bundle.js - null null
[2024-08-27 20:47:22.178 +06:00  INF]  Request starting HTTP/1.1 GET http://localhost:32991/_framework/aspnetcore-browser-refresh.js - null null
[2024-08-27 20:47:22.178 +06:00  DBG]  No candidates found for the request path '/swagger/swagger-ui-bundle.js'
[2024-08-27 20:47:22.178 +06:00  DBG]  Request did not match any endpoints
[2024-08-27 20:47:22.180 +06:00  DBG]  AuthenticationScheme: Bearer was not authenticated.
[2024-08-27 20:47:22.180 +06:00  DBG]  AuthenticationScheme: Bearer was not authenticated.
[2024-08-27 20:47:22.180 +06:00  DBG]  AuthenticationScheme: Bearer was not authenticated.
[2024-08-27 20:47:22.181 +06:00  INF]  Request starting HTTP/1.1 GET http://localhost:32991/_vs/browserLink - null null
[2024-08-27 20:47:22.186 +06:00  INF]  Request finished HTTP/1.1 GET http://localhost:32991/_framework/aspnetcore-browser-refresh.js - 200 13782 application/javascript; charset=utf-8 7.223ms
[2024-08-27 20:47:22.203 +06:00  INF]  Sending file. Request path: '/swagger-ui-standalone-preset.js'. Physical path: 'N/A'
[2024-08-27 20:47:22.203 +06:00  INF]  Sending file. Request path: '/swagger-ui.css'. Physical path: 'N/A'
[2024-08-27 20:47:22.204 +06:00  INF]  Request finished HTTP/1.1 GET http://localhost:32991/swagger/swagger-ui.css - 200 143943 text/css 30.2409ms
[2024-08-27 20:47:22.207 +06:00  INF]  Sending file. Request path: '/swagger-ui-bundle.js'. Physical path: 'N/A'
[2024-08-27 20:47:22.211 +06:00  INF]  Request finished HTTP/1.1 GET http://localhost:32991/swagger/swagger-ui-standalone-preset.js - 200 339486 text/javascript 36.5613ms
[2024-08-27 20:47:22.220 +06:00  INF]  Request finished HTTP/1.1 GET http://localhost:32991/swagger/swagger-ui-bundle.js - 200 1096145 text/javascript 41.896ms
[2024-08-27 20:47:22.237 +06:00  INF]  Request finished HTTP/1.1 GET http://localhost:32991/_vs/browserLink - 200 null text/javascript; charset=UTF-8 56.3142ms
[2024-08-27 20:47:22.381 +06:00  INF]  Request starting HTTP/1.1 GET http://localhost:32991/swagger/v1/swagger.json - null null
[2024-08-27 20:47:22.381 +06:00  DBG]  No candidates found for the request path '/swagger/v1/swagger.json'
[2024-08-27 20:47:22.381 +06:00  DBG]  Request did not match any endpoints
[2024-08-27 20:47:22.381 +06:00  DBG]  AuthenticationScheme: Bearer was not authenticated.
[2024-08-27 20:47:22.392 +06:00  INF]  Request starting HTTP/1.1 GET http://localhost:32991/swagger/favicon-32x32.png - null null
[2024-08-27 20:47:22.392 +06:00  DBG]  No candidates found for the request path '/swagger/favicon-32x32.png'
[2024-08-27 20:47:22.392 +06:00  DBG]  Request did not match any endpoints
[2024-08-27 20:47:22.392 +06:00  DBG]  AuthenticationScheme: Bearer was not authenticated.
[2024-08-27 20:47:22.393 +06:00  INF]  Sending file. Request path: '/favicon-32x32.png'. Physical path: 'N/A'
[2024-08-27 20:47:22.394 +06:00  INF]  Request finished HTTP/1.1 GET http://localhost:32991/swagger/favicon-32x32.png - 200 628 image/png 2.1032ms
[2024-08-27 20:47:22.438 +06:00  INF]  Request finished HTTP/1.1 GET http://localhost:32991/swagger/v1/swagger.json - 200 null application/json;charset=utf-8 57.316ms
