[2024-08-10 12:39:20.643 +06:00  DBG]  Registered model binder providers, in the following order: ["Microsoft.AspNetCore.Mvc.ModelBinding.Binders.BinderTypeModelBinderProvider","Microsoft.AspNetCore.Mvc.ModelBinding.Binders.ServicesModelBinderProvider","Microsoft.AspNetCore.Mvc.ModelBinding.Binders.BodyModelBinderProvider","Microsoft.AspNetCore.Mvc.ModelBinding.Binders.HeaderModelBinderProvider","Microsoft.AspNetCore.Mvc.ModelBinding.Binders.FloatingPointTypeModelBinderProvider","Microsoft.AspNetCore.Mvc.ModelBinding.Binders.EnumTypeModelBinderProvider","Microsoft.AspNetCore.Mvc.ModelBinding.Binders.DateTimeModelBinderProvider","Microsoft.AspNetCore.Mvc.ModelBinding.Binders.SimpleTypeModelBinderProvider","Microsoft.AspNetCore.Mvc.ModelBinding.Binders.TryParseModelBinderProvider","Microsoft.AspNetCore.Mvc.ModelBinding.Binders.CancellationTokenModelBinderProvider","Microsoft.AspNetCore.Mvc.ModelBinding.Binders.ByteArrayModelBinderProvider","Microsoft.AspNetCore.Mvc.ModelBinding.Binders.FormFileModelBinderProvider","Microsoft.AspNetCore.Mvc.ModelBinding.Binders.FormCollectionModelBinderProvider","Microsoft.AspNetCore.Mvc.ModelBinding.Binders.KeyValuePairModelBinderProvider","Microsoft.AspNetCore.Mvc.ModelBinding.Binders.DictionaryModelBinderProvider","Microsoft.AspNetCore.Mvc.ModelBinding.Binders.ArrayModelBinderProvider","Microsoft.AspNetCore.Mvc.ModelBinding.Binders.CollectionModelBinderProvider","Microsoft.AspNetCore.Mvc.ModelBinding.Binders.ComplexObjectModelBinderProvider"]
[2024-08-10 12:39:20.726 +06:00  DBG]  Hosting starting
[2024-08-10 12:39:20.837 +06:00  INF]  User profile is available. Using 'C:\Users\ziaul\AppData\Local\ASP.NET\DataProtection-Keys' as key repository and Windows DPAPI to encrypt keys at rest.
[2024-08-10 12:39:20.840 +06:00  DBG]  Reading data from file 'C:\Users\ziaul\AppData\Local\ASP.NET\DataProtection-Keys\key-1bc457fc-042a-4060-a0e9-138beac0f8e0.xml'.
[2024-08-10 12:39:20.850 +06:00  DBG]  Reading data from file 'C:\Users\ziaul\AppData\Local\ASP.NET\DataProtection-Keys\key-2b0ee0e3-fdef-4e3c-ab91-475912b5cd99.xml'.
[2024-08-10 12:39:20.857 +06:00  DBG]  Reading data from file 'C:\Users\ziaul\AppData\Local\ASP.NET\DataProtection-Keys\key-8f48434d-14d4-4f89-bb9a-009887902b00.xml'.
[2024-08-10 12:39:20.863 +06:00  DBG]  Reading data from file 'C:\Users\ziaul\AppData\Local\ASP.NET\DataProtection-Keys\key-b7be5a74-2930-4c3a-b673-3861e44f1be7.xml'.
[2024-08-10 12:39:20.872 +06:00  DBG]  Found key {1bc457fc-042a-4060-a0e9-138beac0f8e0}.
[2024-08-10 12:39:20.874 +06:00  DBG]  Found key {2b0ee0e3-fdef-4e3c-ab91-475912b5cd99}.
[2024-08-10 12:39:20.874 +06:00  DBG]  Found key {8f48434d-14d4-4f89-bb9a-009887902b00}.
[2024-08-10 12:39:20.874 +06:00  DBG]  Found key {b7be5a74-2930-4c3a-b673-3861e44f1be7}.
[2024-08-10 12:39:20.877 +06:00  DBG]  Considering key {8f48434d-14d4-4f89-bb9a-009887902b00} with expiration date 2024-09-22 14:20:36Z as default key.
[2024-08-10 12:39:20.878 +06:00  DBG]  Forwarded activator type request from Microsoft.AspNetCore.DataProtection.XmlEncryption.DpapiXmlDecryptor, Microsoft.AspNetCore.DataProtection, Version=8.0.0.0, Culture=neutral, PublicKeyToken=adb9793829ddae60 to Microsoft.AspNetCore.DataProtection.XmlEncryption.DpapiXmlDecryptor, Microsoft.AspNetCore.DataProtection, Culture=neutral, PublicKeyToken=adb9793829ddae60
[2024-08-10 12:39:20.879 +06:00  DBG]  Decrypting secret element using Windows DPAPI.
[2024-08-10 12:39:20.880 +06:00  DBG]  Forwarded activator type request from Microsoft.AspNetCore.DataProtection.AuthenticatedEncryption.ConfigurationModel.AuthenticatedEncryptorDescriptorDeserializer, Microsoft.AspNetCore.DataProtection, Version=8.0.0.0, Culture=neutral, PublicKeyToken=adb9793829ddae60 to Microsoft.AspNetCore.DataProtection.AuthenticatedEncryption.ConfigurationModel.AuthenticatedEncryptorDescriptorDeserializer, Microsoft.AspNetCore.DataProtection, Culture=neutral, PublicKeyToken=adb9793829ddae60
[2024-08-10 12:39:20.881 +06:00  DBG]  Opening CNG algorithm 'AES' from provider 'null' with chaining mode CBC.
[2024-08-10 12:39:20.882 +06:00  DBG]  Opening CNG algorithm 'SHA256' from provider 'null' with HMAC.
[2024-08-10 12:39:20.882 +06:00  DBG]  Using key {8f48434d-14d4-4f89-bb9a-009887902b00} as the default key.
[2024-08-10 12:39:20.882 +06:00  DBG]  Key ring with default key {8f48434d-14d4-4f89-bb9a-009887902b00} was loaded during application startup.
[2024-08-10 12:39:21.074 +06:00  INF]  Now listening on: http://localhost:5091
[2024-08-10 12:39:21.074 +06:00  DBG]  Loaded hosting startup assembly EntityFrameWorkWithCore
[2024-08-10 12:39:21.074 +06:00  DBG]  Loaded hosting startup assembly Microsoft.AspNetCore.Watch.BrowserRefresh
[2024-08-10 12:39:21.074 +06:00  DBG]  Loaded hosting startup assembly Microsoft.WebTools.BrowserLink.Net
[2024-08-10 12:39:21.074 +06:00  INF]  Application started. Press Ctrl+C to shut down.
[2024-08-10 12:39:21.074 +06:00  INF]  Hosting environment: Staging
[2024-08-10 12:39:21.074 +06:00  INF]  Content root path: C:\Users\ziaul\source\repos\EntityFrameWorkWithCore\EntityFrameWorkWithCore
[2024-08-10 12:39:21.074 +06:00  DBG]  Hosting started
[2024-08-10 12:39:21.373 +06:00  DBG]  Connection id "0HN5P0SLCP8BM" accepted.
[2024-08-10 12:39:21.373 +06:00  DBG]  Connection id "0HN5P0SLCP8BL" accepted.
[2024-08-10 12:39:21.374 +06:00  DBG]  Connection id "0HN5P0SLCP8BM" started.
[2024-08-10 12:39:21.374 +06:00  DBG]  Connection id "0HN5P0SLCP8BL" started.
[2024-08-10 12:39:21.754 +06:00  DBG]  Connection id "0HN5P0SLCP8BN" accepted.
[2024-08-10 12:39:21.754 +06:00  DBG]  Connection id "0HN5P0SLCP8BN" started.
[2024-08-10 12:39:21.755 +06:00  DBG]  Connection id "0HN5P0SLCP8BO" accepted.
[2024-08-10 12:39:21.755 +06:00  DBG]  Connection id "0HN5P0SLCP8BO" started.
[2024-08-10 12:39:21.807 +06:00  INF]  Request starting HTTP/1.1 GET http://localhost:5091/swagger/index.html - null null
[2024-08-10 12:39:21.949 +06:00  DBG]  Wildcard detected, all requests with hosts will be allowed.
[2024-08-10 12:39:21.962 +06:00  DBG]  No candidates found for the request path '/swagger/index.html'
[2024-08-10 12:39:21.962 +06:00  DBG]  Request did not match any endpoints
[2024-08-10 12:39:22.028 +06:00  DBG]  AuthenticationScheme: Bearer was not authenticated.
[2024-08-10 12:39:22.056 +06:00  DBG]  Connection id "0HN5P0SLCP8BN" completed keep alive response.
[2024-08-10 12:39:22.057 +06:00  INF]  Request finished HTTP/1.1 GET http://localhost:5091/swagger/index.html - 404 0 null 253.6513ms
[2024-08-10 12:39:22.058 +06:00  INF]  Request reached the end of the middleware pipeline without being handled by application code. Request path: GET http://localhost:5091/swagger/index.html, Response status code: 404
[2024-08-10 12:39:37.376 +06:00  DBG]  Registered model binder providers, in the following order: ["Microsoft.AspNetCore.Mvc.ModelBinding.Binders.BinderTypeModelBinderProvider","Microsoft.AspNetCore.Mvc.ModelBinding.Binders.ServicesModelBinderProvider","Microsoft.AspNetCore.Mvc.ModelBinding.Binders.BodyModelBinderProvider","Microsoft.AspNetCore.Mvc.ModelBinding.Binders.HeaderModelBinderProvider","Microsoft.AspNetCore.Mvc.ModelBinding.Binders.FloatingPointTypeModelBinderProvider","Microsoft.AspNetCore.Mvc.ModelBinding.Binders.EnumTypeModelBinderProvider","Microsoft.AspNetCore.Mvc.ModelBinding.Binders.DateTimeModelBinderProvider","Microsoft.AspNetCore.Mvc.ModelBinding.Binders.SimpleTypeModelBinderProvider","Microsoft.AspNetCore.Mvc.ModelBinding.Binders.TryParseModelBinderProvider","Microsoft.AspNetCore.Mvc.ModelBinding.Binders.CancellationTokenModelBinderProvider","Microsoft.AspNetCore.Mvc.ModelBinding.Binders.ByteArrayModelBinderProvider","Microsoft.AspNetCore.Mvc.ModelBinding.Binders.FormFileModelBinderProvider","Microsoft.AspNetCore.Mvc.ModelBinding.Binders.FormCollectionModelBinderProvider","Microsoft.AspNetCore.Mvc.ModelBinding.Binders.KeyValuePairModelBinderProvider","Microsoft.AspNetCore.Mvc.ModelBinding.Binders.DictionaryModelBinderProvider","Microsoft.AspNetCore.Mvc.ModelBinding.Binders.ArrayModelBinderProvider","Microsoft.AspNetCore.Mvc.ModelBinding.Binders.CollectionModelBinderProvider","Microsoft.AspNetCore.Mvc.ModelBinding.Binders.ComplexObjectModelBinderProvider"]
[2024-08-10 12:39:37.428 +06:00  DBG]  Hosting starting
[2024-08-10 12:39:37.450 +06:00  INF]  User profile is available. Using 'C:\Users\ziaul\AppData\Local\ASP.NET\DataProtection-Keys' as key repository and Windows DPAPI to encrypt keys at rest.
[2024-08-10 12:39:37.455 +06:00  DBG]  Reading data from file 'C:\Users\ziaul\AppData\Local\ASP.NET\DataProtection-Keys\key-1bc457fc-042a-4060-a0e9-138beac0f8e0.xml'.
[2024-08-10 12:39:37.461 +06:00  DBG]  Reading data from file 'C:\Users\ziaul\AppData\Local\ASP.NET\DataProtection-Keys\key-2b0ee0e3-fdef-4e3c-ab91-475912b5cd99.xml'.
[2024-08-10 12:39:37.461 +06:00  DBG]  Reading data from file 'C:\Users\ziaul\AppData\Local\ASP.NET\DataProtection-Keys\key-8f48434d-14d4-4f89-bb9a-009887902b00.xml'.
[2024-08-10 12:39:37.462 +06:00  DBG]  Reading data from file 'C:\Users\ziaul\AppData\Local\ASP.NET\DataProtection-Keys\key-b7be5a74-2930-4c3a-b673-3861e44f1be7.xml'.
[2024-08-10 12:39:37.464 +06:00  DBG]  Found key {1bc457fc-042a-4060-a0e9-138beac0f8e0}.
[2024-08-10 12:39:37.465 +06:00  DBG]  Found key {2b0ee0e3-fdef-4e3c-ab91-475912b5cd99}.
[2024-08-10 12:39:37.465 +06:00  DBG]  Found key {8f48434d-14d4-4f89-bb9a-009887902b00}.
[2024-08-10 12:39:37.466 +06:00  DBG]  Found key {b7be5a74-2930-4c3a-b673-3861e44f1be7}.
[2024-08-10 12:39:37.469 +06:00  DBG]  Considering key {8f48434d-14d4-4f89-bb9a-009887902b00} with expiration date 2024-09-22 14:20:36Z as default key.
[2024-08-10 12:39:37.471 +06:00  DBG]  Forwarded activator type request from Microsoft.AspNetCore.DataProtection.XmlEncryption.DpapiXmlDecryptor, Microsoft.AspNetCore.DataProtection, Version=8.0.0.0, Culture=neutral, PublicKeyToken=adb9793829ddae60 to Microsoft.AspNetCore.DataProtection.XmlEncryption.DpapiXmlDecryptor, Microsoft.AspNetCore.DataProtection, Culture=neutral, PublicKeyToken=adb9793829ddae60
[2024-08-10 12:39:37.473 +06:00  DBG]  Decrypting secret element using Windows DPAPI.
[2024-08-10 12:39:37.474 +06:00  DBG]  Forwarded activator type request from Microsoft.AspNetCore.DataProtection.AuthenticatedEncryption.ConfigurationModel.AuthenticatedEncryptorDescriptorDeserializer, Microsoft.AspNetCore.DataProtection, Version=8.0.0.0, Culture=neutral, PublicKeyToken=adb9793829ddae60 to Microsoft.AspNetCore.DataProtection.AuthenticatedEncryption.ConfigurationModel.AuthenticatedEncryptorDescriptorDeserializer, Microsoft.AspNetCore.DataProtection, Culture=neutral, PublicKeyToken=adb9793829ddae60
[2024-08-10 12:39:37.475 +06:00  DBG]  Opening CNG algorithm 'AES' from provider 'null' with chaining mode CBC.
[2024-08-10 12:39:37.476 +06:00  DBG]  Opening CNG algorithm 'SHA256' from provider 'null' with HMAC.
[2024-08-10 12:39:37.476 +06:00  DBG]  Using key {8f48434d-14d4-4f89-bb9a-009887902b00} as the default key.
[2024-08-10 12:39:37.476 +06:00  DBG]  Key ring with default key {8f48434d-14d4-4f89-bb9a-009887902b00} was loaded during application startup.
[2024-08-10 12:39:37.520 +06:00  DBG]  Loaded hosting startup assembly EntityFrameWorkWithCore
[2024-08-10 12:39:37.521 +06:00  DBG]  Loaded hosting startup assembly Microsoft.AspNetCore.Watch.BrowserRefresh
[2024-08-10 12:39:37.521 +06:00  DBG]  Loaded hosting startup assembly Microsoft.WebTools.BrowserLink.Net
[2024-08-10 12:39:37.522 +06:00  INF]  Application started. Press Ctrl+C to shut down.
[2024-08-10 12:39:37.522 +06:00  INF]  Hosting environment: Development
[2024-08-10 12:39:37.522 +06:00  INF]  Content root path: C:\Users\ziaul\source\repos\EntityFrameWorkWithCore\EntityFrameWorkWithCore
[2024-08-10 12:39:37.522 +06:00  DBG]  Hosting started
[2024-08-10 12:39:37.578 +06:00  INF]  Request starting HTTP/1.1 GET http://localhost:32991/swagger/index.html - null null
[2024-08-10 12:39:37.637 +06:00  DBG]  Wildcard detected, all requests with hosts will be allowed.
[2024-08-10 12:39:37.650 +06:00  DBG]  No candidates found for the request path '/swagger/index.html'
[2024-08-10 12:39:37.650 +06:00  DBG]  Request did not match any endpoints
[2024-08-10 12:39:37.689 +06:00  DBG]  AuthenticationScheme: Bearer was not authenticated.
[2024-08-10 12:39:37.701 +06:00  INF]  Request finished HTTP/1.1 GET http://localhost:32991/swagger/index.html - 404 null null 127.1463ms
[2024-08-10 12:39:37.703 +06:00  INF]  Request reached the end of the middleware pipeline without being handled by application code. Request path: GET http://localhost:32991/swagger/index.html, Response status code: 404
[2024-08-10 12:39:44.490 +06:00  DBG]  Registered model binder providers, in the following order: ["Microsoft.AspNetCore.Mvc.ModelBinding.Binders.BinderTypeModelBinderProvider","Microsoft.AspNetCore.Mvc.ModelBinding.Binders.ServicesModelBinderProvider","Microsoft.AspNetCore.Mvc.ModelBinding.Binders.BodyModelBinderProvider","Microsoft.AspNetCore.Mvc.ModelBinding.Binders.HeaderModelBinderProvider","Microsoft.AspNetCore.Mvc.ModelBinding.Binders.FloatingPointTypeModelBinderProvider","Microsoft.AspNetCore.Mvc.ModelBinding.Binders.EnumTypeModelBinderProvider","Microsoft.AspNetCore.Mvc.ModelBinding.Binders.DateTimeModelBinderProvider","Microsoft.AspNetCore.Mvc.ModelBinding.Binders.SimpleTypeModelBinderProvider","Microsoft.AspNetCore.Mvc.ModelBinding.Binders.TryParseModelBinderProvider","Microsoft.AspNetCore.Mvc.ModelBinding.Binders.CancellationTokenModelBinderProvider","Microsoft.AspNetCore.Mvc.ModelBinding.Binders.ByteArrayModelBinderProvider","Microsoft.AspNetCore.Mvc.ModelBinding.Binders.FormFileModelBinderProvider","Microsoft.AspNetCore.Mvc.ModelBinding.Binders.FormCollectionModelBinderProvider","Microsoft.AspNetCore.Mvc.ModelBinding.Binders.KeyValuePairModelBinderProvider","Microsoft.AspNetCore.Mvc.ModelBinding.Binders.DictionaryModelBinderProvider","Microsoft.AspNetCore.Mvc.ModelBinding.Binders.ArrayModelBinderProvider","Microsoft.AspNetCore.Mvc.ModelBinding.Binders.CollectionModelBinderProvider","Microsoft.AspNetCore.Mvc.ModelBinding.Binders.ComplexObjectModelBinderProvider"]
[2024-08-10 12:39:44.543 +06:00  DBG]  Hosting starting
[2024-08-10 12:39:44.564 +06:00  INF]  User profile is available. Using 'C:\Users\ziaul\AppData\Local\ASP.NET\DataProtection-Keys' as key repository and Windows DPAPI to encrypt keys at rest.
[2024-08-10 12:39:44.568 +06:00  DBG]  Reading data from file 'C:\Users\ziaul\AppData\Local\ASP.NET\DataProtection-Keys\key-1bc457fc-042a-4060-a0e9-138beac0f8e0.xml'.
[2024-08-10 12:39:44.576 +06:00  DBG]  Reading data from file 'C:\Users\ziaul\AppData\Local\ASP.NET\DataProtection-Keys\key-2b0ee0e3-fdef-4e3c-ab91-475912b5cd99.xml'.
[2024-08-10 12:39:44.576 +06:00  DBG]  Reading data from file 'C:\Users\ziaul\AppData\Local\ASP.NET\DataProtection-Keys\key-8f48434d-14d4-4f89-bb9a-009887902b00.xml'.
[2024-08-10 12:39:44.576 +06:00  DBG]  Reading data from file 'C:\Users\ziaul\AppData\Local\ASP.NET\DataProtection-Keys\key-b7be5a74-2930-4c3a-b673-3861e44f1be7.xml'.
[2024-08-10 12:39:44.578 +06:00  DBG]  Found key {1bc457fc-042a-4060-a0e9-138beac0f8e0}.
[2024-08-10 12:39:44.580 +06:00  DBG]  Found key {2b0ee0e3-fdef-4e3c-ab91-475912b5cd99}.
[2024-08-10 12:39:44.580 +06:00  DBG]  Found key {8f48434d-14d4-4f89-bb9a-009887902b00}.
[2024-08-10 12:39:44.580 +06:00  DBG]  Found key {b7be5a74-2930-4c3a-b673-3861e44f1be7}.
[2024-08-10 12:39:44.582 +06:00  DBG]  Considering key {8f48434d-14d4-4f89-bb9a-009887902b00} with expiration date 2024-09-22 14:20:36Z as default key.
[2024-08-10 12:39:44.584 +06:00  DBG]  Forwarded activator type request from Microsoft.AspNetCore.DataProtection.XmlEncryption.DpapiXmlDecryptor, Microsoft.AspNetCore.DataProtection, Version=8.0.0.0, Culture=neutral, PublicKeyToken=adb9793829ddae60 to Microsoft.AspNetCore.DataProtection.XmlEncryption.DpapiXmlDecryptor, Microsoft.AspNetCore.DataProtection, Culture=neutral, PublicKeyToken=adb9793829ddae60
[2024-08-10 12:39:44.584 +06:00  DBG]  Decrypting secret element using Windows DPAPI.
[2024-08-10 12:39:44.585 +06:00  DBG]  Forwarded activator type request from Microsoft.AspNetCore.DataProtection.AuthenticatedEncryption.ConfigurationModel.AuthenticatedEncryptorDescriptorDeserializer, Microsoft.AspNetCore.DataProtection, Version=8.0.0.0, Culture=neutral, PublicKeyToken=adb9793829ddae60 to Microsoft.AspNetCore.DataProtection.AuthenticatedEncryption.ConfigurationModel.AuthenticatedEncryptorDescriptorDeserializer, Microsoft.AspNetCore.DataProtection, Culture=neutral, PublicKeyToken=adb9793829ddae60
[2024-08-10 12:39:44.587 +06:00  DBG]  Opening CNG algorithm 'AES' from provider 'null' with chaining mode CBC.
[2024-08-10 12:39:44.587 +06:00  DBG]  Opening CNG algorithm 'SHA256' from provider 'null' with HMAC.
[2024-08-10 12:39:44.588 +06:00  DBG]  Using key {8f48434d-14d4-4f89-bb9a-009887902b00} as the default key.
[2024-08-10 12:39:44.588 +06:00  DBG]  Key ring with default key {8f48434d-14d4-4f89-bb9a-009887902b00} was loaded during application startup.
[2024-08-10 12:39:44.619 +06:00  DBG]  Loaded hosting startup assembly EntityFrameWorkWithCore
[2024-08-10 12:39:44.620 +06:00  DBG]  Loaded hosting startup assembly Microsoft.AspNetCore.Watch.BrowserRefresh
[2024-08-10 12:39:44.620 +06:00  DBG]  Loaded hosting startup assembly Microsoft.WebTools.BrowserLink.Net
[2024-08-10 12:39:44.621 +06:00  INF]  Application started. Press Ctrl+C to shut down.
[2024-08-10 12:39:44.621 +06:00  INF]  Hosting environment: Development
[2024-08-10 12:39:44.621 +06:00  INF]  Content root path: C:\Users\ziaul\source\repos\EntityFrameWorkWithCore\EntityFrameWorkWithCore
[2024-08-10 12:39:44.621 +06:00  DBG]  Hosting started
[2024-08-10 12:39:44.652 +06:00  INF]  Request starting HTTP/1.1 GET http://localhost:32991/swagger/index.html - null null
[2024-08-10 12:39:44.707 +06:00  DBG]  Wildcard detected, all requests with hosts will be allowed.
[2024-08-10 12:39:44.718 +06:00  DBG]  No candidates found for the request path '/swagger/index.html'
[2024-08-10 12:39:44.718 +06:00  DBG]  Request did not match any endpoints
[2024-08-10 12:39:44.762 +06:00  DBG]  AuthenticationScheme: Bearer was not authenticated.
[2024-08-10 12:39:44.773 +06:00  INF]  Request finished HTTP/1.1 GET http://localhost:32991/swagger/index.html - 404 null null 123.1661ms
[2024-08-10 12:39:44.775 +06:00  INF]  Request reached the end of the middleware pipeline without being handled by application code. Request path: GET http://localhost:32991/swagger/index.html, Response status code: 404
[2024-08-10 12:39:55.583 +06:00  INF]  Request starting HTTP/1.1 GET http://localhost:32991/api/student/getstudent - null null
[2024-08-10 12:39:55.593 +06:00  DBG]  1 candidate(s) found for the request path '/api/student/getstudent'
[2024-08-10 12:39:55.596 +06:00  DBG]  Endpoint 'EntityFrameWorkWithCore.Controllers.StudentController.GetStudent (EntityFrameWorkWithCore)' with route pattern 'api/Student/GetStudent' is valid for the request path '/api/student/getstudent'
[2024-08-10 12:39:55.596 +06:00  DBG]  Request matched endpoint 'EntityFrameWorkWithCore.Controllers.StudentController.GetStudent (EntityFrameWorkWithCore)'
[2024-08-10 12:39:55.598 +06:00  DBG]  AuthenticationScheme: Bearer was not authenticated.
[2024-08-10 12:39:55.598 +06:00  INF]  Executing endpoint 'EntityFrameWorkWithCore.Controllers.StudentController.GetStudent (EntityFrameWorkWithCore)'
[2024-08-10 12:39:55.626 +06:00  INF]  Route matched with {action = "GetStudent", controller = "Student"}. Executing controller action with signature System.Threading.Tasks.Task`1[Microsoft.AspNetCore.Mvc.IActionResult] GetStudent() on controller EntityFrameWorkWithCore.Controllers.StudentController (EntityFrameWorkWithCore).
[2024-08-10 12:39:55.628 +06:00  DBG]  Execution plan of authorization filters (in the following order): ["None"]
[2024-08-10 12:39:55.628 +06:00  DBG]  Execution plan of resource filters (in the following order): ["None"]
[2024-08-10 12:39:55.628 +06:00  DBG]  Execution plan of action filters (in the following order): ["Microsoft.AspNetCore.Mvc.ModelBinding.UnsupportedContentTypeFilter (Order: -3000)","Microsoft.AspNetCore.Mvc.Infrastructure.ModelStateInvalidFilter (Order: -2000)"]
[2024-08-10 12:39:55.628 +06:00  DBG]  Execution plan of exception filters (in the following order): ["None"]
[2024-08-10 12:39:55.628 +06:00  DBG]  Execution plan of result filters (in the following order): ["Microsoft.AspNetCore.Mvc.Infrastructure.ClientErrorResultFilter (Order: -2000)"]
[2024-08-10 12:39:55.629 +06:00  DBG]  Executing controller factory for controller EntityFrameWorkWithCore.Controllers.StudentController (EntityFrameWorkWithCore)
[2024-08-10 12:39:55.770 +06:00  DBG]  An 'IServiceProvider' was created for internal use by Entity Framework.
[2024-08-10 12:39:55.829 +06:00  DBG]  Executed controller factory for controller EntityFrameWorkWithCore.Controllers.StudentController (EntityFrameWorkWithCore)
[2024-08-10 12:39:55.832 +06:00  DBG]  List of registered output formatters, in the following order: ["Microsoft.AspNetCore.Mvc.Formatters.HttpNoContentOutputFormatter","Microsoft.AspNetCore.Mvc.Formatters.StringOutputFormatter","Microsoft.AspNetCore.Mvc.Formatters.StreamOutputFormatter","Microsoft.AspNetCore.Mvc.Formatters.SystemTextJsonOutputFormatter"]
[2024-08-10 12:39:55.835 +06:00  DBG]  No information found on request to perform content negotiation.
[2024-08-10 12:39:55.835 +06:00  DBG]  Attempting to select an output formatter without using a content type as no explicit content types were specified for the response.
[2024-08-10 12:39:55.835 +06:00  DBG]  Attempting to select the first formatter in the output formatters list which can write the result.
[2024-08-10 12:39:55.836 +06:00  DBG]  Selected output formatter 'Microsoft.AspNetCore.Mvc.Formatters.StringOutputFormatter' and content type 'text/plain' to write the response.
[2024-08-10 12:39:55.836 +06:00  INF]  Executing OkObjectResult, writing value of type 'System.String'.
[2024-08-10 12:39:55.846 +06:00  INF]  Executed action EntityFrameWorkWithCore.Controllers.StudentController.GetStudent (EntityFrameWorkWithCore) in 215.3467ms
[2024-08-10 12:39:55.846 +06:00  INF]  Executed endpoint 'EntityFrameWorkWithCore.Controllers.StudentController.GetStudent (EntityFrameWorkWithCore)'
[2024-08-10 12:39:55.852 +06:00  INF]  Request finished HTTP/1.1 GET http://localhost:32991/api/student/getstudent - 200 null text/plain; charset=utf-8 269.5336ms
[2024-08-10 12:39:55.957 +06:00  INF]  Request starting HTTP/1.1 GET http://localhost:32991/favicon.ico - null null
[2024-08-10 12:39:55.957 +06:00  DBG]  No candidates found for the request path '/favicon.ico'
[2024-08-10 12:39:55.957 +06:00  DBG]  Request did not match any endpoints
[2024-08-10 12:39:55.959 +06:00  DBG]  AuthenticationScheme: Bearer was not authenticated.
[2024-08-10 12:39:55.960 +06:00  INF]  Request finished HTTP/1.1 GET http://localhost:32991/favicon.ico - 404 null null 3.2542ms
[2024-08-10 12:39:55.960 +06:00  INF]  Request reached the end of the middleware pipeline without being handled by application code. Request path: GET http://localhost:32991/favicon.ico, Response status code: 404
[2024-08-10 12:40:15.563 +06:00  DBG]  Registered model binder providers, in the following order: ["Microsoft.AspNetCore.Mvc.ModelBinding.Binders.BinderTypeModelBinderProvider","Microsoft.AspNetCore.Mvc.ModelBinding.Binders.ServicesModelBinderProvider","Microsoft.AspNetCore.Mvc.ModelBinding.Binders.BodyModelBinderProvider","Microsoft.AspNetCore.Mvc.ModelBinding.Binders.HeaderModelBinderProvider","Microsoft.AspNetCore.Mvc.ModelBinding.Binders.FloatingPointTypeModelBinderProvider","Microsoft.AspNetCore.Mvc.ModelBinding.Binders.EnumTypeModelBinderProvider","Microsoft.AspNetCore.Mvc.ModelBinding.Binders.DateTimeModelBinderProvider","Microsoft.AspNetCore.Mvc.ModelBinding.Binders.SimpleTypeModelBinderProvider","Microsoft.AspNetCore.Mvc.ModelBinding.Binders.TryParseModelBinderProvider","Microsoft.AspNetCore.Mvc.ModelBinding.Binders.CancellationTokenModelBinderProvider","Microsoft.AspNetCore.Mvc.ModelBinding.Binders.ByteArrayModelBinderProvider","Microsoft.AspNetCore.Mvc.ModelBinding.Binders.FormFileModelBinderProvider","Microsoft.AspNetCore.Mvc.ModelBinding.Binders.FormCollectionModelBinderProvider","Microsoft.AspNetCore.Mvc.ModelBinding.Binders.KeyValuePairModelBinderProvider","Microsoft.AspNetCore.Mvc.ModelBinding.Binders.DictionaryModelBinderProvider","Microsoft.AspNetCore.Mvc.ModelBinding.Binders.ArrayModelBinderProvider","Microsoft.AspNetCore.Mvc.ModelBinding.Binders.CollectionModelBinderProvider","Microsoft.AspNetCore.Mvc.ModelBinding.Binders.ComplexObjectModelBinderProvider"]
[2024-08-10 12:40:15.598 +06:00  DBG]  Hosting starting
[2024-08-10 12:40:15.604 +06:00  INF]  User profile is available. Using 'C:\Users\ziaul\AppData\Local\ASP.NET\DataProtection-Keys' as key repository and Windows DPAPI to encrypt keys at rest.
[2024-08-10 12:40:15.609 +06:00  DBG]  Reading data from file 'C:\Users\ziaul\AppData\Local\ASP.NET\DataProtection-Keys\key-1bc457fc-042a-4060-a0e9-138beac0f8e0.xml'.
[2024-08-10 12:40:15.612 +06:00  DBG]  Reading data from file 'C:\Users\ziaul\AppData\Local\ASP.NET\DataProtection-Keys\key-2b0ee0e3-fdef-4e3c-ab91-475912b5cd99.xml'.
[2024-08-10 12:40:15.612 +06:00  DBG]  Reading data from file 'C:\Users\ziaul\AppData\Local\ASP.NET\DataProtection-Keys\key-8f48434d-14d4-4f89-bb9a-009887902b00.xml'.
[2024-08-10 12:40:15.612 +06:00  DBG]  Reading data from file 'C:\Users\ziaul\AppData\Local\ASP.NET\DataProtection-Keys\key-b7be5a74-2930-4c3a-b673-3861e44f1be7.xml'.
[2024-08-10 12:40:15.615 +06:00  DBG]  Found key {1bc457fc-042a-4060-a0e9-138beac0f8e0}.
[2024-08-10 12:40:15.617 +06:00  DBG]  Found key {2b0ee0e3-fdef-4e3c-ab91-475912b5cd99}.
[2024-08-10 12:40:15.617 +06:00  DBG]  Found key {8f48434d-14d4-4f89-bb9a-009887902b00}.
[2024-08-10 12:40:15.617 +06:00  DBG]  Found key {b7be5a74-2930-4c3a-b673-3861e44f1be7}.
[2024-08-10 12:40:15.620 +06:00  DBG]  Considering key {8f48434d-14d4-4f89-bb9a-009887902b00} with expiration date 2024-09-22 14:20:36Z as default key.
[2024-08-10 12:40:15.623 +06:00  DBG]  Forwarded activator type request from Microsoft.AspNetCore.DataProtection.XmlEncryption.DpapiXmlDecryptor, Microsoft.AspNetCore.DataProtection, Version=8.0.0.0, Culture=neutral, PublicKeyToken=adb9793829ddae60 to Microsoft.AspNetCore.DataProtection.XmlEncryption.DpapiXmlDecryptor, Microsoft.AspNetCore.DataProtection, Culture=neutral, PublicKeyToken=adb9793829ddae60
[2024-08-10 12:40:15.624 +06:00  DBG]  Decrypting secret element using Windows DPAPI.
[2024-08-10 12:40:15.625 +06:00  DBG]  Forwarded activator type request from Microsoft.AspNetCore.DataProtection.AuthenticatedEncryption.ConfigurationModel.AuthenticatedEncryptorDescriptorDeserializer, Microsoft.AspNetCore.DataProtection, Version=8.0.0.0, Culture=neutral, PublicKeyToken=adb9793829ddae60 to Microsoft.AspNetCore.DataProtection.AuthenticatedEncryption.ConfigurationModel.AuthenticatedEncryptorDescriptorDeserializer, Microsoft.AspNetCore.DataProtection, Culture=neutral, PublicKeyToken=adb9793829ddae60
[2024-08-10 12:40:15.626 +06:00  DBG]  Opening CNG algorithm 'AES' from provider 'null' with chaining mode CBC.
[2024-08-10 12:40:15.627 +06:00  DBG]  Opening CNG algorithm 'SHA256' from provider 'null' with HMAC.
[2024-08-10 12:40:15.628 +06:00  DBG]  Using key {8f48434d-14d4-4f89-bb9a-009887902b00} as the default key.
[2024-08-10 12:40:15.628 +06:00  DBG]  Key ring with default key {8f48434d-14d4-4f89-bb9a-009887902b00} was loaded during application startup.
[2024-08-10 12:40:15.642 +06:00  DBG]  Loaded hosting startup assembly EntityFrameWorkWithCore
[2024-08-10 12:40:15.642 +06:00  DBG]  Loaded hosting startup assembly Microsoft.AspNetCore.Watch.BrowserRefresh
[2024-08-10 12:40:15.642 +06:00  DBG]  Loaded hosting startup assembly Microsoft.WebTools.BrowserLink.Net
[2024-08-10 12:40:15.642 +06:00  INF]  Application started. Press Ctrl+C to shut down.
[2024-08-10 12:40:15.642 +06:00  INF]  Hosting environment: Development
[2024-08-10 12:40:15.642 +06:00  INF]  Content root path: C:\Users\ziaul\source\repos\EntityFrameWorkWithCore\EntityFrameWorkWithCore
[2024-08-10 12:40:15.642 +06:00  DBG]  Hosting started
[2024-08-10 12:40:15.650 +06:00  INF]  Request starting HTTP/1.1 GET http://localhost:32991/swagger/index.html - null null
[2024-08-10 12:40:15.678 +06:00  DBG]  Wildcard detected, all requests with hosts will be allowed.
[2024-08-10 12:40:15.685 +06:00  DBG]  No candidates found for the request path '/swagger/index.html'
[2024-08-10 12:40:15.685 +06:00  DBG]  Request did not match any endpoints
[2024-08-10 12:40:15.696 +06:00  DBG]  AuthenticationScheme: Bearer was not authenticated.
[2024-08-10 12:40:15.700 +06:00  INF]  Request finished HTTP/1.1 GET http://localhost:32991/swagger/index.html - 404 null null 51.4509ms
[2024-08-10 12:40:15.702 +06:00  INF]  Request reached the end of the middleware pipeline without being handled by application code. Request path: GET http://localhost:32991/swagger/index.html, Response status code: 404
[2024-08-10 12:40:25.741 +06:00  DBG]  Registered model binder providers, in the following order: ["Microsoft.AspNetCore.Mvc.ModelBinding.Binders.BinderTypeModelBinderProvider","Microsoft.AspNetCore.Mvc.ModelBinding.Binders.ServicesModelBinderProvider","Microsoft.AspNetCore.Mvc.ModelBinding.Binders.BodyModelBinderProvider","Microsoft.AspNetCore.Mvc.ModelBinding.Binders.HeaderModelBinderProvider","Microsoft.AspNetCore.Mvc.ModelBinding.Binders.FloatingPointTypeModelBinderProvider","Microsoft.AspNetCore.Mvc.ModelBinding.Binders.EnumTypeModelBinderProvider","Microsoft.AspNetCore.Mvc.ModelBinding.Binders.DateTimeModelBinderProvider","Microsoft.AspNetCore.Mvc.ModelBinding.Binders.SimpleTypeModelBinderProvider","Microsoft.AspNetCore.Mvc.ModelBinding.Binders.TryParseModelBinderProvider","Microsoft.AspNetCore.Mvc.ModelBinding.Binders.CancellationTokenModelBinderProvider","Microsoft.AspNetCore.Mvc.ModelBinding.Binders.ByteArrayModelBinderProvider","Microsoft.AspNetCore.Mvc.ModelBinding.Binders.FormFileModelBinderProvider","Microsoft.AspNetCore.Mvc.ModelBinding.Binders.FormCollectionModelBinderProvider","Microsoft.AspNetCore.Mvc.ModelBinding.Binders.KeyValuePairModelBinderProvider","Microsoft.AspNetCore.Mvc.ModelBinding.Binders.DictionaryModelBinderProvider","Microsoft.AspNetCore.Mvc.ModelBinding.Binders.ArrayModelBinderProvider","Microsoft.AspNetCore.Mvc.ModelBinding.Binders.CollectionModelBinderProvider","Microsoft.AspNetCore.Mvc.ModelBinding.Binders.ComplexObjectModelBinderProvider"]
[2024-08-10 12:40:25.784 +06:00  DBG]  Hosting starting
[2024-08-10 12:40:25.805 +06:00  INF]  User profile is available. Using 'C:\Users\ziaul\AppData\Local\ASP.NET\DataProtection-Keys' as key repository and Windows DPAPI to encrypt keys at rest.
[2024-08-10 12:40:25.808 +06:00  DBG]  Reading data from file 'C:\Users\ziaul\AppData\Local\ASP.NET\DataProtection-Keys\key-1bc457fc-042a-4060-a0e9-138beac0f8e0.xml'.
[2024-08-10 12:40:25.810 +06:00  DBG]  Reading data from file 'C:\Users\ziaul\AppData\Local\ASP.NET\DataProtection-Keys\key-2b0ee0e3-fdef-4e3c-ab91-475912b5cd99.xml'.
[2024-08-10 12:40:25.810 +06:00  DBG]  Reading data from file 'C:\Users\ziaul\AppData\Local\ASP.NET\DataProtection-Keys\key-8f48434d-14d4-4f89-bb9a-009887902b00.xml'.
[2024-08-10 12:40:25.810 +06:00  DBG]  Reading data from file 'C:\Users\ziaul\AppData\Local\ASP.NET\DataProtection-Keys\key-b7be5a74-2930-4c3a-b673-3861e44f1be7.xml'.
[2024-08-10 12:40:25.812 +06:00  DBG]  Found key {1bc457fc-042a-4060-a0e9-138beac0f8e0}.
[2024-08-10 12:40:25.813 +06:00  DBG]  Found key {2b0ee0e3-fdef-4e3c-ab91-475912b5cd99}.
[2024-08-10 12:40:25.813 +06:00  DBG]  Found key {8f48434d-14d4-4f89-bb9a-009887902b00}.
[2024-08-10 12:40:25.814 +06:00  DBG]  Found key {b7be5a74-2930-4c3a-b673-3861e44f1be7}.
[2024-08-10 12:40:25.816 +06:00  DBG]  Considering key {8f48434d-14d4-4f89-bb9a-009887902b00} with expiration date 2024-09-22 14:20:36Z as default key.
[2024-08-10 12:40:25.817 +06:00  DBG]  Forwarded activator type request from Microsoft.AspNetCore.DataProtection.XmlEncryption.DpapiXmlDecryptor, Microsoft.AspNetCore.DataProtection, Version=8.0.0.0, Culture=neutral, PublicKeyToken=adb9793829ddae60 to Microsoft.AspNetCore.DataProtection.XmlEncryption.DpapiXmlDecryptor, Microsoft.AspNetCore.DataProtection, Culture=neutral, PublicKeyToken=adb9793829ddae60
[2024-08-10 12:40:25.818 +06:00  DBG]  Decrypting secret element using Windows DPAPI.
[2024-08-10 12:40:25.819 +06:00  DBG]  Forwarded activator type request from Microsoft.AspNetCore.DataProtection.AuthenticatedEncryption.ConfigurationModel.AuthenticatedEncryptorDescriptorDeserializer, Microsoft.AspNetCore.DataProtection, Version=8.0.0.0, Culture=neutral, PublicKeyToken=adb9793829ddae60 to Microsoft.AspNetCore.DataProtection.AuthenticatedEncryption.ConfigurationModel.AuthenticatedEncryptorDescriptorDeserializer, Microsoft.AspNetCore.DataProtection, Culture=neutral, PublicKeyToken=adb9793829ddae60
[2024-08-10 12:40:25.820 +06:00  DBG]  Opening CNG algorithm 'AES' from provider 'null' with chaining mode CBC.
[2024-08-10 12:40:25.820 +06:00  DBG]  Opening CNG algorithm 'SHA256' from provider 'null' with HMAC.
[2024-08-10 12:40:25.821 +06:00  DBG]  Using key {8f48434d-14d4-4f89-bb9a-009887902b00} as the default key.
[2024-08-10 12:40:25.821 +06:00  DBG]  Key ring with default key {8f48434d-14d4-4f89-bb9a-009887902b00} was loaded during application startup.
[2024-08-10 12:40:25.869 +06:00  INF]  Now listening on: http://localhost:5091
[2024-08-10 12:40:25.869 +06:00  DBG]  Loaded hosting startup assembly EntityFrameWorkWithCore
[2024-08-10 12:40:25.869 +06:00  DBG]  Loaded hosting startup assembly Microsoft.AspNetCore.Watch.BrowserRefresh
[2024-08-10 12:40:25.869 +06:00  DBG]  Loaded hosting startup assembly Microsoft.WebTools.BrowserLink.Net
[2024-08-10 12:40:25.869 +06:00  INF]  Application started. Press Ctrl+C to shut down.
[2024-08-10 12:40:25.869 +06:00  INF]  Hosting environment: Production
[2024-08-10 12:40:25.869 +06:00  INF]  Content root path: C:\Users\ziaul\source\repos\EntityFrameWorkWithCore\EntityFrameWorkWithCore
[2024-08-10 12:40:25.869 +06:00  DBG]  Hosting started
[2024-08-10 12:40:26.224 +06:00  DBG]  Connection id "0HN5P0T8N89EC" accepted.
[2024-08-10 12:40:26.225 +06:00  DBG]  Connection id "0HN5P0T8N89EC" started.
[2024-08-10 12:40:26.235 +06:00  DBG]  Connection id "0HN5P0T8N89EC" received FIN.
[2024-08-10 12:40:26.235 +06:00  DBG]  Connection id "0HN5P0T8N89ED" received FIN.
[2024-08-10 12:40:26.235 +06:00  DBG]  Connection id "0HN5P0T8N89ED" accepted.
[2024-08-10 12:40:26.236 +06:00  DBG]  Connection id "0HN5P0T8N89ED" started.
[2024-08-10 12:40:26.239 +06:00  DBG]  Connection id "0HN5P0T8N89EC" sending FIN because: "The Socket transport's send loop completed gracefully."
[2024-08-10 12:40:26.239 +06:00  DBG]  Connection id "0HN5P0T8N89ED" sending FIN because: "The Socket transport's send loop completed gracefully."
[2024-08-10 12:40:26.241 +06:00  DBG]  Connection id "0HN5P0T8N89EC" disconnecting.
[2024-08-10 12:40:26.241 +06:00  DBG]  Connection id "0HN5P0T8N89ED" disconnecting.
[2024-08-10 12:40:26.241 +06:00  DBG]  Connection id "0HN5P0T8N89ED" stopped.
[2024-08-10 12:40:26.241 +06:00  DBG]  Connection id "0HN5P0T8N89EC" stopped.
[2024-08-10 12:40:26.323 +06:00  DBG]  Connection id "0HN5P0T8N89EE" accepted.
[2024-08-10 12:40:26.323 +06:00  DBG]  Connection id "0HN5P0T8N89EE" started.
[2024-08-10 12:40:26.324 +06:00  DBG]  Connection id "0HN5P0T8N89EF" accepted.
[2024-08-10 12:40:26.324 +06:00  DBG]  Connection id "0HN5P0T8N89EF" started.
[2024-08-10 12:40:26.353 +06:00  INF]  Request starting HTTP/1.1 GET http://localhost:5091/swagger/index.html - null null
[2024-08-10 12:40:26.413 +06:00  DBG]  Wildcard detected, all requests with hosts will be allowed.
[2024-08-10 12:40:26.426 +06:00  DBG]  No candidates found for the request path '/swagger/index.html'
[2024-08-10 12:40:26.427 +06:00  DBG]  Request did not match any endpoints
[2024-08-10 12:40:26.469 +06:00  DBG]  AuthenticationScheme: Bearer was not authenticated.
[2024-08-10 12:40:26.476 +06:00  DBG]  Connection id "0HN5P0T8N89EE" completed keep alive response.
[2024-08-10 12:40:26.477 +06:00  INF]  Request finished HTTP/1.1 GET http://localhost:5091/swagger/index.html - 404 0 null 127.4458ms
[2024-08-10 12:40:26.478 +06:00  INF]  Request reached the end of the middleware pipeline without being handled by application code. Request path: GET http://localhost:5091/swagger/index.html, Response status code: 404
[2024-08-10 12:40:38.835 +06:00  INF]  Request starting HTTP/1.1 GET http://localhost:5091/api/Student/GetStudent - null null
[2024-08-10 12:40:38.848 +06:00  DBG]  1 candidate(s) found for the request path '/api/Student/GetStudent'
[2024-08-10 12:40:38.850 +06:00  DBG]  Endpoint 'EntityFrameWorkWithCore.Controllers.StudentController.GetStudent (EntityFrameWorkWithCore)' with route pattern 'api/Student/GetStudent' is valid for the request path '/api/Student/GetStudent'
[2024-08-10 12:40:38.851 +06:00  DBG]  Request matched endpoint 'EntityFrameWorkWithCore.Controllers.StudentController.GetStudent (EntityFrameWorkWithCore)'
[2024-08-10 12:40:38.852 +06:00  DBG]  AuthenticationScheme: Bearer was not authenticated.
[2024-08-10 12:40:38.853 +06:00  INF]  Executing endpoint 'EntityFrameWorkWithCore.Controllers.StudentController.GetStudent (EntityFrameWorkWithCore)'
[2024-08-10 12:40:38.879 +06:00  INF]  Route matched with {action = "GetStudent", controller = "Student"}. Executing controller action with signature System.Threading.Tasks.Task`1[Microsoft.AspNetCore.Mvc.IActionResult] GetStudent() on controller EntityFrameWorkWithCore.Controllers.StudentController (EntityFrameWorkWithCore).
[2024-08-10 12:40:38.880 +06:00  DBG]  Execution plan of authorization filters (in the following order): ["None"]
[2024-08-10 12:40:38.880 +06:00  DBG]  Execution plan of resource filters (in the following order): ["None"]
[2024-08-10 12:40:38.880 +06:00  DBG]  Execution plan of action filters (in the following order): ["Microsoft.AspNetCore.Mvc.ModelBinding.UnsupportedContentTypeFilter (Order: -3000)","Microsoft.AspNetCore.Mvc.Infrastructure.ModelStateInvalidFilter (Order: -2000)"]
[2024-08-10 12:40:38.880 +06:00  DBG]  Execution plan of exception filters (in the following order): ["None"]
[2024-08-10 12:40:38.880 +06:00  DBG]  Execution plan of result filters (in the following order): ["Microsoft.AspNetCore.Mvc.Infrastructure.ClientErrorResultFilter (Order: -2000)"]
[2024-08-10 12:40:38.882 +06:00  DBG]  Executing controller factory for controller EntityFrameWorkWithCore.Controllers.StudentController (EntityFrameWorkWithCore)
[2024-08-10 12:40:38.969 +06:00  DBG]  An 'IServiceProvider' was created for internal use by Entity Framework.
[2024-08-10 12:40:39.015 +06:00  DBG]  Executed controller factory for controller EntityFrameWorkWithCore.Controllers.StudentController (EntityFrameWorkWithCore)
[2024-08-10 12:40:39.019 +06:00  DBG]  List of registered output formatters, in the following order: ["Microsoft.AspNetCore.Mvc.Formatters.HttpNoContentOutputFormatter","Microsoft.AspNetCore.Mvc.Formatters.StringOutputFormatter","Microsoft.AspNetCore.Mvc.Formatters.StreamOutputFormatter","Microsoft.AspNetCore.Mvc.Formatters.SystemTextJsonOutputFormatter"]
[2024-08-10 12:40:39.021 +06:00  DBG]  No information found on request to perform content negotiation.
[2024-08-10 12:40:39.021 +06:00  DBG]  Attempting to select an output formatter without using a content type as no explicit content types were specified for the response.
[2024-08-10 12:40:39.021 +06:00  DBG]  Attempting to select the first formatter in the output formatters list which can write the result.
[2024-08-10 12:40:39.022 +06:00  DBG]  Selected output formatter 'Microsoft.AspNetCore.Mvc.Formatters.StringOutputFormatter' and content type 'text/plain' to write the response.
[2024-08-10 12:40:39.022 +06:00  INF]  Executing OkObjectResult, writing value of type 'System.String'.
[2024-08-10 12:40:39.029 +06:00  INF]  Executed action EntityFrameWorkWithCore.Controllers.StudentController.GetStudent (EntityFrameWorkWithCore) in 145.6917ms
[2024-08-10 12:40:39.029 +06:00  INF]  Executed endpoint 'EntityFrameWorkWithCore.Controllers.StudentController.GetStudent (EntityFrameWorkWithCore)'
[2024-08-10 12:40:39.029 +06:00  DBG]  Connection id "0HN5P0T8N89EE" completed keep alive response.
[2024-08-10 12:40:39.033 +06:00  INF]  Request finished HTTP/1.1 GET http://localhost:5091/api/Student/GetStudent - 200 null text/plain; charset=utf-8 198.0706ms
[2024-08-10 12:40:39.137 +06:00  INF]  Request starting HTTP/1.1 GET http://localhost:5091/favicon.ico - null null
[2024-08-10 12:40:39.137 +06:00  DBG]  No candidates found for the request path '/favicon.ico'
[2024-08-10 12:40:39.137 +06:00  DBG]  Request did not match any endpoints
[2024-08-10 12:40:39.140 +06:00  DBG]  AuthenticationScheme: Bearer was not authenticated.
[2024-08-10 12:40:39.140 +06:00  DBG]  Connection id "0HN5P0T8N89EE" completed keep alive response.
[2024-08-10 12:40:39.140 +06:00  INF]  Request finished HTTP/1.1 GET http://localhost:5091/favicon.ico - 404 0 null 3.0306ms
[2024-08-10 12:40:39.140 +06:00  INF]  Request reached the end of the middleware pipeline without being handled by application code. Request path: GET http://localhost:5091/favicon.ico, Response status code: 404
[2024-08-10 12:41:30.780 +06:00  DBG]  Connection id "0HN5P0T8N89EF" received FIN.
[2024-08-10 12:41:30.781 +06:00  DBG]  Connection id "0HN5P0T8N89EF" disconnecting.
[2024-08-10 12:41:30.781 +06:00  DBG]  Connection id "0HN5P0T8N89EF" stopped.
[2024-08-10 12:41:30.783 +06:00  DBG]  Connection id "0HN5P0T8N89EF" sending FIN because: "The Socket transport's send loop completed gracefully."
[2024-08-10 12:45:59.794 +06:00  DBG]  Connection id "0HN5P0T8N89EE" received FIN.
[2024-08-10 12:45:59.796 +06:00  DBG]  Connection id "0HN5P0T8N89EE" disconnecting.
[2024-08-10 12:45:59.796 +06:00  DBG]  Connection id "0HN5P0T8N89EE" stopped.
[2024-08-10 12:45:59.797 +06:00  DBG]  Connection id "0HN5P0T8N89EE" sending FIN because: "The Socket transport's send loop completed gracefully."
