[2024-08-07 18:14:09.470 +06:00  DBG]  Registered model binder providers, in the following order: ["Microsoft.AspNetCore.Mvc.ModelBinding.Binders.BinderTypeModelBinderProvider","Microsoft.AspNetCore.Mvc.ModelBinding.Binders.ServicesModelBinderProvider","Microsoft.AspNetCore.Mvc.ModelBinding.Binders.BodyModelBinderProvider","Microsoft.AspNetCore.Mvc.ModelBinding.Binders.HeaderModelBinderProvider","Microsoft.AspNetCore.Mvc.ModelBinding.Binders.FloatingPointTypeModelBinderProvider","Microsoft.AspNetCore.Mvc.ModelBinding.Binders.EnumTypeModelBinderProvider","Microsoft.AspNetCore.Mvc.ModelBinding.Binders.DateTimeModelBinderProvider","Microsoft.AspNetCore.Mvc.ModelBinding.Binders.SimpleTypeModelBinderProvider","Microsoft.AspNetCore.Mvc.ModelBinding.Binders.TryParseModelBinderProvider","Microsoft.AspNetCore.Mvc.ModelBinding.Binders.CancellationTokenModelBinderProvider","Microsoft.AspNetCore.Mvc.ModelBinding.Binders.ByteArrayModelBinderProvider","Microsoft.AspNetCore.Mvc.ModelBinding.Binders.FormFileModelBinderProvider","Microsoft.AspNetCore.Mvc.ModelBinding.Binders.FormCollectionModelBinderProvider","Microsoft.AspNetCore.Mvc.ModelBinding.Binders.KeyValuePairModelBinderProvider","Microsoft.AspNetCore.Mvc.ModelBinding.Binders.DictionaryModelBinderProvider","Microsoft.AspNetCore.Mvc.ModelBinding.Binders.ArrayModelBinderProvider","Microsoft.AspNetCore.Mvc.ModelBinding.Binders.CollectionModelBinderProvider","Microsoft.AspNetCore.Mvc.ModelBinding.Binders.ComplexObjectModelBinderProvider"]
[2024-08-07 18:14:09.561 +06:00  DBG]  Hosting starting
[2024-08-07 18:14:09.682 +06:00  INF]  User profile is available. Using 'C:\Users\ziaul\AppData\Local\ASP.NET\DataProtection-Keys' as key repository and Windows DPAPI to encrypt keys at rest.
[2024-08-07 18:14:09.687 +06:00  DBG]  Reading data from file 'C:\Users\ziaul\AppData\Local\ASP.NET\DataProtection-Keys\key-1bc457fc-042a-4060-a0e9-138beac0f8e0.xml'.
[2024-08-07 18:14:09.723 +06:00  DBG]  Reading data from file 'C:\Users\ziaul\AppData\Local\ASP.NET\DataProtection-Keys\key-2b0ee0e3-fdef-4e3c-ab91-475912b5cd99.xml'.
[2024-08-07 18:14:09.732 +06:00  DBG]  Reading data from file 'C:\Users\ziaul\AppData\Local\ASP.NET\DataProtection-Keys\key-8f48434d-14d4-4f89-bb9a-009887902b00.xml'.
[2024-08-07 18:14:09.738 +06:00  DBG]  Reading data from file 'C:\Users\ziaul\AppData\Local\ASP.NET\DataProtection-Keys\key-b7be5a74-2930-4c3a-b673-3861e44f1be7.xml'.
[2024-08-07 18:14:09.748 +06:00  DBG]  Found key {1bc457fc-042a-4060-a0e9-138beac0f8e0}.
[2024-08-07 18:14:09.753 +06:00  DBG]  Found key {2b0ee0e3-fdef-4e3c-ab91-475912b5cd99}.
[2024-08-07 18:14:09.753 +06:00  DBG]  Found key {8f48434d-14d4-4f89-bb9a-009887902b00}.
[2024-08-07 18:14:09.753 +06:00  DBG]  Found key {b7be5a74-2930-4c3a-b673-3861e44f1be7}.
[2024-08-07 18:14:09.756 +06:00  DBG]  Considering key {8f48434d-14d4-4f89-bb9a-009887902b00} with expiration date 2024-09-22 14:20:36Z as default key.
[2024-08-07 18:14:09.757 +06:00  DBG]  Forwarded activator type request from Microsoft.AspNetCore.DataProtection.XmlEncryption.DpapiXmlDecryptor, Microsoft.AspNetCore.DataProtection, Version=8.0.0.0, Culture=neutral, PublicKeyToken=adb9793829ddae60 to Microsoft.AspNetCore.DataProtection.XmlEncryption.DpapiXmlDecryptor, Microsoft.AspNetCore.DataProtection, Culture=neutral, PublicKeyToken=adb9793829ddae60
[2024-08-07 18:14:09.758 +06:00  DBG]  Decrypting secret element using Windows DPAPI.
[2024-08-07 18:14:09.759 +06:00  DBG]  Forwarded activator type request from Microsoft.AspNetCore.DataProtection.AuthenticatedEncryption.ConfigurationModel.AuthenticatedEncryptorDescriptorDeserializer, Microsoft.AspNetCore.DataProtection, Version=8.0.0.0, Culture=neutral, PublicKeyToken=adb9793829ddae60 to Microsoft.AspNetCore.DataProtection.AuthenticatedEncryption.ConfigurationModel.AuthenticatedEncryptorDescriptorDeserializer, Microsoft.AspNetCore.DataProtection, Culture=neutral, PublicKeyToken=adb9793829ddae60
[2024-08-07 18:14:09.763 +06:00  DBG]  Opening CNG algorithm 'AES' from provider 'null' with chaining mode CBC.
[2024-08-07 18:14:09.763 +06:00  DBG]  Opening CNG algorithm 'SHA256' from provider 'null' with HMAC.
[2024-08-07 18:14:09.764 +06:00  DBG]  Using key {8f48434d-14d4-4f89-bb9a-009887902b00} as the default key.
[2024-08-07 18:14:09.765 +06:00  DBG]  Key ring with default key {8f48434d-14d4-4f89-bb9a-009887902b00} was loaded during application startup.
[2024-08-07 18:14:09.953 +06:00  DBG]  Loaded hosting startup assembly EntityFrameWorkWithCore
[2024-08-07 18:14:09.953 +06:00  DBG]  Loaded hosting startup assembly Microsoft.AspNetCore.Watch.BrowserRefresh
[2024-08-07 18:14:09.953 +06:00  DBG]  Loaded hosting startup assembly Microsoft.WebTools.BrowserLink.Net
[2024-08-07 18:14:09.953 +06:00  INF]  Application started. Press Ctrl+C to shut down.
[2024-08-07 18:14:09.953 +06:00  INF]  Hosting environment: Development
[2024-08-07 18:14:09.953 +06:00  INF]  Content root path: C:\Users\ziaul\source\repos\EntityFrameWorkWithCore\EntityFrameWorkWithCore
[2024-08-07 18:14:09.953 +06:00  DBG]  Hosting started
[2024-08-07 18:14:10.124 +06:00  INF]  Request starting HTTP/1.1 GET http://localhost:32991/swagger - null null
[2024-08-07 18:14:10.254 +06:00  DBG]  Wildcard detected, all requests with hosts will be allowed.
[2024-08-07 18:14:10.263 +06:00  DBG]  No candidates found for the request path '/swagger'
[2024-08-07 18:14:10.263 +06:00  DBG]  Request did not match any endpoints
[2024-08-07 18:14:10.327 +06:00  DBG]  AuthenticationScheme: Bearer was not authenticated.
[2024-08-07 18:14:10.370 +06:00  INF]  Request starting HTTP/1.1 GET http://localhost:32991/swagger/index.html - null null
[2024-08-07 18:14:10.371 +06:00  INF]  Request finished HTTP/1.1 GET http://localhost:32991/swagger - 301 null null 250.2109ms
[2024-08-07 18:14:10.373 +06:00  DBG]  No candidates found for the request path '/swagger/index.html'
[2024-08-07 18:14:10.373 +06:00  DBG]  Request did not match any endpoints
[2024-08-07 18:14:10.373 +06:00  DBG]  AuthenticationScheme: Bearer was not authenticated.
[2024-08-07 18:14:10.427 +06:00  DBG]  Response markup is scheduled to include Browser Link script injection.
[2024-08-07 18:14:10.428 +06:00  DBG]  Response markup is scheduled to include browser refresh script injection.
[2024-08-07 18:14:10.436 +06:00  DBG]  Response markup was updated to include Browser Link script injection.
[2024-08-07 18:14:10.436 +06:00  DBG]  Response markup was updated to include browser refresh script injection.
[2024-08-07 18:14:10.436 +06:00  INF]  Request finished HTTP/1.1 GET http://localhost:32991/swagger/index.html - 200 null text/html;charset=utf-8 66.5363ms
[2024-08-07 18:14:10.446 +06:00  INF]  Request starting HTTP/1.1 GET http://localhost:32991/swagger/swagger-ui-bundle.js - null null
[2024-08-07 18:14:10.447 +06:00  DBG]  No candidates found for the request path '/swagger/swagger-ui-bundle.js'
[2024-08-07 18:14:10.474 +06:00  DBG]  Request did not match any endpoints
[2024-08-07 18:14:10.474 +06:00  INF]  Request starting HTTP/1.1 GET http://localhost:32991/swagger/swagger-ui.css - null null
[2024-08-07 18:14:10.474 +06:00  INF]  Request starting HTTP/1.1 GET http://localhost:32991/swagger/swagger-ui-standalone-preset.js - null null
[2024-08-07 18:14:10.474 +06:00  INF]  Request starting HTTP/1.1 GET http://localhost:32991/_vs/browserLink - null null
[2024-08-07 18:14:10.474 +06:00  DBG]  No candidates found for the request path '/swagger/swagger-ui-standalone-preset.js'
[2024-08-07 18:14:10.474 +06:00  INF]  Request starting HTTP/1.1 GET http://localhost:32991/_framework/aspnetcore-browser-refresh.js - null null
[2024-08-07 18:14:10.474 +06:00  DBG]  Request did not match any endpoints
[2024-08-07 18:14:10.474 +06:00  DBG]  No candidates found for the request path '/swagger/swagger-ui.css'
[2024-08-07 18:14:10.475 +06:00  DBG]  Request did not match any endpoints
[2024-08-07 18:14:10.476 +06:00  DBG]  AuthenticationScheme: Bearer was not authenticated.
[2024-08-07 18:14:10.476 +06:00  DBG]  AuthenticationScheme: Bearer was not authenticated.
[2024-08-07 18:14:10.476 +06:00  DBG]  AuthenticationScheme: Bearer was not authenticated.
[2024-08-07 18:14:10.477 +06:00  INF]  Request finished HTTP/1.1 GET http://localhost:32991/_framework/aspnetcore-browser-refresh.js - 200 13782 application/javascript; charset=utf-8 2.6335ms
[2024-08-07 18:14:10.502 +06:00  INF]  Sending file. Request path: '/swagger-ui.css'. Physical path: 'N/A'
[2024-08-07 18:14:10.502 +06:00  INF]  Sending file. Request path: '/swagger-ui-standalone-preset.js'. Physical path: 'N/A'
[2024-08-07 18:14:10.508 +06:00  INF]  Request finished HTTP/1.1 GET http://localhost:32991/swagger/swagger-ui-standalone-preset.js - 200 339486 text/javascript 33.6374ms
[2024-08-07 18:14:10.508 +06:00  INF]  Request finished HTTP/1.1 GET http://localhost:32991/swagger/swagger-ui.css - 200 143943 text/css 33.6374ms
[2024-08-07 18:14:10.512 +06:00  INF]  Sending file. Request path: '/swagger-ui-bundle.js'. Physical path: 'N/A'
[2024-08-07 18:14:10.523 +06:00  INF]  Request finished HTTP/1.1 GET http://localhost:32991/swagger/swagger-ui-bundle.js - 200 1096145 text/javascript 77.5493ms
[2024-08-07 18:14:10.647 +06:00  INF]  Request finished HTTP/1.1 GET http://localhost:32991/_vs/browserLink - 200 null text/javascript; charset=UTF-8 172.3676ms
[2024-08-07 18:14:10.736 +06:00  INF]  Request starting HTTP/1.1 GET http://localhost:32991/swagger/v1/swagger.json - null null
[2024-08-07 18:14:10.736 +06:00  DBG]  No candidates found for the request path '/swagger/v1/swagger.json'
[2024-08-07 18:14:10.736 +06:00  DBG]  Request did not match any endpoints
[2024-08-07 18:14:10.736 +06:00  DBG]  AuthenticationScheme: Bearer was not authenticated.
[2024-08-07 18:14:10.746 +06:00  INF]  Request starting HTTP/1.1 GET http://localhost:32991/swagger/favicon-32x32.png - null null
[2024-08-07 18:14:10.746 +06:00  DBG]  No candidates found for the request path '/swagger/favicon-32x32.png'
[2024-08-07 18:14:10.746 +06:00  DBG]  Request did not match any endpoints
[2024-08-07 18:14:10.746 +06:00  DBG]  AuthenticationScheme: Bearer was not authenticated.
[2024-08-07 18:14:10.746 +06:00  INF]  Sending file. Request path: '/favicon-32x32.png'. Physical path: 'N/A'
[2024-08-07 18:14:10.746 +06:00  INF]  Request finished HTTP/1.1 GET http://localhost:32991/swagger/favicon-32x32.png - 200 628 image/png 0.9631ms
[2024-08-07 18:14:10.800 +06:00  INF]  Request finished HTTP/1.1 GET http://localhost:32991/swagger/v1/swagger.json - 200 null application/json;charset=utf-8 63.9683ms
[2024-08-07 18:14:16.066 +06:00  INF]  Request starting HTTP/1.1 GET http://localhost:32991/WeatherForecast - null null
[2024-08-07 18:14:16.070 +06:00  DBG]  1 candidate(s) found for the request path '/WeatherForecast'
[2024-08-07 18:14:16.073 +06:00  DBG]  Endpoint 'EntityFrameWorkWithCore.Controllers.WeatherForecastController.Get (EntityFrameWorkWithCore)' with route pattern 'WeatherForecast' is valid for the request path '/WeatherForecast'
[2024-08-07 18:14:16.074 +06:00  DBG]  Request matched endpoint 'EntityFrameWorkWithCore.Controllers.WeatherForecastController.Get (EntityFrameWorkWithCore)'
[2024-08-07 18:14:16.074 +06:00  DBG]  AuthenticationScheme: Bearer was not authenticated.
[2024-08-07 18:14:16.074 +06:00  DBG]  Static files was skipped as the request already matched an endpoint.
[2024-08-07 18:14:16.077 +06:00  INF]  Executing endpoint 'EntityFrameWorkWithCore.Controllers.WeatherForecastController.Get (EntityFrameWorkWithCore)'
[2024-08-07 18:14:16.095 +06:00  INF]  Route matched with {action = "Get", controller = "WeatherForecast"}. Executing controller action with signature System.Collections.Generic.IEnumerable`1[EntityFrameWorkWithCore.WeatherForecast] Get() on controller EntityFrameWorkWithCore.Controllers.WeatherForecastController (EntityFrameWorkWithCore).
[2024-08-07 18:14:16.096 +06:00  DBG]  Execution plan of authorization filters (in the following order): ["None"]
[2024-08-07 18:14:16.096 +06:00  DBG]  Execution plan of resource filters (in the following order): ["None"]
[2024-08-07 18:14:16.096 +06:00  DBG]  Execution plan of action filters (in the following order): ["Microsoft.AspNetCore.Mvc.ModelBinding.UnsupportedContentTypeFilter (Order: -3000)","Microsoft.AspNetCore.Mvc.Infrastructure.ModelStateInvalidFilter (Order: -2000)"]
[2024-08-07 18:14:16.096 +06:00  DBG]  Execution plan of exception filters (in the following order): ["None"]
[2024-08-07 18:14:16.096 +06:00  DBG]  Execution plan of result filters (in the following order): ["Microsoft.AspNetCore.Mvc.Infrastructure.ClientErrorResultFilter (Order: -2000)"]
[2024-08-07 18:14:16.098 +06:00  DBG]  Executing controller factory for controller EntityFrameWorkWithCore.Controllers.WeatherForecastController (EntityFrameWorkWithCore)
[2024-08-07 18:14:16.098 +06:00  DBG]  Executed controller factory for controller EntityFrameWorkWithCore.Controllers.WeatherForecastController (EntityFrameWorkWithCore)
[2024-08-07 18:14:33.312 +06:00  DBG]  Registered model binder providers, in the following order: ["Microsoft.AspNetCore.Mvc.ModelBinding.Binders.BinderTypeModelBinderProvider","Microsoft.AspNetCore.Mvc.ModelBinding.Binders.ServicesModelBinderProvider","Microsoft.AspNetCore.Mvc.ModelBinding.Binders.BodyModelBinderProvider","Microsoft.AspNetCore.Mvc.ModelBinding.Binders.HeaderModelBinderProvider","Microsoft.AspNetCore.Mvc.ModelBinding.Binders.FloatingPointTypeModelBinderProvider","Microsoft.AspNetCore.Mvc.ModelBinding.Binders.EnumTypeModelBinderProvider","Microsoft.AspNetCore.Mvc.ModelBinding.Binders.DateTimeModelBinderProvider","Microsoft.AspNetCore.Mvc.ModelBinding.Binders.SimpleTypeModelBinderProvider","Microsoft.AspNetCore.Mvc.ModelBinding.Binders.TryParseModelBinderProvider","Microsoft.AspNetCore.Mvc.ModelBinding.Binders.CancellationTokenModelBinderProvider","Microsoft.AspNetCore.Mvc.ModelBinding.Binders.ByteArrayModelBinderProvider","Microsoft.AspNetCore.Mvc.ModelBinding.Binders.FormFileModelBinderProvider","Microsoft.AspNetCore.Mvc.ModelBinding.Binders.FormCollectionModelBinderProvider","Microsoft.AspNetCore.Mvc.ModelBinding.Binders.KeyValuePairModelBinderProvider","Microsoft.AspNetCore.Mvc.ModelBinding.Binders.DictionaryModelBinderProvider","Microsoft.AspNetCore.Mvc.ModelBinding.Binders.ArrayModelBinderProvider","Microsoft.AspNetCore.Mvc.ModelBinding.Binders.CollectionModelBinderProvider","Microsoft.AspNetCore.Mvc.ModelBinding.Binders.ComplexObjectModelBinderProvider"]
[2024-08-07 18:14:33.365 +06:00  DBG]  Hosting starting
[2024-08-07 18:14:33.385 +06:00  INF]  User profile is available. Using 'C:\Users\ziaul\AppData\Local\ASP.NET\DataProtection-Keys' as key repository and Windows DPAPI to encrypt keys at rest.
[2024-08-07 18:14:33.389 +06:00  DBG]  Reading data from file 'C:\Users\ziaul\AppData\Local\ASP.NET\DataProtection-Keys\key-1bc457fc-042a-4060-a0e9-138beac0f8e0.xml'.
[2024-08-07 18:14:33.395 +06:00  DBG]  Reading data from file 'C:\Users\ziaul\AppData\Local\ASP.NET\DataProtection-Keys\key-2b0ee0e3-fdef-4e3c-ab91-475912b5cd99.xml'.
[2024-08-07 18:14:33.395 +06:00  DBG]  Reading data from file 'C:\Users\ziaul\AppData\Local\ASP.NET\DataProtection-Keys\key-8f48434d-14d4-4f89-bb9a-009887902b00.xml'.
[2024-08-07 18:14:33.396 +06:00  DBG]  Reading data from file 'C:\Users\ziaul\AppData\Local\ASP.NET\DataProtection-Keys\key-b7be5a74-2930-4c3a-b673-3861e44f1be7.xml'.
[2024-08-07 18:14:33.397 +06:00  DBG]  Found key {1bc457fc-042a-4060-a0e9-138beac0f8e0}.
[2024-08-07 18:14:33.399 +06:00  DBG]  Found key {2b0ee0e3-fdef-4e3c-ab91-475912b5cd99}.
[2024-08-07 18:14:33.399 +06:00  DBG]  Found key {8f48434d-14d4-4f89-bb9a-009887902b00}.
[2024-08-07 18:14:33.399 +06:00  DBG]  Found key {b7be5a74-2930-4c3a-b673-3861e44f1be7}.
[2024-08-07 18:14:33.401 +06:00  DBG]  Considering key {8f48434d-14d4-4f89-bb9a-009887902b00} with expiration date 2024-09-22 14:20:36Z as default key.
[2024-08-07 18:14:33.402 +06:00  DBG]  Forwarded activator type request from Microsoft.AspNetCore.DataProtection.XmlEncryption.DpapiXmlDecryptor, Microsoft.AspNetCore.DataProtection, Version=8.0.0.0, Culture=neutral, PublicKeyToken=adb9793829ddae60 to Microsoft.AspNetCore.DataProtection.XmlEncryption.DpapiXmlDecryptor, Microsoft.AspNetCore.DataProtection, Culture=neutral, PublicKeyToken=adb9793829ddae60
[2024-08-07 18:14:33.403 +06:00  DBG]  Decrypting secret element using Windows DPAPI.
[2024-08-07 18:14:33.404 +06:00  DBG]  Forwarded activator type request from Microsoft.AspNetCore.DataProtection.AuthenticatedEncryption.ConfigurationModel.AuthenticatedEncryptorDescriptorDeserializer, Microsoft.AspNetCore.DataProtection, Version=8.0.0.0, Culture=neutral, PublicKeyToken=adb9793829ddae60 to Microsoft.AspNetCore.DataProtection.AuthenticatedEncryption.ConfigurationModel.AuthenticatedEncryptorDescriptorDeserializer, Microsoft.AspNetCore.DataProtection, Culture=neutral, PublicKeyToken=adb9793829ddae60
[2024-08-07 18:14:33.405 +06:00  DBG]  Opening CNG algorithm 'AES' from provider 'null' with chaining mode CBC.
[2024-08-07 18:14:33.406 +06:00  DBG]  Opening CNG algorithm 'SHA256' from provider 'null' with HMAC.
[2024-08-07 18:14:33.406 +06:00  DBG]  Using key {8f48434d-14d4-4f89-bb9a-009887902b00} as the default key.
[2024-08-07 18:14:33.407 +06:00  DBG]  Key ring with default key {8f48434d-14d4-4f89-bb9a-009887902b00} was loaded during application startup.
[2024-08-07 18:14:33.466 +06:00  DBG]  Loaded hosting startup assembly EntityFrameWorkWithCore
[2024-08-07 18:14:33.467 +06:00  DBG]  Loaded hosting startup assembly Microsoft.AspNetCore.Watch.BrowserRefresh
[2024-08-07 18:14:33.467 +06:00  DBG]  Loaded hosting startup assembly Microsoft.WebTools.BrowserLink.Net
[2024-08-07 18:14:33.467 +06:00  INF]  Application started. Press Ctrl+C to shut down.
[2024-08-07 18:14:33.467 +06:00  INF]  Hosting environment: Development
[2024-08-07 18:14:33.467 +06:00  INF]  Content root path: C:\Users\ziaul\source\repos\EntityFrameWorkWithCore\EntityFrameWorkWithCore
[2024-08-07 18:14:33.467 +06:00  DBG]  Hosting started
[2024-08-07 18:14:33.492 +06:00  INF]  Request starting HTTP/1.1 GET http://localhost:32991/swagger/index.html - null null
[2024-08-07 18:14:33.551 +06:00  DBG]  Wildcard detected, all requests with hosts will be allowed.
[2024-08-07 18:14:33.558 +06:00  DBG]  No candidates found for the request path '/swagger/index.html'
[2024-08-07 18:14:33.558 +06:00  DBG]  Request did not match any endpoints
[2024-08-07 18:14:33.599 +06:00  DBG]  AuthenticationScheme: Bearer was not authenticated.
[2024-08-07 18:14:33.650 +06:00  DBG]  Response markup is scheduled to include Browser Link script injection.
[2024-08-07 18:14:33.651 +06:00  DBG]  Response markup is scheduled to include browser refresh script injection.
[2024-08-07 18:14:33.677 +06:00  DBG]  Response markup was updated to include Browser Link script injection.
[2024-08-07 18:14:33.677 +06:00  DBG]  Response markup was updated to include browser refresh script injection.
[2024-08-07 18:14:33.680 +06:00  INF]  Request finished HTTP/1.1 GET http://localhost:32991/swagger/index.html - 200 null text/html;charset=utf-8 190.43ms
[2024-08-07 18:14:33.689 +06:00  INF]  Request starting HTTP/1.1 GET http://localhost:32991/_framework/aspnetcore-browser-refresh.js - null null
[2024-08-07 18:14:33.691 +06:00  INF]  Request finished HTTP/1.1 GET http://localhost:32991/_framework/aspnetcore-browser-refresh.js - 200 13782 application/javascript; charset=utf-8 2.1448ms
[2024-08-07 18:14:33.724 +06:00  INF]  Request starting HTTP/1.1 GET http://localhost:32991/_vs/browserLink - null null
[2024-08-07 18:14:33.749 +06:00  INF]  Request finished HTTP/1.1 GET http://localhost:32991/_vs/browserLink - 200 null text/javascript; charset=UTF-8 25.0849ms
[2024-08-07 18:14:33.901 +06:00  INF]  Request starting HTTP/1.1 GET http://localhost:32991/swagger/v1/swagger.json - null null
[2024-08-07 18:14:33.902 +06:00  DBG]  No candidates found for the request path '/swagger/v1/swagger.json'
[2024-08-07 18:14:33.902 +06:00  DBG]  Request did not match any endpoints
[2024-08-07 18:14:33.902 +06:00  DBG]  AuthenticationScheme: Bearer was not authenticated.
[2024-08-07 18:14:33.967 +06:00  INF]  Request finished HTTP/1.1 GET http://localhost:32991/swagger/v1/swagger.json - 200 null application/json;charset=utf-8 65.7325ms
[2024-08-07 18:14:37.412 +06:00  INF]  Request starting HTTP/1.1 GET http://localhost:32991/WeatherForecast - null null
[2024-08-07 18:14:37.414 +06:00  DBG]  1 candidate(s) found for the request path '/WeatherForecast'
[2024-08-07 18:14:37.416 +06:00  DBG]  Endpoint 'EntityFrameWorkWithCore.Controllers.WeatherForecastController.Get (EntityFrameWorkWithCore)' with route pattern 'WeatherForecast' is valid for the request path '/WeatherForecast'
[2024-08-07 18:14:37.417 +06:00  DBG]  Request matched endpoint 'EntityFrameWorkWithCore.Controllers.WeatherForecastController.Get (EntityFrameWorkWithCore)'
[2024-08-07 18:14:37.418 +06:00  DBG]  AuthenticationScheme: Bearer was not authenticated.
[2024-08-07 18:14:37.419 +06:00  DBG]  Static files was skipped as the request already matched an endpoint.
[2024-08-07 18:14:37.420 +06:00  INF]  Executing endpoint 'EntityFrameWorkWithCore.Controllers.WeatherForecastController.Get (EntityFrameWorkWithCore)'
[2024-08-07 18:14:37.429 +06:00  INF]  Route matched with {action = "Get", controller = "WeatherForecast"}. Executing controller action with signature System.Collections.Generic.IEnumerable`1[EntityFrameWorkWithCore.WeatherForecast] Get() on controller EntityFrameWorkWithCore.Controllers.WeatherForecastController (EntityFrameWorkWithCore).
[2024-08-07 18:14:37.429 +06:00  DBG]  Execution plan of authorization filters (in the following order): ["None"]
[2024-08-07 18:14:37.429 +06:00  DBG]  Execution plan of resource filters (in the following order): ["None"]
[2024-08-07 18:14:37.429 +06:00  DBG]  Execution plan of action filters (in the following order): ["Microsoft.AspNetCore.Mvc.ModelBinding.UnsupportedContentTypeFilter (Order: -3000)","Microsoft.AspNetCore.Mvc.Infrastructure.ModelStateInvalidFilter (Order: -2000)"]
[2024-08-07 18:14:37.429 +06:00  DBG]  Execution plan of exception filters (in the following order): ["None"]
[2024-08-07 18:14:37.429 +06:00  DBG]  Execution plan of result filters (in the following order): ["Microsoft.AspNetCore.Mvc.Infrastructure.ClientErrorResultFilter (Order: -2000)"]
[2024-08-07 18:14:37.430 +06:00  DBG]  Executing controller factory for controller EntityFrameWorkWithCore.Controllers.WeatherForecastController (EntityFrameWorkWithCore)
[2024-08-07 18:14:37.430 +06:00  DBG]  Executed controller factory for controller EntityFrameWorkWithCore.Controllers.WeatherForecastController (EntityFrameWorkWithCore)
[2024-08-07 18:14:37.433 +06:00  DBG]  List of registered output formatters, in the following order: ["Microsoft.AspNetCore.Mvc.Formatters.HttpNoContentOutputFormatter","Microsoft.AspNetCore.Mvc.Formatters.StringOutputFormatter","Microsoft.AspNetCore.Mvc.Formatters.StreamOutputFormatter","Microsoft.AspNetCore.Mvc.Formatters.SystemTextJsonOutputFormatter"]
[2024-08-07 18:14:37.434 +06:00  DBG]  Attempting to select an output formatter based on Accept header '["text/plain"]'.
[2024-08-07 18:14:37.434 +06:00  DBG]  Could not find an output formatter based on content negotiation. Accepted types were (["text/plain"])
[2024-08-07 18:14:37.435 +06:00  DBG]  Attempting to select an output formatter without using a content type as no explicit content types were specified for the response.
[2024-08-07 18:14:37.435 +06:00  DBG]  Attempting to select the first formatter in the output formatters list which can write the result.
[2024-08-07 18:14:37.435 +06:00  DBG]  Selected output formatter 'Microsoft.AspNetCore.Mvc.Formatters.SystemTextJsonOutputFormatter' and content type 'application/json' to write the response.
[2024-08-07 18:14:37.435 +06:00  INF]  Executing ObjectResult, writing value of type 'EntityFrameWorkWithCore.WeatherForecast[]'.
[2024-08-07 18:14:37.470 +06:00  INF]  Executed action EntityFrameWorkWithCore.Controllers.WeatherForecastController.Get (EntityFrameWorkWithCore) in 38.5441ms
[2024-08-07 18:14:37.470 +06:00  INF]  Executed endpoint 'EntityFrameWorkWithCore.Controllers.WeatherForecastController.Get (EntityFrameWorkWithCore)'
[2024-08-07 18:14:37.470 +06:00  INF]  Request finished HTTP/1.1 GET http://localhost:32991/WeatherForecast - 200 null application/json; charset=utf-8 58.4598ms
[2024-08-07 18:15:22.096 +06:00  DBG]  Registered model binder providers, in the following order: ["Microsoft.AspNetCore.Mvc.ModelBinding.Binders.BinderTypeModelBinderProvider","Microsoft.AspNetCore.Mvc.ModelBinding.Binders.ServicesModelBinderProvider","Microsoft.AspNetCore.Mvc.ModelBinding.Binders.BodyModelBinderProvider","Microsoft.AspNetCore.Mvc.ModelBinding.Binders.HeaderModelBinderProvider","Microsoft.AspNetCore.Mvc.ModelBinding.Binders.FloatingPointTypeModelBinderProvider","Microsoft.AspNetCore.Mvc.ModelBinding.Binders.EnumTypeModelBinderProvider","Microsoft.AspNetCore.Mvc.ModelBinding.Binders.DateTimeModelBinderProvider","Microsoft.AspNetCore.Mvc.ModelBinding.Binders.SimpleTypeModelBinderProvider","Microsoft.AspNetCore.Mvc.ModelBinding.Binders.TryParseModelBinderProvider","Microsoft.AspNetCore.Mvc.ModelBinding.Binders.CancellationTokenModelBinderProvider","Microsoft.AspNetCore.Mvc.ModelBinding.Binders.ByteArrayModelBinderProvider","Microsoft.AspNetCore.Mvc.ModelBinding.Binders.FormFileModelBinderProvider","Microsoft.AspNetCore.Mvc.ModelBinding.Binders.FormCollectionModelBinderProvider","Microsoft.AspNetCore.Mvc.ModelBinding.Binders.KeyValuePairModelBinderProvider","Microsoft.AspNetCore.Mvc.ModelBinding.Binders.DictionaryModelBinderProvider","Microsoft.AspNetCore.Mvc.ModelBinding.Binders.ArrayModelBinderProvider","Microsoft.AspNetCore.Mvc.ModelBinding.Binders.CollectionModelBinderProvider","Microsoft.AspNetCore.Mvc.ModelBinding.Binders.ComplexObjectModelBinderProvider"]
[2024-08-07 18:15:22.141 +06:00  DBG]  Hosting starting
[2024-08-07 18:15:22.160 +06:00  INF]  User profile is available. Using 'C:\Users\ziaul\AppData\Local\ASP.NET\DataProtection-Keys' as key repository and Windows DPAPI to encrypt keys at rest.
[2024-08-07 18:15:22.164 +06:00  DBG]  Reading data from file 'C:\Users\ziaul\AppData\Local\ASP.NET\DataProtection-Keys\key-1bc457fc-042a-4060-a0e9-138beac0f8e0.xml'.
[2024-08-07 18:15:22.169 +06:00  DBG]  Reading data from file 'C:\Users\ziaul\AppData\Local\ASP.NET\DataProtection-Keys\key-2b0ee0e3-fdef-4e3c-ab91-475912b5cd99.xml'.
[2024-08-07 18:15:22.169 +06:00  DBG]  Reading data from file 'C:\Users\ziaul\AppData\Local\ASP.NET\DataProtection-Keys\key-8f48434d-14d4-4f89-bb9a-009887902b00.xml'.
[2024-08-07 18:15:22.170 +06:00  DBG]  Reading data from file 'C:\Users\ziaul\AppData\Local\ASP.NET\DataProtection-Keys\key-b7be5a74-2930-4c3a-b673-3861e44f1be7.xml'.
[2024-08-07 18:15:22.171 +06:00  DBG]  Found key {1bc457fc-042a-4060-a0e9-138beac0f8e0}.
[2024-08-07 18:15:22.173 +06:00  DBG]  Found key {2b0ee0e3-fdef-4e3c-ab91-475912b5cd99}.
[2024-08-07 18:15:22.173 +06:00  DBG]  Found key {8f48434d-14d4-4f89-bb9a-009887902b00}.
[2024-08-07 18:15:22.173 +06:00  DBG]  Found key {b7be5a74-2930-4c3a-b673-3861e44f1be7}.
[2024-08-07 18:15:22.175 +06:00  DBG]  Considering key {8f48434d-14d4-4f89-bb9a-009887902b00} with expiration date 2024-09-22 14:20:36Z as default key.
[2024-08-07 18:15:22.176 +06:00  DBG]  Forwarded activator type request from Microsoft.AspNetCore.DataProtection.XmlEncryption.DpapiXmlDecryptor, Microsoft.AspNetCore.DataProtection, Version=8.0.0.0, Culture=neutral, PublicKeyToken=adb9793829ddae60 to Microsoft.AspNetCore.DataProtection.XmlEncryption.DpapiXmlDecryptor, Microsoft.AspNetCore.DataProtection, Culture=neutral, PublicKeyToken=adb9793829ddae60
[2024-08-07 18:15:22.177 +06:00  DBG]  Decrypting secret element using Windows DPAPI.
[2024-08-07 18:15:22.178 +06:00  DBG]  Forwarded activator type request from Microsoft.AspNetCore.DataProtection.AuthenticatedEncryption.ConfigurationModel.AuthenticatedEncryptorDescriptorDeserializer, Microsoft.AspNetCore.DataProtection, Version=8.0.0.0, Culture=neutral, PublicKeyToken=adb9793829ddae60 to Microsoft.AspNetCore.DataProtection.AuthenticatedEncryption.ConfigurationModel.AuthenticatedEncryptorDescriptorDeserializer, Microsoft.AspNetCore.DataProtection, Culture=neutral, PublicKeyToken=adb9793829ddae60
[2024-08-07 18:15:22.179 +06:00  DBG]  Opening CNG algorithm 'AES' from provider 'null' with chaining mode CBC.
[2024-08-07 18:15:22.180 +06:00  DBG]  Opening CNG algorithm 'SHA256' from provider 'null' with HMAC.
[2024-08-07 18:15:22.180 +06:00  DBG]  Using key {8f48434d-14d4-4f89-bb9a-009887902b00} as the default key.
[2024-08-07 18:15:22.181 +06:00  DBG]  Key ring with default key {8f48434d-14d4-4f89-bb9a-009887902b00} was loaded during application startup.
[2024-08-07 18:15:22.227 +06:00  DBG]  Loaded hosting startup assembly EntityFrameWorkWithCore
[2024-08-07 18:15:22.227 +06:00  DBG]  Loaded hosting startup assembly Microsoft.AspNetCore.Watch.BrowserRefresh
[2024-08-07 18:15:22.227 +06:00  DBG]  Loaded hosting startup assembly Microsoft.WebTools.BrowserLink.Net
[2024-08-07 18:15:22.227 +06:00  INF]  Application started. Press Ctrl+C to shut down.
[2024-08-07 18:15:22.227 +06:00  INF]  Hosting environment: Development
[2024-08-07 18:15:22.228 +06:00  INF]  Content root path: C:\Users\ziaul\source\repos\EntityFrameWorkWithCore\EntityFrameWorkWithCore
[2024-08-07 18:15:22.228 +06:00  DBG]  Hosting started
[2024-08-07 18:15:22.252 +06:00  INF]  Request starting HTTP/1.1 GET http://localhost:32991/WeatherForecast - null null
[2024-08-07 18:15:22.335 +06:00  DBG]  Wildcard detected, all requests with hosts will be allowed.
[2024-08-07 18:15:22.344 +06:00  DBG]  1 candidate(s) found for the request path '/WeatherForecast'
[2024-08-07 18:15:22.345 +06:00  DBG]  Endpoint 'EntityFrameWorkWithCore.Controllers.WeatherForecastController.Get (EntityFrameWorkWithCore)' with route pattern 'WeatherForecast' is valid for the request path '/WeatherForecast'
[2024-08-07 18:15:22.346 +06:00  DBG]  Request matched endpoint 'EntityFrameWorkWithCore.Controllers.WeatherForecastController.Get (EntityFrameWorkWithCore)'
[2024-08-07 18:15:22.381 +06:00  DBG]  AuthenticationScheme: Bearer was not authenticated.
[2024-08-07 18:15:22.387 +06:00  DBG]  Static files was skipped as the request already matched an endpoint.
[2024-08-07 18:15:22.388 +06:00  INF]  Executing endpoint 'EntityFrameWorkWithCore.Controllers.WeatherForecastController.Get (EntityFrameWorkWithCore)'
[2024-08-07 18:15:22.396 +06:00  INF]  Route matched with {action = "Get", controller = "WeatherForecast"}. Executing controller action with signature System.Collections.Generic.IEnumerable`1[EntityFrameWorkWithCore.WeatherForecast] Get() on controller EntityFrameWorkWithCore.Controllers.WeatherForecastController (EntityFrameWorkWithCore).
[2024-08-07 18:15:22.396 +06:00  DBG]  Execution plan of authorization filters (in the following order): ["None"]
[2024-08-07 18:15:22.396 +06:00  DBG]  Execution plan of resource filters (in the following order): ["None"]
[2024-08-07 18:15:22.397 +06:00  DBG]  Execution plan of action filters (in the following order): ["Microsoft.AspNetCore.Mvc.ModelBinding.UnsupportedContentTypeFilter (Order: -3000)","Microsoft.AspNetCore.Mvc.Infrastructure.ModelStateInvalidFilter (Order: -2000)"]
[2024-08-07 18:15:22.397 +06:00  DBG]  Execution plan of exception filters (in the following order): ["None"]
[2024-08-07 18:15:22.397 +06:00  DBG]  Execution plan of result filters (in the following order): ["Microsoft.AspNetCore.Mvc.Infrastructure.ClientErrorResultFilter (Order: -2000)"]
[2024-08-07 18:15:22.397 +06:00  DBG]  Executing controller factory for controller EntityFrameWorkWithCore.Controllers.WeatherForecastController (EntityFrameWorkWithCore)
[2024-08-07 18:15:22.398 +06:00  DBG]  Executed controller factory for controller EntityFrameWorkWithCore.Controllers.WeatherForecastController (EntityFrameWorkWithCore)
[2024-08-07 18:15:22.399 +06:00  DBG]  List of registered output formatters, in the following order: ["Microsoft.AspNetCore.Mvc.Formatters.HttpNoContentOutputFormatter","Microsoft.AspNetCore.Mvc.Formatters.StringOutputFormatter","Microsoft.AspNetCore.Mvc.Formatters.StreamOutputFormatter","Microsoft.AspNetCore.Mvc.Formatters.SystemTextJsonOutputFormatter"]
[2024-08-07 18:15:22.401 +06:00  DBG]  No information found on request to perform content negotiation.
[2024-08-07 18:15:22.401 +06:00  DBG]  Attempting to select an output formatter without using a content type as no explicit content types were specified for the response.
[2024-08-07 18:15:22.401 +06:00  DBG]  Attempting to select the first formatter in the output formatters list which can write the result.
[2024-08-07 18:15:22.402 +06:00  DBG]  Selected output formatter 'Microsoft.AspNetCore.Mvc.Formatters.SystemTextJsonOutputFormatter' and content type 'application/json' to write the response.
[2024-08-07 18:15:22.402 +06:00  INF]  Executing ObjectResult, writing value of type 'EntityFrameWorkWithCore.WeatherForecast[]'.
[2024-08-07 18:15:22.448 +06:00  INF]  Executed action EntityFrameWorkWithCore.Controllers.WeatherForecastController.Get (EntityFrameWorkWithCore) in 49.8773ms
[2024-08-07 18:15:22.450 +06:00  INF]  Executed endpoint 'EntityFrameWorkWithCore.Controllers.WeatherForecastController.Get (EntityFrameWorkWithCore)'
[2024-08-07 18:15:22.454 +06:00  INF]  Request finished HTTP/1.1 GET http://localhost:32991/WeatherForecast - 200 null application/json; charset=utf-8 204.4526ms
[2024-08-07 18:15:22.556 +06:00  INF]  Request starting HTTP/1.1 GET http://localhost:32991/favicon.ico - null null
[2024-08-07 18:15:22.557 +06:00  DBG]  No candidates found for the request path '/favicon.ico'
[2024-08-07 18:15:22.557 +06:00  DBG]  Request did not match any endpoints
[2024-08-07 18:15:22.559 +06:00  DBG]  AuthenticationScheme: Bearer was not authenticated.
[2024-08-07 18:15:22.561 +06:00  DBG]  The request path  does not match the path filter
[2024-08-07 18:15:22.562 +06:00  INF]  Request finished HTTP/1.1 GET http://localhost:32991/favicon.ico - 404 null null 5.639ms
[2024-08-07 18:15:22.562 +06:00  INF]  Request reached the end of the middleware pipeline without being handled by application code. Request path: GET http://localhost:32991/favicon.ico, Response status code: 404
[2024-08-07 18:25:09.947 +06:00  DBG]  Registered model binder providers, in the following order: ["Microsoft.AspNetCore.Mvc.ModelBinding.Binders.BinderTypeModelBinderProvider","Microsoft.AspNetCore.Mvc.ModelBinding.Binders.ServicesModelBinderProvider","Microsoft.AspNetCore.Mvc.ModelBinding.Binders.BodyModelBinderProvider","Microsoft.AspNetCore.Mvc.ModelBinding.Binders.HeaderModelBinderProvider","Microsoft.AspNetCore.Mvc.ModelBinding.Binders.FloatingPointTypeModelBinderProvider","Microsoft.AspNetCore.Mvc.ModelBinding.Binders.EnumTypeModelBinderProvider","Microsoft.AspNetCore.Mvc.ModelBinding.Binders.DateTimeModelBinderProvider","Microsoft.AspNetCore.Mvc.ModelBinding.Binders.SimpleTypeModelBinderProvider","Microsoft.AspNetCore.Mvc.ModelBinding.Binders.TryParseModelBinderProvider","Microsoft.AspNetCore.Mvc.ModelBinding.Binders.CancellationTokenModelBinderProvider","Microsoft.AspNetCore.Mvc.ModelBinding.Binders.ByteArrayModelBinderProvider","Microsoft.AspNetCore.Mvc.ModelBinding.Binders.FormFileModelBinderProvider","Microsoft.AspNetCore.Mvc.ModelBinding.Binders.FormCollectionModelBinderProvider","Microsoft.AspNetCore.Mvc.ModelBinding.Binders.KeyValuePairModelBinderProvider","Microsoft.AspNetCore.Mvc.ModelBinding.Binders.DictionaryModelBinderProvider","Microsoft.AspNetCore.Mvc.ModelBinding.Binders.ArrayModelBinderProvider","Microsoft.AspNetCore.Mvc.ModelBinding.Binders.CollectionModelBinderProvider","Microsoft.AspNetCore.Mvc.ModelBinding.Binders.ComplexObjectModelBinderProvider"]
[2024-08-07 18:25:09.991 +06:00  DBG]  Hosting starting
[2024-08-07 18:25:10.012 +06:00  INF]  User profile is available. Using 'C:\Users\ziaul\AppData\Local\ASP.NET\DataProtection-Keys' as key repository and Windows DPAPI to encrypt keys at rest.
[2024-08-07 18:25:10.015 +06:00  DBG]  Reading data from file 'C:\Users\ziaul\AppData\Local\ASP.NET\DataProtection-Keys\key-1bc457fc-042a-4060-a0e9-138beac0f8e0.xml'.
[2024-08-07 18:25:10.017 +06:00  DBG]  Reading data from file 'C:\Users\ziaul\AppData\Local\ASP.NET\DataProtection-Keys\key-2b0ee0e3-fdef-4e3c-ab91-475912b5cd99.xml'.
[2024-08-07 18:25:10.017 +06:00  DBG]  Reading data from file 'C:\Users\ziaul\AppData\Local\ASP.NET\DataProtection-Keys\key-8f48434d-14d4-4f89-bb9a-009887902b00.xml'.
[2024-08-07 18:25:10.017 +06:00  DBG]  Reading data from file 'C:\Users\ziaul\AppData\Local\ASP.NET\DataProtection-Keys\key-b7be5a74-2930-4c3a-b673-3861e44f1be7.xml'.
[2024-08-07 18:25:10.019 +06:00  DBG]  Found key {1bc457fc-042a-4060-a0e9-138beac0f8e0}.
[2024-08-07 18:25:10.020 +06:00  DBG]  Found key {2b0ee0e3-fdef-4e3c-ab91-475912b5cd99}.
[2024-08-07 18:25:10.020 +06:00  DBG]  Found key {8f48434d-14d4-4f89-bb9a-009887902b00}.
[2024-08-07 18:25:10.020 +06:00  DBG]  Found key {b7be5a74-2930-4c3a-b673-3861e44f1be7}.
[2024-08-07 18:25:10.023 +06:00  DBG]  Considering key {8f48434d-14d4-4f89-bb9a-009887902b00} with expiration date 2024-09-22 14:20:36Z as default key.
[2024-08-07 18:25:10.024 +06:00  DBG]  Forwarded activator type request from Microsoft.AspNetCore.DataProtection.XmlEncryption.DpapiXmlDecryptor, Microsoft.AspNetCore.DataProtection, Version=8.0.0.0, Culture=neutral, PublicKeyToken=adb9793829ddae60 to Microsoft.AspNetCore.DataProtection.XmlEncryption.DpapiXmlDecryptor, Microsoft.AspNetCore.DataProtection, Culture=neutral, PublicKeyToken=adb9793829ddae60
[2024-08-07 18:25:10.025 +06:00  DBG]  Decrypting secret element using Windows DPAPI.
[2024-08-07 18:25:10.025 +06:00  DBG]  Forwarded activator type request from Microsoft.AspNetCore.DataProtection.AuthenticatedEncryption.ConfigurationModel.AuthenticatedEncryptorDescriptorDeserializer, Microsoft.AspNetCore.DataProtection, Version=8.0.0.0, Culture=neutral, PublicKeyToken=adb9793829ddae60 to Microsoft.AspNetCore.DataProtection.AuthenticatedEncryption.ConfigurationModel.AuthenticatedEncryptorDescriptorDeserializer, Microsoft.AspNetCore.DataProtection, Culture=neutral, PublicKeyToken=adb9793829ddae60
[2024-08-07 18:25:10.027 +06:00  DBG]  Opening CNG algorithm 'AES' from provider 'null' with chaining mode CBC.
[2024-08-07 18:25:10.027 +06:00  DBG]  Opening CNG algorithm 'SHA256' from provider 'null' with HMAC.
[2024-08-07 18:25:10.028 +06:00  DBG]  Using key {8f48434d-14d4-4f89-bb9a-009887902b00} as the default key.
[2024-08-07 18:25:10.028 +06:00  DBG]  Key ring with default key {8f48434d-14d4-4f89-bb9a-009887902b00} was loaded during application startup.
[2024-08-07 18:25:10.080 +06:00  INF]  Now listening on: http://localhost:5091
[2024-08-07 18:25:10.080 +06:00  DBG]  Loaded hosting startup assembly EntityFrameWorkWithCore
[2024-08-07 18:25:10.080 +06:00  DBG]  Loaded hosting startup assembly Microsoft.AspNetCore.Watch.BrowserRefresh
[2024-08-07 18:25:10.080 +06:00  DBG]  Loaded hosting startup assembly Microsoft.WebTools.BrowserLink.Net
[2024-08-07 18:25:10.080 +06:00  INF]  Application started. Press Ctrl+C to shut down.
[2024-08-07 18:25:10.080 +06:00  INF]  Hosting environment: Production
[2024-08-07 18:25:10.080 +06:00  INF]  Content root path: C:\Users\ziaul\source\repos\EntityFrameWorkWithCore\EntityFrameWorkWithCore
[2024-08-07 18:25:10.080 +06:00  DBG]  Hosting started
[2024-08-07 18:25:10.239 +06:00  DBG]  Connection id "0HN5MRFTDIAB1" received FIN.
[2024-08-07 18:25:10.244 +06:00  DBG]  Connection id "0HN5MRFTDIAB1" accepted.
[2024-08-07 18:25:10.245 +06:00  DBG]  Connection id "0HN5MRFTDIAB1" started.
[2024-08-07 18:25:10.253 +06:00  DBG]  Connection id "0HN5MRFTDIAB1" sending FIN because: "The Socket transport's send loop completed gracefully."
[2024-08-07 18:25:10.255 +06:00  DBG]  Connection id "0HN5MRFTDIAB1" disconnecting.
[2024-08-07 18:25:10.258 +06:00  DBG]  Connection id "0HN5MRFTDIAB1" stopped.
[2024-08-07 18:25:10.375 +06:00  DBG]  Connection id "0HN5MRFTDIAB2" accepted.
[2024-08-07 18:25:10.375 +06:00  DBG]  Connection id "0HN5MRFTDIAB2" started.
[2024-08-07 18:25:10.376 +06:00  DBG]  Connection id "0HN5MRFTDIAB3" accepted.
[2024-08-07 18:25:10.376 +06:00  DBG]  Connection id "0HN5MRFTDIAB3" started.
[2024-08-07 18:25:10.401 +06:00  INF]  Request starting HTTP/1.1 GET http://localhost:5091/swagger/index.html - null null
[2024-08-07 18:25:10.458 +06:00  DBG]  Wildcard detected, all requests with hosts will be allowed.
[2024-08-07 18:25:10.474 +06:00  DBG]  No candidates found for the request path '/swagger/index.html'
[2024-08-07 18:25:10.475 +06:00  DBG]  Request did not match any endpoints
[2024-08-07 18:25:10.519 +06:00  DBG]  AuthenticationScheme: Bearer was not authenticated.
[2024-08-07 18:25:10.524 +06:00  DBG]  Connection id "0HN5MRFTDIAB2" completed keep alive response.
[2024-08-07 18:25:10.524 +06:00  INF]  Request finished HTTP/1.1 GET http://localhost:5091/swagger/index.html - 404 0 null 126.4122ms
[2024-08-07 18:25:10.525 +06:00  INF]  Request reached the end of the middleware pipeline without being handled by application code. Request path: GET http://localhost:5091/swagger/index.html, Response status code: 404
[2024-08-07 18:25:20.309 +06:00  INF]  Request starting HTTP/1.1 GET http://localhost:5091/swagger/index.html - null null
[2024-08-07 18:25:20.316 +06:00  DBG]  No candidates found for the request path '/swagger/index.html'
[2024-08-07 18:25:20.317 +06:00  DBG]  Request did not match any endpoints
[2024-08-07 18:25:20.318 +06:00  DBG]  AuthenticationScheme: Bearer was not authenticated.
[2024-08-07 18:25:20.318 +06:00  DBG]  Connection id "0HN5MRFTDIAB2" completed keep alive response.
[2024-08-07 18:25:20.318 +06:00  INF]  Request finished HTTP/1.1 GET http://localhost:5091/swagger/index.html - 404 0 null 9.3901ms
[2024-08-07 18:25:20.318 +06:00  INF]  Request reached the end of the middleware pipeline without being handled by application code. Request path: GET http://localhost:5091/swagger/index.html, Response status code: 404
[2024-08-07 18:26:21.403 +06:00  DBG]  Registered model binder providers, in the following order: ["Microsoft.AspNetCore.Mvc.ModelBinding.Binders.BinderTypeModelBinderProvider","Microsoft.AspNetCore.Mvc.ModelBinding.Binders.ServicesModelBinderProvider","Microsoft.AspNetCore.Mvc.ModelBinding.Binders.BodyModelBinderProvider","Microsoft.AspNetCore.Mvc.ModelBinding.Binders.HeaderModelBinderProvider","Microsoft.AspNetCore.Mvc.ModelBinding.Binders.FloatingPointTypeModelBinderProvider","Microsoft.AspNetCore.Mvc.ModelBinding.Binders.EnumTypeModelBinderProvider","Microsoft.AspNetCore.Mvc.ModelBinding.Binders.DateTimeModelBinderProvider","Microsoft.AspNetCore.Mvc.ModelBinding.Binders.SimpleTypeModelBinderProvider","Microsoft.AspNetCore.Mvc.ModelBinding.Binders.TryParseModelBinderProvider","Microsoft.AspNetCore.Mvc.ModelBinding.Binders.CancellationTokenModelBinderProvider","Microsoft.AspNetCore.Mvc.ModelBinding.Binders.ByteArrayModelBinderProvider","Microsoft.AspNetCore.Mvc.ModelBinding.Binders.FormFileModelBinderProvider","Microsoft.AspNetCore.Mvc.ModelBinding.Binders.FormCollectionModelBinderProvider","Microsoft.AspNetCore.Mvc.ModelBinding.Binders.KeyValuePairModelBinderProvider","Microsoft.AspNetCore.Mvc.ModelBinding.Binders.DictionaryModelBinderProvider","Microsoft.AspNetCore.Mvc.ModelBinding.Binders.ArrayModelBinderProvider","Microsoft.AspNetCore.Mvc.ModelBinding.Binders.CollectionModelBinderProvider","Microsoft.AspNetCore.Mvc.ModelBinding.Binders.ComplexObjectModelBinderProvider"]
[2024-08-07 18:26:21.485 +06:00  DBG]  Hosting starting
[2024-08-07 18:26:21.511 +06:00  INF]  User profile is available. Using 'C:\Users\ziaul\AppData\Local\ASP.NET\DataProtection-Keys' as key repository and Windows DPAPI to encrypt keys at rest.
[2024-08-07 18:26:21.514 +06:00  DBG]  Reading data from file 'C:\Users\ziaul\AppData\Local\ASP.NET\DataProtection-Keys\key-1bc457fc-042a-4060-a0e9-138beac0f8e0.xml'.
[2024-08-07 18:26:21.516 +06:00  DBG]  Reading data from file 'C:\Users\ziaul\AppData\Local\ASP.NET\DataProtection-Keys\key-2b0ee0e3-fdef-4e3c-ab91-475912b5cd99.xml'.
[2024-08-07 18:26:21.516 +06:00  DBG]  Reading data from file 'C:\Users\ziaul\AppData\Local\ASP.NET\DataProtection-Keys\key-8f48434d-14d4-4f89-bb9a-009887902b00.xml'.
[2024-08-07 18:26:21.517 +06:00  DBG]  Reading data from file 'C:\Users\ziaul\AppData\Local\ASP.NET\DataProtection-Keys\key-b7be5a74-2930-4c3a-b673-3861e44f1be7.xml'.
[2024-08-07 18:26:21.518 +06:00  DBG]  Found key {1bc457fc-042a-4060-a0e9-138beac0f8e0}.
[2024-08-07 18:26:21.520 +06:00  DBG]  Found key {2b0ee0e3-fdef-4e3c-ab91-475912b5cd99}.
[2024-08-07 18:26:21.520 +06:00  DBG]  Found key {8f48434d-14d4-4f89-bb9a-009887902b00}.
[2024-08-07 18:26:21.520 +06:00  DBG]  Found key {b7be5a74-2930-4c3a-b673-3861e44f1be7}.
[2024-08-07 18:26:21.522 +06:00  DBG]  Considering key {8f48434d-14d4-4f89-bb9a-009887902b00} with expiration date 2024-09-22 14:20:36Z as default key.
[2024-08-07 18:26:21.523 +06:00  DBG]  Forwarded activator type request from Microsoft.AspNetCore.DataProtection.XmlEncryption.DpapiXmlDecryptor, Microsoft.AspNetCore.DataProtection, Version=8.0.0.0, Culture=neutral, PublicKeyToken=adb9793829ddae60 to Microsoft.AspNetCore.DataProtection.XmlEncryption.DpapiXmlDecryptor, Microsoft.AspNetCore.DataProtection, Culture=neutral, PublicKeyToken=adb9793829ddae60
[2024-08-07 18:26:21.524 +06:00  DBG]  Decrypting secret element using Windows DPAPI.
[2024-08-07 18:26:21.525 +06:00  DBG]  Forwarded activator type request from Microsoft.AspNetCore.DataProtection.AuthenticatedEncryption.ConfigurationModel.AuthenticatedEncryptorDescriptorDeserializer, Microsoft.AspNetCore.DataProtection, Version=8.0.0.0, Culture=neutral, PublicKeyToken=adb9793829ddae60 to Microsoft.AspNetCore.DataProtection.AuthenticatedEncryption.ConfigurationModel.AuthenticatedEncryptorDescriptorDeserializer, Microsoft.AspNetCore.DataProtection, Culture=neutral, PublicKeyToken=adb9793829ddae60
[2024-08-07 18:26:21.526 +06:00  DBG]  Opening CNG algorithm 'AES' from provider 'null' with chaining mode CBC.
[2024-08-07 18:26:21.527 +06:00  DBG]  Opening CNG algorithm 'SHA256' from provider 'null' with HMAC.
[2024-08-07 18:26:21.527 +06:00  DBG]  Using key {8f48434d-14d4-4f89-bb9a-009887902b00} as the default key.
[2024-08-07 18:26:21.528 +06:00  DBG]  Key ring with default key {8f48434d-14d4-4f89-bb9a-009887902b00} was loaded during application startup.
[2024-08-07 18:26:21.597 +06:00  INF]  Now listening on: http://localhost:5091
[2024-08-07 18:26:21.597 +06:00  DBG]  Loaded hosting startup assembly EntityFrameWorkWithCore
[2024-08-07 18:26:21.597 +06:00  DBG]  Loaded hosting startup assembly Microsoft.AspNetCore.Watch.BrowserRefresh
[2024-08-07 18:26:21.597 +06:00  DBG]  Loaded hosting startup assembly Microsoft.WebTools.BrowserLink.Net
[2024-08-07 18:26:21.597 +06:00  INF]  Application started. Press Ctrl+C to shut down.
[2024-08-07 18:26:21.597 +06:00  INF]  Hosting environment: Production
[2024-08-07 18:26:21.598 +06:00  INF]  Content root path: C:\Users\ziaul\source\repos\EntityFrameWorkWithCore\EntityFrameWorkWithCore
[2024-08-07 18:26:21.598 +06:00  DBG]  Hosting started
[2024-08-07 18:26:21.720 +06:00  DBG]  Connection id "0HN5MRGIN8ARK" accepted.
[2024-08-07 18:26:21.721 +06:00  DBG]  Connection id "0HN5MRGIN8ARK" started.
[2024-08-07 18:26:21.726 +06:00  DBG]  Connection id "0HN5MRGIN8ARL" accepted.
[2024-08-07 18:26:21.726 +06:00  DBG]  Connection id "0HN5MRGIN8ARL" started.
[2024-08-07 18:26:21.758 +06:00  DBG]  Connection id "0HN5MRGIN8ARL" received FIN.
[2024-08-07 18:26:21.758 +06:00  DBG]  Connection id "0HN5MRGIN8ARK" received FIN.
[2024-08-07 18:26:21.759 +06:00  DBG]  Connection id "0HN5MRGIN8ARK" sending FIN because: "The Socket transport's send loop completed gracefully."
[2024-08-07 18:26:21.759 +06:00  DBG]  Connection id "0HN5MRGIN8ARL" sending FIN because: "The Socket transport's send loop completed gracefully."
[2024-08-07 18:26:21.762 +06:00  DBG]  Connection id "0HN5MRGIN8ARK" disconnecting.
[2024-08-07 18:26:21.762 +06:00  DBG]  Connection id "0HN5MRGIN8ARL" disconnecting.
[2024-08-07 18:26:21.766 +06:00  DBG]  Connection id "0HN5MRGIN8ARK" stopped.
[2024-08-07 18:26:21.766 +06:00  DBG]  Connection id "0HN5MRGIN8ARL" stopped.
[2024-08-07 18:26:21.888 +06:00  DBG]  Connection id "0HN5MRGIN8ARM" accepted.
[2024-08-07 18:26:21.889 +06:00  DBG]  Connection id "0HN5MRGIN8ARM" started.
[2024-08-07 18:26:21.889 +06:00  DBG]  Connection id "0HN5MRGIN8ARN" accepted.
[2024-08-07 18:26:21.889 +06:00  DBG]  Connection id "0HN5MRGIN8ARN" started.
[2024-08-07 18:26:21.914 +06:00  INF]  Request starting HTTP/1.1 GET http://localhost:5091/swagger/index.html - null null
[2024-08-07 18:26:21.966 +06:00  DBG]  Wildcard detected, all requests with hosts will be allowed.
[2024-08-07 18:26:21.976 +06:00  DBG]  No candidates found for the request path '/swagger/index.html'
[2024-08-07 18:26:21.976 +06:00  DBG]  Request did not match any endpoints
[2024-08-07 18:26:22.021 +06:00  DBG]  AuthenticationScheme: Bearer was not authenticated.
[2024-08-07 18:26:22.077 +06:00  DBG]  Response markup is scheduled to include Browser Link script injection.
[2024-08-07 18:26:22.078 +06:00  DBG]  Response markup is scheduled to include browser refresh script injection.
[2024-08-07 18:26:22.087 +06:00  DBG]  Response markup was updated to include Browser Link script injection.
[2024-08-07 18:26:22.088 +06:00  DBG]  Response markup was updated to include browser refresh script injection.
[2024-08-07 18:26:22.088 +06:00  DBG]  Connection id "0HN5MRGIN8ARM" completed keep alive response.
[2024-08-07 18:26:22.089 +06:00  INF]  Request finished HTTP/1.1 GET http://localhost:5091/swagger/index.html - 200 null text/html;charset=utf-8 177.7943ms
[2024-08-07 18:26:22.128 +06:00  INF]  Request starting HTTP/1.1 GET http://localhost:5091/_vs/browserLink - null null
[2024-08-07 18:26:22.128 +06:00  INF]  Request starting HTTP/1.1 GET http://localhost:5091/_framework/aspnetcore-browser-refresh.js - null null
[2024-08-07 18:26:22.129 +06:00  DBG]  Connection id "0HN5MRGIN8ARN" completed keep alive response.
[2024-08-07 18:26:22.130 +06:00  INF]  Request finished HTTP/1.1 GET http://localhost:5091/_framework/aspnetcore-browser-refresh.js - 200 13782 application/javascript; charset=utf-8 1.5747ms
[2024-08-07 18:26:22.149 +06:00  DBG]  Connection id "0HN5MRGIN8ARM" completed keep alive response.
[2024-08-07 18:26:22.149 +06:00  INF]  Request finished HTTP/1.1 GET http://localhost:5091/_vs/browserLink - 200 null text/javascript; charset=UTF-8 21.7653ms
[2024-08-07 18:26:22.329 +06:00  INF]  Request starting HTTP/1.1 GET http://localhost:5091/swagger/v1/swagger.json - null null
[2024-08-07 18:26:22.329 +06:00  DBG]  No candidates found for the request path '/swagger/v1/swagger.json'
[2024-08-07 18:26:22.329 +06:00  DBG]  Request did not match any endpoints
[2024-08-07 18:26:22.330 +06:00  DBG]  AuthenticationScheme: Bearer was not authenticated.
[2024-08-07 18:26:22.348 +06:00  INF]  Request starting HTTP/1.1 GET http://localhost:5091/swagger/favicon-32x32.png - null null
[2024-08-07 18:26:22.348 +06:00  DBG]  No candidates found for the request path '/swagger/favicon-32x32.png'
[2024-08-07 18:26:22.348 +06:00  DBG]  Request did not match any endpoints
[2024-08-07 18:26:22.350 +06:00  DBG]  AuthenticationScheme: Bearer was not authenticated.
[2024-08-07 18:26:22.356 +06:00  INF]  Sending file. Request path: '/favicon-32x32.png'. Physical path: 'N/A'
[2024-08-07 18:26:22.356 +06:00  DBG]  Connection id "0HN5MRGIN8ARN" completed keep alive response.
[2024-08-07 18:26:22.356 +06:00  INF]  Request finished HTTP/1.1 GET http://localhost:5091/swagger/favicon-32x32.png - 200 628 image/png 7.8568ms
[2024-08-07 18:26:22.391 +06:00  DBG]  Connection id "0HN5MRGIN8ARM" completed keep alive response.
[2024-08-07 18:26:22.391 +06:00  INF]  Request finished HTTP/1.1 GET http://localhost:5091/swagger/v1/swagger.json - 200 null application/json;charset=utf-8 62.8075ms
[2024-08-07 18:26:29.767 +06:00  INF]  Request starting HTTP/1.1 GET http://localhost:5091/WeatherForecast - null null
[2024-08-07 18:26:29.771 +06:00  DBG]  1 candidate(s) found for the request path '/WeatherForecast'
[2024-08-07 18:26:29.774 +06:00  DBG]  Endpoint 'EntityFrameWorkWithCore.Controllers.WeatherForecastController.Get (EntityFrameWorkWithCore)' with route pattern 'WeatherForecast' is valid for the request path '/WeatherForecast'
[2024-08-07 18:26:29.774 +06:00  DBG]  Request matched endpoint 'EntityFrameWorkWithCore.Controllers.WeatherForecastController.Get (EntityFrameWorkWithCore)'
[2024-08-07 18:26:29.776 +06:00  DBG]  AuthenticationScheme: Bearer was not authenticated.
[2024-08-07 18:26:29.777 +06:00  DBG]  Static files was skipped as the request already matched an endpoint.
[2024-08-07 18:26:29.780 +06:00  INF]  Executing endpoint 'EntityFrameWorkWithCore.Controllers.WeatherForecastController.Get (EntityFrameWorkWithCore)'
[2024-08-07 18:26:29.797 +06:00  INF]  Route matched with {action = "Get", controller = "WeatherForecast"}. Executing controller action with signature System.Collections.Generic.IEnumerable`1[EntityFrameWorkWithCore.WeatherForecast] Get() on controller EntityFrameWorkWithCore.Controllers.WeatherForecastController (EntityFrameWorkWithCore).
[2024-08-07 18:26:29.798 +06:00  DBG]  Execution plan of authorization filters (in the following order): ["None"]
[2024-08-07 18:26:29.798 +06:00  DBG]  Execution plan of resource filters (in the following order): ["None"]
[2024-08-07 18:26:29.798 +06:00  DBG]  Execution plan of action filters (in the following order): ["Microsoft.AspNetCore.Mvc.ModelBinding.UnsupportedContentTypeFilter (Order: -3000)","Microsoft.AspNetCore.Mvc.Infrastructure.ModelStateInvalidFilter (Order: -2000)"]
[2024-08-07 18:26:29.798 +06:00  DBG]  Execution plan of exception filters (in the following order): ["None"]
[2024-08-07 18:26:29.799 +06:00  DBG]  Execution plan of result filters (in the following order): ["Microsoft.AspNetCore.Mvc.Infrastructure.ClientErrorResultFilter (Order: -2000)"]
[2024-08-07 18:26:29.800 +06:00  DBG]  Executing controller factory for controller EntityFrameWorkWithCore.Controllers.WeatherForecastController (EntityFrameWorkWithCore)
[2024-08-07 18:26:29.800 +06:00  DBG]  Executed controller factory for controller EntityFrameWorkWithCore.Controllers.WeatherForecastController (EntityFrameWorkWithCore)
[2024-08-07 18:26:29.803 +06:00  DBG]  List of registered output formatters, in the following order: ["Microsoft.AspNetCore.Mvc.Formatters.HttpNoContentOutputFormatter","Microsoft.AspNetCore.Mvc.Formatters.StringOutputFormatter","Microsoft.AspNetCore.Mvc.Formatters.StreamOutputFormatter","Microsoft.AspNetCore.Mvc.Formatters.SystemTextJsonOutputFormatter"]
[2024-08-07 18:26:29.805 +06:00  DBG]  Attempting to select an output formatter based on Accept header '["text/plain"]'.
[2024-08-07 18:26:29.805 +06:00  DBG]  Could not find an output formatter based on content negotiation. Accepted types were (["text/plain"])
[2024-08-07 18:26:29.805 +06:00  DBG]  Attempting to select an output formatter without using a content type as no explicit content types were specified for the response.
[2024-08-07 18:26:29.806 +06:00  DBG]  Attempting to select the first formatter in the output formatters list which can write the result.
[2024-08-07 18:26:29.806 +06:00  DBG]  Selected output formatter 'Microsoft.AspNetCore.Mvc.Formatters.SystemTextJsonOutputFormatter' and content type 'application/json' to write the response.
[2024-08-07 18:26:29.806 +06:00  INF]  Executing ObjectResult, writing value of type 'EntityFrameWorkWithCore.WeatherForecast[]'.
[2024-08-07 18:26:29.823 +06:00  INF]  Executed action EntityFrameWorkWithCore.Controllers.WeatherForecastController.Get (EntityFrameWorkWithCore) in 21.3803ms
[2024-08-07 18:26:29.823 +06:00  INF]  Executed endpoint 'EntityFrameWorkWithCore.Controllers.WeatherForecastController.Get (EntityFrameWorkWithCore)'
[2024-08-07 18:26:29.823 +06:00  DBG]  Connection id "0HN5MRGIN8ARM" completed keep alive response.
[2024-08-07 18:26:29.823 +06:00  INF]  Request finished HTTP/1.1 GET http://localhost:5091/WeatherForecast - 200 null application/json; charset=utf-8 55.9863ms
[2024-08-07 18:26:35.447 +06:00  INF]  Request starting HTTP/1.1 GET http://localhost:5091/api/Student/GetStudent1 - null null
[2024-08-07 18:26:35.448 +06:00  DBG]  1 candidate(s) found for the request path '/api/Student/GetStudent1'
[2024-08-07 18:26:35.448 +06:00  DBG]  Endpoint 'EntityFrameWorkWithCore.Controllers.StudentController.GetStudent1 (EntityFrameWorkWithCore)' with route pattern 'api/Student/GetStudent1' is valid for the request path '/api/Student/GetStudent1'
[2024-08-07 18:26:35.448 +06:00  DBG]  Request matched endpoint 'EntityFrameWorkWithCore.Controllers.StudentController.GetStudent1 (EntityFrameWorkWithCore)'
[2024-08-07 18:26:35.448 +06:00  DBG]  AuthenticationScheme: Bearer was not authenticated.
[2024-08-07 18:26:35.449 +06:00  DBG]  Static files was skipped as the request already matched an endpoint.
[2024-08-07 18:26:35.449 +06:00  INF]  Executing endpoint 'EntityFrameWorkWithCore.Controllers.StudentController.GetStudent1 (EntityFrameWorkWithCore)'
[2024-08-07 18:26:35.455 +06:00  INF]  Route matched with {action = "GetStudent1", controller = "Student"}. Executing controller action with signature System.Threading.Tasks.Task`1[Microsoft.AspNetCore.Mvc.IActionResult] GetStudent1() on controller EntityFrameWorkWithCore.Controllers.StudentController (EntityFrameWorkWithCore).
[2024-08-07 18:26:35.455 +06:00  DBG]  Execution plan of authorization filters (in the following order): ["None"]
[2024-08-07 18:26:35.455 +06:00  DBG]  Execution plan of resource filters (in the following order): ["None"]
[2024-08-07 18:26:35.455 +06:00  DBG]  Execution plan of action filters (in the following order): ["Microsoft.AspNetCore.Mvc.ModelBinding.UnsupportedContentTypeFilter (Order: -3000)","Microsoft.AspNetCore.Mvc.Infrastructure.ModelStateInvalidFilter (Order: -2000)"]
[2024-08-07 18:26:35.455 +06:00  DBG]  Execution plan of exception filters (in the following order): ["None"]
[2024-08-07 18:26:35.455 +06:00  DBG]  Execution plan of result filters (in the following order): ["Microsoft.AspNetCore.Mvc.Infrastructure.ClientErrorResultFilter (Order: -2000)"]
[2024-08-07 18:26:35.455 +06:00  DBG]  Executing controller factory for controller EntityFrameWorkWithCore.Controllers.StudentController (EntityFrameWorkWithCore)
[2024-08-07 18:26:35.613 +06:00  DBG]  An 'IServiceProvider' was created for internal use by Entity Framework.
[2024-08-07 18:26:35.669 +06:00  DBG]  Executed controller factory for controller EntityFrameWorkWithCore.Controllers.StudentController (EntityFrameWorkWithCore)
[2024-08-07 18:26:35.734 +06:00  INF]  Executed action EntityFrameWorkWithCore.Controllers.StudentController.GetStudent1 (EntityFrameWorkWithCore) in 278.9318ms
[2024-08-07 18:26:35.736 +06:00  INF]  Executed endpoint 'EntityFrameWorkWithCore.Controllers.StudentController.GetStudent1 (EntityFrameWorkWithCore)'
[2024-08-07 18:26:35.744 +06:00  ERR]  An unhandled exception has occurred while executing the request.
System.NotImplementedException: this method is not implement
   at EntityFrameWorkWithCore.Controllers.StudentController.GetStudent1() in C:\Users\ziaul\source\repos\EntityFrameWorkWithCore\EntityFrameWorkWithCore\Controllers\StudentController.cs:line 48
   at Microsoft.AspNetCore.Mvc.Infrastructure.ActionMethodExecutor.TaskOfIActionResultExecutor.Execute(ActionContext actionContext, IActionResultTypeMapper mapper, ObjectMethodExecutor executor, Object controller, Object[] arguments)
   at Microsoft.AspNetCore.Mvc.Infrastructure.ControllerActionInvoker.<InvokeActionMethodAsync>g__Awaited|12_0(ControllerActionInvoker invoker, ValueTask`1 actionResultValueTask)
   at Microsoft.AspNetCore.Mvc.Infrastructure.ControllerActionInvoker.<InvokeNextActionFilterAsync>g__Awaited|10_0(ControllerActionInvoker invoker, Task lastTask, State next, Scope scope, Object state, Boolean isCompleted)
   at Microsoft.AspNetCore.Mvc.Infrastructure.ControllerActionInvoker.Rethrow(ActionExecutedContextSealed context)
   at Microsoft.AspNetCore.Mvc.Infrastructure.ControllerActionInvoker.Next(State& next, Scope& scope, Object& state, Boolean& isCompleted)
   at Microsoft.AspNetCore.Mvc.Infrastructure.ControllerActionInvoker.InvokeInnerFilterAsync()
--- End of stack trace from previous location ---
   at Microsoft.AspNetCore.Mvc.Infrastructure.ResourceInvoker.<InvokeFilterPipelineAsync>g__Awaited|20_0(ResourceInvoker invoker, Task lastTask, State next, Scope scope, Object state, Boolean isCompleted)
   at Microsoft.AspNetCore.Mvc.Infrastructure.ResourceInvoker.<InvokeAsync>g__Logged|17_1(ResourceInvoker invoker)
   at Microsoft.AspNetCore.Mvc.Infrastructure.ResourceInvoker.<InvokeAsync>g__Logged|17_1(ResourceInvoker invoker)
   at Microsoft.AspNetCore.Routing.EndpointMiddleware.<Invoke>g__AwaitRequestTask|7_0(Endpoint endpoint, Task requestTask, ILogger logger)
   at Microsoft.AspNetCore.Authorization.AuthorizationMiddleware.Invoke(HttpContext context)
   at Microsoft.AspNetCore.Diagnostics.ExceptionHandlerMiddlewareImpl.<Invoke>g__Awaited|10_0(ExceptionHandlerMiddlewareImpl middleware, HttpContext context, Task task)
[2024-08-07 18:26:35.782 +06:00  ERR]  something wrong
[2024-08-07 18:26:35.789 +06:00  DBG]  Connection id "0HN5MRGIN8ARM" completed keep alive response.
[2024-08-07 18:26:35.795 +06:00  INF]  Request finished HTTP/1.1 GET http://localhost:5091/api/Student/GetStudent1 - 500 null application/json; charset=utf-8 347.6662ms
[2024-08-07 18:26:41.348 +06:00  INF]  Request starting HTTP/1.1 GET http://localhost:5091/api/Student/GetStudent - null null
[2024-08-07 18:26:41.349 +06:00  DBG]  1 candidate(s) found for the request path '/api/Student/GetStudent'
[2024-08-07 18:26:41.350 +06:00  DBG]  Endpoint 'EntityFrameWorkWithCore.Controllers.StudentController.GetStudent (EntityFrameWorkWithCore)' with route pattern 'api/Student/GetStudent' is valid for the request path '/api/Student/GetStudent'
[2024-08-07 18:26:41.350 +06:00  DBG]  Request matched endpoint 'EntityFrameWorkWithCore.Controllers.StudentController.GetStudent (EntityFrameWorkWithCore)'
[2024-08-07 18:26:41.350 +06:00  DBG]  AuthenticationScheme: Bearer was not authenticated.
[2024-08-07 18:26:41.350 +06:00  DBG]  Static files was skipped as the request already matched an endpoint.
[2024-08-07 18:26:41.350 +06:00  INF]  Executing endpoint 'EntityFrameWorkWithCore.Controllers.StudentController.GetStudent (EntityFrameWorkWithCore)'
[2024-08-07 18:26:41.354 +06:00  INF]  Route matched with {action = "GetStudent", controller = "Student"}. Executing controller action with signature System.Threading.Tasks.Task`1[Microsoft.AspNetCore.Mvc.IActionResult] GetStudent() on controller EntityFrameWorkWithCore.Controllers.StudentController (EntityFrameWorkWithCore).
[2024-08-07 18:26:41.354 +06:00  DBG]  Execution plan of authorization filters (in the following order): ["None"]
[2024-08-07 18:26:41.354 +06:00  DBG]  Execution plan of resource filters (in the following order): ["None"]
[2024-08-07 18:26:41.354 +06:00  DBG]  Execution plan of action filters (in the following order): ["Microsoft.AspNetCore.Mvc.ModelBinding.UnsupportedContentTypeFilter (Order: -3000)","Microsoft.AspNetCore.Mvc.Infrastructure.ModelStateInvalidFilter (Order: -2000)"]
[2024-08-07 18:26:41.354 +06:00  DBG]  Execution plan of exception filters (in the following order): ["None"]
[2024-08-07 18:26:41.354 +06:00  DBG]  Execution plan of result filters (in the following order): ["Microsoft.AspNetCore.Mvc.Infrastructure.ClientErrorResultFilter (Order: -2000)"]
[2024-08-07 18:26:41.354 +06:00  DBG]  Executing controller factory for controller EntityFrameWorkWithCore.Controllers.StudentController (EntityFrameWorkWithCore)
[2024-08-07 18:26:41.366 +06:00  DBG]  Executed controller factory for controller EntityFrameWorkWithCore.Controllers.StudentController (EntityFrameWorkWithCore)
[2024-08-07 18:26:41.803 +06:00  DBG]  Entity Framework Core 8.0.6 initialized 'ApplicationDbContext' using provider 'Microsoft.EntityFrameworkCore.SqlServer:8.0.6' with options: None
[2024-08-07 18:26:41.831 +06:00  DBG]  Compiling query expression: 
'DbSet<Student>()'
[2024-08-07 18:26:41.991 +06:00  DBG]  Generated query execution expression: 
'queryContext => new SingleQueryingEnumerable<Student>(
    (RelationalQueryContext)queryContext, 
    RelationalCommandCache.QueryExpression(
        Projection Mapping:
            EmptyProjectionMember -> Dictionary<IProperty, int> { [Property: Student.Id (int) Required PK AfterSave:Throw ValueGenerated.OnAdd, 0], [Property: Student.Address (string) Required, 1], [Property: Student.DepartmentId (int) Required, 2], [Property: Student.Description (string) Required, 3], [Property: Student.Name (string) Required, 4] }
        SELECT s.Id, s.Address, s.DepartmentId, s.Description, s.Name
        FROM Students AS s), 
    null, 
    Func<QueryContext, DbDataReader, ResultContext, SingleQueryResultCoordinator, Student>, 
    EntityFrameWorkWithCore.Context.ApplicationDbContext, 
    False, 
    False, 
    True
)'
[2024-08-07 18:26:42.012 +06:00  DBG]  Creating DbConnection.
[2024-08-07 18:26:42.016 +06:00  DBG]  Created DbConnection. (2ms).
[2024-08-07 18:26:42.018 +06:00  DBG]  Opening connection to database 'EFTestDB' on server 'ZIAUL'.
[2024-08-07 18:26:42.385 +06:00  DBG]  Opened connection to database 'EFTestDB' on server 'ZIAUL'.
[2024-08-07 18:26:42.387 +06:00  DBG]  Creating DbCommand for 'ExecuteReader'.
[2024-08-07 18:26:42.393 +06:00  DBG]  Created DbCommand for 'ExecuteReader' (3ms).
[2024-08-07 18:26:42.394 +06:00  DBG]  Initialized DbCommand for 'ExecuteReader' (7ms).
[2024-08-07 18:26:42.400 +06:00  DBG]  Executing DbCommand [Parameters=[], CommandType='"Text"', CommandTimeout='30']
SELECT [s].[Id], [s].[Address], [s].[DepartmentId], [s].[Description], [s].[Name]
FROM [Students] AS [s]
[2024-08-07 18:26:42.423 +06:00  INF]  Executed DbCommand (23ms) [Parameters=[], CommandType='"Text"', CommandTimeout='30']
SELECT [s].[Id], [s].[Address], [s].[DepartmentId], [s].[Description], [s].[Name]
FROM [Students] AS [s]
[2024-08-07 18:26:42.450 +06:00  DBG]  Context 'ApplicationDbContext' started tracking 'Student' entity. Consider using 'DbContextOptionsBuilder.EnableSensitiveDataLogging' to see key values.
[2024-08-07 18:26:42.465 +06:00  DBG]  Context 'ApplicationDbContext' started tracking 'Student' entity. Consider using 'DbContextOptionsBuilder.EnableSensitiveDataLogging' to see key values.
[2024-08-07 18:26:42.468 +06:00  DBG]  Closing data reader to 'EFTestDB' on server 'ZIAUL'.
[2024-08-07 18:26:42.474 +06:00  DBG]  A data reader for 'EFTestDB' on server 'ZIAUL' is being disposed after spending 46ms reading results.
[2024-08-07 18:26:42.476 +06:00  DBG]  Closing connection to database 'EFTestDB' on server 'ZIAUL'.
[2024-08-07 18:26:42.480 +06:00  DBG]  Closed connection to database 'EFTestDB' on server 'ZIAUL' (3ms).
[2024-08-07 18:26:42.481 +06:00  DBG]  List of registered output formatters, in the following order: ["Microsoft.AspNetCore.Mvc.Formatters.HttpNoContentOutputFormatter","Microsoft.AspNetCore.Mvc.Formatters.StringOutputFormatter","Microsoft.AspNetCore.Mvc.Formatters.StreamOutputFormatter","Microsoft.AspNetCore.Mvc.Formatters.SystemTextJsonOutputFormatter"]
[2024-08-07 18:26:42.481 +06:00  DBG]  No information found on request to perform content negotiation.
[2024-08-07 18:26:42.481 +06:00  DBG]  Attempting to select an output formatter without using a content type as no explicit content types were specified for the response.
[2024-08-07 18:26:42.481 +06:00  DBG]  Attempting to select the first formatter in the output formatters list which can write the result.
[2024-08-07 18:26:42.481 +06:00  DBG]  Selected output formatter 'Microsoft.AspNetCore.Mvc.Formatters.SystemTextJsonOutputFormatter' and content type 'application/json' to write the response.
[2024-08-07 18:26:42.481 +06:00  INF]  Executing OkObjectResult, writing value of type 'System.Collections.Generic.List`1[[EntityFrameWorkWithCore.Models.Student, EntityFrameWorkWithCore, Version=1.0.0.0, Culture=neutral, PublicKeyToken=null]]'.
[2024-08-07 18:26:42.483 +06:00  INF]  Executed action EntityFrameWorkWithCore.Controllers.StudentController.GetStudent (EntityFrameWorkWithCore) in 1129.0947ms
[2024-08-07 18:26:42.483 +06:00  INF]  Executed endpoint 'EntityFrameWorkWithCore.Controllers.StudentController.GetStudent (EntityFrameWorkWithCore)'
[2024-08-07 18:26:42.483 +06:00  DBG]  Connection id "0HN5MRGIN8ARM" completed keep alive response.
[2024-08-07 18:26:42.484 +06:00  DBG]  'ApplicationDbContext' disposed.
[2024-08-07 18:26:42.488 +06:00  DBG]  Disposing connection to database 'EFTestDB' on server 'ZIAUL'.
[2024-08-07 18:26:42.489 +06:00  DBG]  Disposed connection to database '' on server '' (1ms).
[2024-08-07 18:26:42.489 +06:00  INF]  Request finished HTTP/1.1 GET http://localhost:5091/api/Student/GetStudent - 200 null application/json; charset=utf-8 1141.2367ms
[2024-08-07 18:27:05.313 +06:00  DBG]  Registered model binder providers, in the following order: ["Microsoft.AspNetCore.Mvc.ModelBinding.Binders.BinderTypeModelBinderProvider","Microsoft.AspNetCore.Mvc.ModelBinding.Binders.ServicesModelBinderProvider","Microsoft.AspNetCore.Mvc.ModelBinding.Binders.BodyModelBinderProvider","Microsoft.AspNetCore.Mvc.ModelBinding.Binders.HeaderModelBinderProvider","Microsoft.AspNetCore.Mvc.ModelBinding.Binders.FloatingPointTypeModelBinderProvider","Microsoft.AspNetCore.Mvc.ModelBinding.Binders.EnumTypeModelBinderProvider","Microsoft.AspNetCore.Mvc.ModelBinding.Binders.DateTimeModelBinderProvider","Microsoft.AspNetCore.Mvc.ModelBinding.Binders.SimpleTypeModelBinderProvider","Microsoft.AspNetCore.Mvc.ModelBinding.Binders.TryParseModelBinderProvider","Microsoft.AspNetCore.Mvc.ModelBinding.Binders.CancellationTokenModelBinderProvider","Microsoft.AspNetCore.Mvc.ModelBinding.Binders.ByteArrayModelBinderProvider","Microsoft.AspNetCore.Mvc.ModelBinding.Binders.FormFileModelBinderProvider","Microsoft.AspNetCore.Mvc.ModelBinding.Binders.FormCollectionModelBinderProvider","Microsoft.AspNetCore.Mvc.ModelBinding.Binders.KeyValuePairModelBinderProvider","Microsoft.AspNetCore.Mvc.ModelBinding.Binders.DictionaryModelBinderProvider","Microsoft.AspNetCore.Mvc.ModelBinding.Binders.ArrayModelBinderProvider","Microsoft.AspNetCore.Mvc.ModelBinding.Binders.CollectionModelBinderProvider","Microsoft.AspNetCore.Mvc.ModelBinding.Binders.ComplexObjectModelBinderProvider"]
[2024-08-07 18:27:05.364 +06:00  DBG]  Hosting starting
[2024-08-07 18:27:05.384 +06:00  INF]  User profile is available. Using 'C:\Users\ziaul\AppData\Local\ASP.NET\DataProtection-Keys' as key repository and Windows DPAPI to encrypt keys at rest.
[2024-08-07 18:27:05.387 +06:00  DBG]  Reading data from file 'C:\Users\ziaul\AppData\Local\ASP.NET\DataProtection-Keys\key-1bc457fc-042a-4060-a0e9-138beac0f8e0.xml'.
[2024-08-07 18:27:05.389 +06:00  DBG]  Reading data from file 'C:\Users\ziaul\AppData\Local\ASP.NET\DataProtection-Keys\key-2b0ee0e3-fdef-4e3c-ab91-475912b5cd99.xml'.
[2024-08-07 18:27:05.390 +06:00  DBG]  Reading data from file 'C:\Users\ziaul\AppData\Local\ASP.NET\DataProtection-Keys\key-8f48434d-14d4-4f89-bb9a-009887902b00.xml'.
[2024-08-07 18:27:05.390 +06:00  DBG]  Reading data from file 'C:\Users\ziaul\AppData\Local\ASP.NET\DataProtection-Keys\key-b7be5a74-2930-4c3a-b673-3861e44f1be7.xml'.
[2024-08-07 18:27:05.392 +06:00  DBG]  Found key {1bc457fc-042a-4060-a0e9-138beac0f8e0}.
[2024-08-07 18:27:05.393 +06:00  DBG]  Found key {2b0ee0e3-fdef-4e3c-ab91-475912b5cd99}.
[2024-08-07 18:27:05.394 +06:00  DBG]  Found key {8f48434d-14d4-4f89-bb9a-009887902b00}.
[2024-08-07 18:27:05.394 +06:00  DBG]  Found key {b7be5a74-2930-4c3a-b673-3861e44f1be7}.
[2024-08-07 18:27:05.396 +06:00  DBG]  Considering key {8f48434d-14d4-4f89-bb9a-009887902b00} with expiration date 2024-09-22 14:20:36Z as default key.
[2024-08-07 18:27:05.397 +06:00  DBG]  Forwarded activator type request from Microsoft.AspNetCore.DataProtection.XmlEncryption.DpapiXmlDecryptor, Microsoft.AspNetCore.DataProtection, Version=8.0.0.0, Culture=neutral, PublicKeyToken=adb9793829ddae60 to Microsoft.AspNetCore.DataProtection.XmlEncryption.DpapiXmlDecryptor, Microsoft.AspNetCore.DataProtection, Culture=neutral, PublicKeyToken=adb9793829ddae60
[2024-08-07 18:27:05.398 +06:00  DBG]  Decrypting secret element using Windows DPAPI.
[2024-08-07 18:27:05.399 +06:00  DBG]  Forwarded activator type request from Microsoft.AspNetCore.DataProtection.AuthenticatedEncryption.ConfigurationModel.AuthenticatedEncryptorDescriptorDeserializer, Microsoft.AspNetCore.DataProtection, Version=8.0.0.0, Culture=neutral, PublicKeyToken=adb9793829ddae60 to Microsoft.AspNetCore.DataProtection.AuthenticatedEncryption.ConfigurationModel.AuthenticatedEncryptorDescriptorDeserializer, Microsoft.AspNetCore.DataProtection, Culture=neutral, PublicKeyToken=adb9793829ddae60
[2024-08-07 18:27:05.401 +06:00  DBG]  Opening CNG algorithm 'AES' from provider 'null' with chaining mode CBC.
[2024-08-07 18:27:05.401 +06:00  DBG]  Opening CNG algorithm 'SHA256' from provider 'null' with HMAC.
[2024-08-07 18:27:05.402 +06:00  DBG]  Using key {8f48434d-14d4-4f89-bb9a-009887902b00} as the default key.
[2024-08-07 18:27:05.402 +06:00  DBG]  Key ring with default key {8f48434d-14d4-4f89-bb9a-009887902b00} was loaded during application startup.
[2024-08-07 18:27:05.473 +06:00  INF]  Now listening on: http://localhost:5091
[2024-08-07 18:27:05.473 +06:00  DBG]  Loaded hosting startup assembly EntityFrameWorkWithCore
[2024-08-07 18:27:05.473 +06:00  DBG]  Loaded hosting startup assembly Microsoft.AspNetCore.Watch.BrowserRefresh
[2024-08-07 18:27:05.473 +06:00  DBG]  Loaded hosting startup assembly Microsoft.WebTools.BrowserLink.Net
[2024-08-07 18:27:05.473 +06:00  INF]  Application started. Press Ctrl+C to shut down.
[2024-08-07 18:27:05.473 +06:00  INF]  Hosting environment: Production
[2024-08-07 18:27:05.473 +06:00  INF]  Content root path: C:\Users\ziaul\source\repos\EntityFrameWorkWithCore\EntityFrameWorkWithCore
[2024-08-07 18:27:05.473 +06:00  DBG]  Hosting started
[2024-08-07 18:27:05.600 +06:00  DBG]  Connection id "0HN5MRGVPNJT0" accepted.
[2024-08-07 18:27:05.600 +06:00  DBG]  Connection id "0HN5MRGVPNJSV" accepted.
[2024-08-07 18:27:05.601 +06:00  DBG]  Connection id "0HN5MRGVPNJSV" started.
[2024-08-07 18:27:05.601 +06:00  DBG]  Connection id "0HN5MRGVPNJT0" started.
[2024-08-07 18:27:05.626 +06:00  DBG]  Connection id "0HN5MRGVPNJT0" received FIN.
[2024-08-07 18:27:05.626 +06:00  DBG]  Connection id "0HN5MRGVPNJSV" received FIN.
[2024-08-07 18:27:05.629 +06:00  DBG]  Connection id "0HN5MRGVPNJT0" sending FIN because: "The Socket transport's send loop completed gracefully."
[2024-08-07 18:27:05.629 +06:00  DBG]  Connection id "0HN5MRGVPNJSV" sending FIN because: "The Socket transport's send loop completed gracefully."
[2024-08-07 18:27:05.631 +06:00  DBG]  Connection id "0HN5MRGVPNJT0" disconnecting.
[2024-08-07 18:27:05.631 +06:00  DBG]  Connection id "0HN5MRGVPNJSV" disconnecting.
[2024-08-07 18:27:05.635 +06:00  DBG]  Connection id "0HN5MRGVPNJT0" stopped.
[2024-08-07 18:27:05.635 +06:00  DBG]  Connection id "0HN5MRGVPNJSV" stopped.
[2024-08-07 18:27:05.751 +06:00  DBG]  Connection id "0HN5MRGVPNJT1" accepted.
[2024-08-07 18:27:05.751 +06:00  DBG]  Connection id "0HN5MRGVPNJT1" started.
[2024-08-07 18:27:05.752 +06:00  DBG]  Connection id "0HN5MRGVPNJT2" accepted.
[2024-08-07 18:27:05.752 +06:00  DBG]  Connection id "0HN5MRGVPNJT2" started.
[2024-08-07 18:27:05.776 +06:00  INF]  Request starting HTTP/1.1 GET http://localhost:5091/api/Student/GetStudent - null null
[2024-08-07 18:27:05.828 +06:00  DBG]  Wildcard detected, all requests with hosts will be allowed.
[2024-08-07 18:27:05.839 +06:00  DBG]  1 candidate(s) found for the request path '/api/Student/GetStudent'
[2024-08-07 18:27:05.840 +06:00  DBG]  Endpoint 'EntityFrameWorkWithCore.Controllers.StudentController.GetStudent (EntityFrameWorkWithCore)' with route pattern 'api/Student/GetStudent' is valid for the request path '/api/Student/GetStudent'
[2024-08-07 18:27:05.840 +06:00  DBG]  Request matched endpoint 'EntityFrameWorkWithCore.Controllers.StudentController.GetStudent (EntityFrameWorkWithCore)'
[2024-08-07 18:27:05.877 +06:00  DBG]  AuthenticationScheme: Bearer was not authenticated.
[2024-08-07 18:27:05.884 +06:00  DBG]  Static files was skipped as the request already matched an endpoint.
[2024-08-07 18:27:05.885 +06:00  INF]  Executing endpoint 'EntityFrameWorkWithCore.Controllers.StudentController.GetStudent (EntityFrameWorkWithCore)'
[2024-08-07 18:27:05.896 +06:00  INF]  Route matched with {action = "GetStudent", controller = "Student"}. Executing controller action with signature System.Threading.Tasks.Task`1[Microsoft.AspNetCore.Mvc.IActionResult] GetStudent() on controller EntityFrameWorkWithCore.Controllers.StudentController (EntityFrameWorkWithCore).
[2024-08-07 18:27:05.897 +06:00  DBG]  Execution plan of authorization filters (in the following order): ["None"]
[2024-08-07 18:27:05.897 +06:00  DBG]  Execution plan of resource filters (in the following order): ["None"]
[2024-08-07 18:27:05.897 +06:00  DBG]  Execution plan of action filters (in the following order): ["Microsoft.AspNetCore.Mvc.ModelBinding.UnsupportedContentTypeFilter (Order: -3000)","Microsoft.AspNetCore.Mvc.Infrastructure.ModelStateInvalidFilter (Order: -2000)"]
[2024-08-07 18:27:05.897 +06:00  DBG]  Execution plan of exception filters (in the following order): ["None"]
[2024-08-07 18:27:05.897 +06:00  DBG]  Execution plan of result filters (in the following order): ["Microsoft.AspNetCore.Mvc.Infrastructure.ClientErrorResultFilter (Order: -2000)"]
[2024-08-07 18:27:05.898 +06:00  DBG]  Executing controller factory for controller EntityFrameWorkWithCore.Controllers.StudentController (EntityFrameWorkWithCore)
[2024-08-07 18:27:05.950 +06:00  DBG]  An 'IServiceProvider' was created for internal use by Entity Framework.
[2024-08-07 18:27:05.981 +06:00  DBG]  Executed controller factory for controller EntityFrameWorkWithCore.Controllers.StudentController (EntityFrameWorkWithCore)
[2024-08-07 18:27:06.189 +06:00  DBG]  Entity Framework Core 8.0.6 initialized 'ApplicationDbContext' using provider 'Microsoft.EntityFrameworkCore.SqlServer:8.0.6' with options: None
[2024-08-07 18:27:06.207 +06:00  DBG]  Compiling query expression: 
'DbSet<Student>()'
[2024-08-07 18:27:06.279 +06:00  DBG]  Generated query execution expression: 
'queryContext => new SingleQueryingEnumerable<Student>(
    (RelationalQueryContext)queryContext, 
    RelationalCommandCache.QueryExpression(
        Projection Mapping:
            EmptyProjectionMember -> Dictionary<IProperty, int> { [Property: Student.Id (int) Required PK AfterSave:Throw ValueGenerated.OnAdd, 0], [Property: Student.Address (string) Required, 1], [Property: Student.DepartmentId (int) Required, 2], [Property: Student.Description (string) Required, 3], [Property: Student.Name (string) Required, 4] }
        SELECT s.Id, s.Address, s.DepartmentId, s.Description, s.Name
        FROM Students AS s), 
    null, 
    Func<QueryContext, DbDataReader, ResultContext, SingleQueryResultCoordinator, Student>, 
    EntityFrameWorkWithCore.Context.ApplicationDbContext, 
    False, 
    False, 
    True
)'
[2024-08-07 18:27:06.292 +06:00  DBG]  Creating DbConnection.
[2024-08-07 18:27:06.294 +06:00  DBG]  Created DbConnection. (1ms).
[2024-08-07 18:27:06.295 +06:00  DBG]  Opening connection to database 'EFTestDB' on server 'ZIAUL'.
[2024-08-07 18:27:06.405 +06:00  DBG]  Opened connection to database 'EFTestDB' on server 'ZIAUL'.
[2024-08-07 18:27:06.406 +06:00  DBG]  Creating DbCommand for 'ExecuteReader'.
[2024-08-07 18:27:06.409 +06:00  DBG]  Created DbCommand for 'ExecuteReader' (1ms).
[2024-08-07 18:27:06.411 +06:00  DBG]  Initialized DbCommand for 'ExecuteReader' (4ms).
[2024-08-07 18:27:06.414 +06:00  DBG]  Executing DbCommand [Parameters=[], CommandType='"Text"', CommandTimeout='30']
SELECT [s].[Id], [s].[Address], [s].[DepartmentId], [s].[Description], [s].[Name]
FROM [Students] AS [s]
[2024-08-07 18:27:06.428 +06:00  INF]  Executed DbCommand (13ms) [Parameters=[], CommandType='"Text"', CommandTimeout='30']
SELECT [s].[Id], [s].[Address], [s].[DepartmentId], [s].[Description], [s].[Name]
FROM [Students] AS [s]
[2024-08-07 18:27:06.445 +06:00  DBG]  Context 'ApplicationDbContext' started tracking 'Student' entity. Consider using 'DbContextOptionsBuilder.EnableSensitiveDataLogging' to see key values.
[2024-08-07 18:27:06.452 +06:00  DBG]  Context 'ApplicationDbContext' started tracking 'Student' entity. Consider using 'DbContextOptionsBuilder.EnableSensitiveDataLogging' to see key values.
[2024-08-07 18:27:06.454 +06:00  DBG]  Closing data reader to 'EFTestDB' on server 'ZIAUL'.
[2024-08-07 18:27:06.457 +06:00  DBG]  A data reader for 'EFTestDB' on server 'ZIAUL' is being disposed after spending 26ms reading results.
[2024-08-07 18:27:06.458 +06:00  DBG]  Closing connection to database 'EFTestDB' on server 'ZIAUL'.
[2024-08-07 18:27:06.460 +06:00  DBG]  Closed connection to database 'EFTestDB' on server 'ZIAUL' (2ms).
[2024-08-07 18:27:06.461 +06:00  DBG]  List of registered output formatters, in the following order: ["Microsoft.AspNetCore.Mvc.Formatters.HttpNoContentOutputFormatter","Microsoft.AspNetCore.Mvc.Formatters.StringOutputFormatter","Microsoft.AspNetCore.Mvc.Formatters.StreamOutputFormatter","Microsoft.AspNetCore.Mvc.Formatters.SystemTextJsonOutputFormatter"]
[2024-08-07 18:27:06.464 +06:00  DBG]  No information found on request to perform content negotiation.
[2024-08-07 18:27:06.464 +06:00  DBG]  Attempting to select an output formatter without using a content type as no explicit content types were specified for the response.
[2024-08-07 18:27:06.464 +06:00  DBG]  Attempting to select the first formatter in the output formatters list which can write the result.
[2024-08-07 18:27:06.464 +06:00  DBG]  Selected output formatter 'Microsoft.AspNetCore.Mvc.Formatters.SystemTextJsonOutputFormatter' and content type 'application/json' to write the response.
[2024-08-07 18:27:06.464 +06:00  INF]  Executing OkObjectResult, writing value of type 'System.Collections.Generic.List`1[[EntityFrameWorkWithCore.Models.Student, EntityFrameWorkWithCore, Version=1.0.0.0, Culture=neutral, PublicKeyToken=null]]'.
[2024-08-07 18:27:06.497 +06:00  INF]  Executed action EntityFrameWorkWithCore.Controllers.StudentController.GetStudent (EntityFrameWorkWithCore) in 597.6728ms
[2024-08-07 18:27:06.497 +06:00  INF]  Executed endpoint 'EntityFrameWorkWithCore.Controllers.StudentController.GetStudent (EntityFrameWorkWithCore)'
[2024-08-07 18:27:06.498 +06:00  DBG]  Connection id "0HN5MRGVPNJT1" completed keep alive response.
[2024-08-07 18:27:06.499 +06:00  DBG]  'ApplicationDbContext' disposed.
[2024-08-07 18:27:06.501 +06:00  DBG]  Disposing connection to database 'EFTestDB' on server 'ZIAUL'.
[2024-08-07 18:27:06.502 +06:00  DBG]  Disposed connection to database '' on server '' (1ms).
[2024-08-07 18:27:06.503 +06:00  INF]  Request finished HTTP/1.1 GET http://localhost:5091/api/Student/GetStudent - 200 null application/json; charset=utf-8 729.6822ms
[2024-08-07 18:27:06.596 +06:00  INF]  Request starting HTTP/1.1 GET http://localhost:5091/favicon.ico - null null
[2024-08-07 18:27:06.597 +06:00  DBG]  No candidates found for the request path '/favicon.ico'
[2024-08-07 18:27:06.597 +06:00  DBG]  Request did not match any endpoints
[2024-08-07 18:27:06.598 +06:00  DBG]  AuthenticationScheme: Bearer was not authenticated.
[2024-08-07 18:27:06.598 +06:00  DBG]  The request path  does not match the path filter
[2024-08-07 18:27:06.599 +06:00  DBG]  Connection id "0HN5MRGVPNJT1" completed keep alive response.
[2024-08-07 18:27:06.599 +06:00  INF]  Request finished HTTP/1.1 GET http://localhost:5091/favicon.ico - 404 0 null 3.1173ms
[2024-08-07 18:27:06.599 +06:00  INF]  Request reached the end of the middleware pipeline without being handled by application code. Request path: GET http://localhost:5091/favicon.ico, Response status code: 404
