[2024-07-15 15:37:44.817 +06:00  INF]  User profile is available. Using 'C:\Users\ziaul\AppData\Local\ASP.NET\DataProtection-Keys' as key repository and Windows DPAPI to encrypt keys at rest.
[2024-07-15 15:37:44.952 +06:00  INF]  Now listening on: http://localhost:5091
[2024-07-15 15:37:44.953 +06:00  INF]  Application started. Press Ctrl+C to shut down.
[2024-07-15 15:37:44.954 +06:00  INF]  Hosting environment: Development
[2024-07-15 15:37:44.954 +06:00  INF]  Content root path: C:\Users\ziaul\source\repos\EntityFrameWorkWithCore\EntityFrameWorkWithCore
[2024-07-15 15:37:45.960 +06:00  INF]  Request starting HTTP/1.1 GET http://localhost:5091/swagger - null null
[2024-07-15 15:37:46.111 +06:00  INF]  Request finished HTTP/1.1 GET http://localhost:5091/swagger - 301 0 null 154.0736ms
[2024-07-15 15:37:46.112 +06:00  INF]  Request starting HTTP/1.1 GET http://localhost:5091/swagger/index.html - null null
[2024-07-15 15:37:46.168 +06:00  INF]  Request finished HTTP/1.1 GET http://localhost:5091/swagger/index.html - 200 null text/html;charset=utf-8 55.4824ms
[2024-07-15 15:37:46.181 +06:00  INF]  Request starting HTTP/1.1 GET http://localhost:5091/swagger/swagger-ui.css - null null
[2024-07-15 15:37:46.186 +06:00  INF]  Request starting HTTP/1.1 GET http://localhost:5091/swagger/swagger-ui-bundle.js - null null
[2024-07-15 15:37:46.187 +06:00  INF]  Request starting HTTP/1.1 GET http://localhost:5091/swagger/swagger-ui-standalone-preset.js - null null
[2024-07-15 15:37:46.192 +06:00  INF]  Request starting HTTP/1.1 GET http://localhost:5091/_vs/browserLink - null null
[2024-07-15 15:37:46.192 +06:00  INF]  Request starting HTTP/1.1 GET http://localhost:5091/_framework/aspnetcore-browser-refresh.js - null null
[2024-07-15 15:37:46.197 +06:00  INF]  Request finished HTTP/1.1 GET http://localhost:5091/_framework/aspnetcore-browser-refresh.js - 200 13782 application/javascript; charset=utf-8 3.941ms
[2024-07-15 15:37:46.209 +06:00  INF]  Request starting HTTP/1.1 GET http://localhost:5091/_framework/aspnetcore-browser-refresh.js - null null
[2024-07-15 15:37:46.212 +06:00  INF]  Request finished HTTP/1.1 GET http://localhost:5091/_framework/aspnetcore-browser-refresh.js - 200 13782 application/javascript; charset=utf-8 2.5057ms
[2024-07-15 15:37:46.228 +06:00  INF]  Sending file. Request path: '/swagger-ui-standalone-preset.js'. Physical path: 'N/A'
[2024-07-15 15:37:46.228 +06:00  INF]  Sending file. Request path: '/swagger-ui.css'. Physical path: 'N/A'
[2024-07-15 15:37:46.229 +06:00  INF]  Request finished HTTP/1.1 GET http://localhost:5091/swagger/swagger-ui.css - 200 143943 text/css 48.8243ms
[2024-07-15 15:37:46.229 +06:00  INF]  Request finished HTTP/1.1 GET http://localhost:5091/swagger/swagger-ui-standalone-preset.js - 200 339486 text/javascript 42.2531ms
[2024-07-15 15:37:46.230 +06:00  INF]  Request starting HTTP/1.1 GET http://localhost:5091/swagger/swagger-ui-standalone-preset.js - null null
[2024-07-15 15:37:46.232 +06:00  INF]  Sending file. Request path: '/swagger-ui-bundle.js'. Physical path: 'N/A'
[2024-07-15 15:37:46.232 +06:00  INF]  Sending file. Request path: '/swagger-ui-standalone-preset.js'. Physical path: 'N/A'
[2024-07-15 15:37:46.232 +06:00  INF]  Request finished HTTP/1.1 GET http://localhost:5091/swagger/swagger-ui-standalone-preset.js - 200 339486 text/javascript 2.1601ms
[2024-07-15 15:37:46.232 +06:00  INF]  Request finished HTTP/1.1 GET http://localhost:5091/swagger/swagger-ui-bundle.js - 200 1096145 text/javascript 46.1017ms
[2024-07-15 15:37:46.248 +06:00  INF]  Request finished HTTP/1.1 GET http://localhost:5091/_vs/browserLink - 200 null text/javascript; charset=UTF-8 55.8776ms
[2024-07-15 15:37:46.397 +06:00  INF]  Request starting HTTP/1.1 GET http://localhost:5091/swagger/v1/swagger.json - null null
[2024-07-15 15:37:46.410 +06:00  INF]  Request starting HTTP/1.1 GET http://localhost:5091/swagger/favicon-32x32.png - null null
[2024-07-15 15:37:46.410 +06:00  INF]  Sending file. Request path: '/favicon-32x32.png'. Physical path: 'N/A'
[2024-07-15 15:37:46.411 +06:00  INF]  Request finished HTTP/1.1 GET http://localhost:5091/swagger/favicon-32x32.png - 200 628 image/png 0.472ms
[2024-07-15 15:37:46.460 +06:00  INF]  Request finished HTTP/1.1 GET http://localhost:5091/swagger/v1/swagger.json - 200 null application/json;charset=utf-8 62.7082ms
[2024-07-15 15:37:46.640 +06:00  INF]  Request starting HTTP/1.1 GET http://localhost:5091/swagger/swagger-ui-bundle.js - null null
[2024-07-15 15:37:46.643 +06:00  INF]  Request starting HTTP/1.1 GET http://localhost:5091/_vs/browserLink - null null
[2024-07-15 15:37:46.646 +06:00  INF]  Sending file. Request path: '/swagger-ui-bundle.js'. Physical path: 'N/A'
[2024-07-15 15:37:46.646 +06:00  INF]  Request finished HTTP/1.1 GET http://localhost:5091/swagger/swagger-ui-bundle.js - 200 1096145 text/javascript 6.1379ms
[2024-07-15 15:37:46.648 +06:00  INF]  Request finished HTTP/1.1 GET http://localhost:5091/_vs/browserLink - 200 null text/javascript; charset=UTF-8 4.8578ms
[2024-07-15 15:37:51.013 +06:00  INF]  Request starting HTTP/1.1 GET http://localhost:5091/WeatherForecast - null null
[2024-07-15 15:37:51.018 +06:00  INF]  Executing endpoint 'EntityFrameWorkWithCore.Controllers.WeatherForecastController.Get (EntityFrameWorkWithCore)'
[2024-07-15 15:37:51.032 +06:00  INF]  Route matched with {action = "Get", controller = "WeatherForecast"}. Executing controller action with signature System.Collections.Generic.IEnumerable`1[EntityFrameWorkWithCore.WeatherForecast] Get() on controller EntityFrameWorkWithCore.Controllers.WeatherForecastController (EntityFrameWorkWithCore).
[2024-07-15 15:37:51.034 +06:00  INF]  Today was so sunny!!
[2024-07-15 15:37:51.039 +06:00  INF]  Executing ObjectResult, writing value of type 'EntityFrameWorkWithCore.WeatherForecast[]'.
[2024-07-15 15:37:51.055 +06:00  INF]  Executed action EntityFrameWorkWithCore.Controllers.WeatherForecastController.Get (EntityFrameWorkWithCore) in 19.5815ms
[2024-07-15 15:37:51.055 +06:00  INF]  Executed endpoint 'EntityFrameWorkWithCore.Controllers.WeatherForecastController.Get (EntityFrameWorkWithCore)'
[2024-07-15 15:37:51.056 +06:00  INF]  Request finished HTTP/1.1 GET http://localhost:5091/WeatherForecast - 200 null application/json; charset=utf-8 42.2952ms
[2024-07-15 15:39:13.867 +06:00  INF]  User profile is available. Using 'C:\Users\ziaul\AppData\Local\ASP.NET\DataProtection-Keys' as key repository and Windows DPAPI to encrypt keys at rest.
[2024-07-15 15:39:13.955 +06:00  INF]  Now listening on: http://localhost:5091
[2024-07-15 15:39:13.956 +06:00  INF]  Application started. Press Ctrl+C to shut down.
[2024-07-15 15:39:13.956 +06:00  INF]  Hosting environment: Development
[2024-07-15 15:39:13.956 +06:00  INF]  Content root path: C:\Users\ziaul\source\repos\EntityFrameWorkWithCore\EntityFrameWorkWithCore
[2024-07-15 15:39:14.294 +06:00  INF]  Request starting HTTP/1.1 GET http://localhost:5091/swagger/index.html - null null
[2024-07-15 15:39:14.535 +06:00  INF]  Request finished HTTP/1.1 GET http://localhost:5091/swagger/index.html - 200 null text/html;charset=utf-8 241.7081ms
[2024-07-15 15:39:14.555 +06:00  INF]  Request starting HTTP/1.1 GET http://localhost:5091/_framework/aspnetcore-browser-refresh.js - null null
[2024-07-15 15:39:14.556 +06:00  INF]  Request starting HTTP/1.1 GET http://localhost:5091/_vs/browserLink - null null
[2024-07-15 15:39:14.559 +06:00  INF]  Request finished HTTP/1.1 GET http://localhost:5091/_framework/aspnetcore-browser-refresh.js - 200 13782 application/javascript; charset=utf-8 3.2236ms
[2024-07-15 15:39:14.572 +06:00  INF]  Request starting HTTP/1.1 GET http://localhost:5091/_framework/aspnetcore-browser-refresh.js - null null
[2024-07-15 15:39:14.572 +06:00  INF]  Request finished HTTP/1.1 GET http://localhost:5091/_framework/aspnetcore-browser-refresh.js - 200 13782 application/javascript; charset=utf-8 0.7952ms
[2024-07-15 15:39:14.581 +06:00  INF]  Request finished HTTP/1.1 GET http://localhost:5091/_vs/browserLink - 200 null text/javascript; charset=UTF-8 25.3949ms
[2024-07-15 15:39:14.757 +06:00  INF]  Request starting HTTP/1.1 GET http://localhost:5091/swagger/v1/swagger.json - null null
[2024-07-15 15:39:14.823 +06:00  INF]  Request finished HTTP/1.1 GET http://localhost:5091/swagger/v1/swagger.json - 200 null application/json;charset=utf-8 65.8987ms
[2024-07-15 15:39:15.633 +06:00  INF]  Request starting HTTP/1.1 GET http://localhost:5091/_vs/browserLink - null null
[2024-07-15 15:39:15.642 +06:00  INF]  Request finished HTTP/1.1 GET http://localhost:5091/_vs/browserLink - 200 null text/javascript; charset=UTF-8 9.2632ms
[2024-07-15 15:39:18.095 +06:00  INF]  Request starting HTTP/1.1 GET http://localhost:5091/WeatherForecast - null null
[2024-07-15 15:39:18.100 +06:00  INF]  Executing endpoint 'EntityFrameWorkWithCore.Controllers.WeatherForecastController.Get (EntityFrameWorkWithCore)'
[2024-07-15 15:39:18.109 +06:00  INF]  Route matched with {action = "Get", controller = "WeatherForecast"}. Executing controller action with signature System.Collections.Generic.IEnumerable`1[EntityFrameWorkWithCore.WeatherForecast] Get() on controller EntityFrameWorkWithCore.Controllers.WeatherForecastController (EntityFrameWorkWithCore).
[2024-07-15 15:39:18.110 +06:00  INF]  Today was so sunny!!
[2024-07-15 15:39:18.113 +06:00  INF]  Executing ObjectResult, writing value of type 'EntityFrameWorkWithCore.WeatherForecast[]'.
[2024-07-15 15:39:18.123 +06:00  INF]  Executed action EntityFrameWorkWithCore.Controllers.WeatherForecastController.Get (EntityFrameWorkWithCore) in 11.5738ms
[2024-07-15 15:39:18.123 +06:00  INF]  Executed endpoint 'EntityFrameWorkWithCore.Controllers.WeatherForecastController.Get (EntityFrameWorkWithCore)'
[2024-07-15 15:39:18.123 +06:00  INF]  Request finished HTTP/1.1 GET http://localhost:5091/WeatherForecast - 200 null application/json; charset=utf-8 27.8769ms
[2024-07-15 15:40:36.927 +06:00  INF]  User profile is available. Using 'C:\Users\ziaul\AppData\Local\ASP.NET\DataProtection-Keys' as key repository and Windows DPAPI to encrypt keys at rest.
[2024-07-15 15:40:37.029 +06:00  INF]  Now listening on: http://localhost:5091
[2024-07-15 15:40:37.030 +06:00  INF]  Application started. Press Ctrl+C to shut down.
[2024-07-15 15:40:37.030 +06:00  INF]  Hosting environment: Development
[2024-07-15 15:40:37.030 +06:00  INF]  Content root path: C:\Users\ziaul\source\repos\EntityFrameWorkWithCore\EntityFrameWorkWithCore
[2024-07-15 15:40:37.256 +06:00  INF]  Request starting HTTP/1.1 GET http://localhost:5091/swagger/index.html - null null
[2024-07-15 15:40:37.425 +06:00  INF]  Request finished HTTP/1.1 GET http://localhost:5091/swagger/index.html - 200 null text/html;charset=utf-8 172.9411ms
[2024-07-15 15:40:37.440 +06:00  INF]  Request starting HTTP/1.1 GET http://localhost:5091/_framework/aspnetcore-browser-refresh.js - null null
[2024-07-15 15:40:37.442 +06:00  INF]  Request finished HTTP/1.1 GET http://localhost:5091/_framework/aspnetcore-browser-refresh.js - 200 13782 application/javascript; charset=utf-8 2.5103ms
[2024-07-15 15:40:37.442 +06:00  INF]  Request starting HTTP/1.1 GET http://localhost:5091/_vs/browserLink - null null
[2024-07-15 15:40:37.462 +06:00  INF]  Request finished HTTP/1.1 GET http://localhost:5091/_vs/browserLink - 200 null text/javascript; charset=UTF-8 20.3802ms
[2024-07-15 15:40:37.560 +06:00  INF]  Request starting HTTP/1.1 GET http://localhost:5091/swagger/v1/swagger.json - null null
[2024-07-15 15:40:37.617 +06:00  INF]  Request finished HTTP/1.1 GET http://localhost:5091/swagger/v1/swagger.json - 200 null application/json;charset=utf-8 57.0838ms
[2024-07-15 15:40:41.933 +06:00  INF]  Request starting HTTP/1.1 GET http://localhost:5091/WeatherForecast - null null
[2024-07-15 15:40:41.939 +06:00  INF]  Executing endpoint 'EntityFrameWorkWithCore.Controllers.WeatherForecastController.Get (EntityFrameWorkWithCore)'
[2024-07-15 15:40:41.948 +06:00  INF]  Route matched with {action = "Get", controller = "WeatherForecast"}. Executing controller action with signature System.Collections.Generic.IEnumerable`1[EntityFrameWorkWithCore.WeatherForecast] Get() on controller EntityFrameWorkWithCore.Controllers.WeatherForecastController (EntityFrameWorkWithCore).
[2024-07-15 15:40:41.949 +06:00  INF]  Today was so sunny!!
[2024-07-15 15:40:41.952 +06:00  INF]  Executing ObjectResult, writing value of type 'EntityFrameWorkWithCore.WeatherForecast[]'.
[2024-07-15 15:40:41.961 +06:00  INF]  Executed action EntityFrameWorkWithCore.Controllers.WeatherForecastController.Get (EntityFrameWorkWithCore) in 11.2209ms
[2024-07-15 15:40:41.961 +06:00  INF]  Executed endpoint 'EntityFrameWorkWithCore.Controllers.WeatherForecastController.Get (EntityFrameWorkWithCore)'
[2024-07-15 15:40:41.961 +06:00  INF]  Request finished HTTP/1.1 GET http://localhost:5091/WeatherForecast - 200 null application/json; charset=utf-8 28.0982ms
